------------------------------------------------------------------------------------------------------------------------

[2020-10-19 00:13:47 #1 store] 
Database 'C:\Users\reiba\git\Bets2021_SI2\src\main\resources\bets.temp' has been recovered (tr. 159-166)

[2020-10-19 00:13:47 #2 store] 
Database 'C:\Users\reiba\git\Bets2021_SI2\src\main\resources\bets.temp' is opened by 14580@P

[2020-10-19 00:13:47 #3 type] 
Type domain.Kuota is not enhanced.

[2020-10-19 00:13:47 #4 type] 
Type domain.Question is not enhanced.

[2020-10-19 00:13:47 #5 type] 
Type domain.Event is not enhanced.

[2020-10-19 00:13:47 #6 type] 
Type domain.Erabiltzaile is not enhanced.

[2020-10-19 00:13:47 #7 type] 
Type domain.Admin is not enhanced.

[2020-10-19 00:13:47 #8 type] 
Type domain.Mugimendu is not enhanced.

[2020-10-19 00:13:47 #9 type] 
Type domain.Apustua is not enhanced.

[2020-10-19 00:13:47 #10 type] 
Type domain.Bezero is not enhanced.

[2020-10-19 00:13:47 #11 type] 
Type domain.DiruMug is not enhanced.

------------------------------------------------------------------------------------------------------------------------

[2020-10-19 09:23:47 #1 store] 
Database 'C:\Users\reiba\git\Bets2021_SI2\src\main\resources\bets.temp' has been recovered (tr. 167-180)

[2020-10-19 09:23:48 #2 store] 
Database 'C:\Users\reiba\git\Bets2021_SI2\src\main\resources\bets.temp' is opened by 5708@P

[2020-10-19 09:23:48 #3 type] 
Type domain.Kuota is not enhanced.

[2020-10-19 09:23:48 #4 type] 
Type domain.Question is not enhanced.

[2020-10-19 09:23:48 #5 type] 
Type domain.Event is not enhanced.

[2020-10-19 09:23:48 #6 type] 
Type domain.Erabiltzaile is not enhanced.

[2020-10-19 09:23:48 #7 type] 
Type domain.Admin is not enhanced.

[2020-10-19 09:23:48 #8 type] 
Type domain.Mugimendu is not enhanced.

[2020-10-19 09:23:48 #9 type] 
Type domain.Apustua is not enhanced.

[2020-10-19 09:23:48 #10 type] 
Type domain.Bezero is not enhanced.

[2020-10-19 09:23:48 #11 type] 
Type domain.DiruMug is not enhanced.

------------------------------------------------------------------------------------------------------------------------

[2020-10-19 11:33:53 #1 store] 
Database 'C:\Users\reiba\git\Bets2021_SI2\src\main\resources\bets.temp' has been recovered (tr. 181-188)

[2020-10-19 11:33:53 #2 store] 
Database 'C:\Users\reiba\git\Bets2021_SI2\src\main\resources\bets.temp' is opened by 11432@P

[2020-10-19 11:33:53 #3 type] 
Type domain.Kuota is not enhanced.

[2020-10-19 11:33:53 #4 type] 
Type domain.Question is not enhanced.

[2020-10-19 11:33:53 #5 type] 
Type domain.Event is not enhanced.

[2020-10-19 11:33:53 #6 type] 
Type domain.Erabiltzaile is not enhanced.

[2020-10-19 11:33:53 #7 type] 
Type domain.Admin is not enhanced.

[2020-10-19 11:33:53 #8 type] 
Type domain.Mugimendu is not enhanced.

[2020-10-19 11:33:53 #9 type] 
Type domain.Apustua is not enhanced.

[2020-10-19 11:33:53 #10 type] 
Type domain.Bezero is not enhanced.

[2020-10-19 11:33:53 #11 type] 
Type domain.DiruMug is not enhanced.

------------------------------------------------------------------------------------------------------------------------

[2020-10-19 11:36:56 #1 store] 
Database 'C:\Users\reiba\git\Bets2021_SI2\src\main\resources\bets.temp' is opened by 17116@P

[2020-10-19 11:36:56 #2 type] 
Type domain.Kuota is not enhanced.

[2020-10-19 11:36:56 #3 type] 
Type domain.Question is not enhanced.

[2020-10-19 11:36:56 #4 type] 
Type domain.Event is not enhanced.

[2020-10-19 11:36:56 #5 type] 
Type domain.Erabiltzaile is not enhanced.

[2020-10-19 11:36:56 #6 type] 
Type domain.Admin is not enhanced.

[2020-10-19 11:36:56 #7 type] 
Type domain.Mugimendu is not enhanced.

[2020-10-19 11:36:56 #8 type] 
Type domain.Apustua is not enhanced.

[2020-10-19 11:36:56 #9 type] 
Type domain.Bezero is not enhanced.

[2020-10-19 11:36:56 #10 type] 
Type domain.DiruMug is not enhanced.

------------------------------------------------------------------------------------------------------------------------

[2020-10-19 11:38:59 #1 store] 
Database 'C:\Users\reiba\git\Bets2021_SI2\src\main\resources\bets.temp' is opened by 9164@P

[2020-10-19 11:38:59 #2 type] 
Type domain.Kuota is not enhanced.

[2020-10-19 11:38:59 #3 type] 
Type domain.Question is not enhanced.

[2020-10-19 11:38:59 #4 type] 
Type domain.Event is not enhanced.

[2020-10-19 11:38:59 #5 type] 
Type domain.Erabiltzaile is not enhanced.

[2020-10-19 11:38:59 #6 type] 
Type domain.Admin is not enhanced.

[2020-10-19 11:38:59 #7 type] 
Type domain.Mugimendu is not enhanced.

[2020-10-19 11:38:59 #8 type] 
Type domain.Apustua is not enhanced.

[2020-10-19 11:38:59 #9 type] 
Type domain.Bezero is not enhanced.

[2020-10-19 11:38:59 #10 type] 
Type domain.DiruMug is not enhanced.

------------------------------------------------------------------------------------------------------------------------

[2020-10-19 11:43:07 #1 store] 
Database 'C:\Users\reiba\git\Bets2021_SI2\src\main\resources\bets.temp' is opened by 8456@P

[2020-10-19 11:43:07 #2 type] 
Type domain.Kuota is not enhanced.

[2020-10-19 11:43:07 #3 type] 
Type domain.Question is not enhanced.

[2020-10-19 11:43:07 #4 type] 
Type domain.Event is not enhanced.

[2020-10-19 11:43:07 #5 type] 
Type domain.Erabiltzaile is not enhanced.

[2020-10-19 11:43:07 #6 type] 
Type domain.Admin is not enhanced.

[2020-10-19 11:43:07 #7 type] 
Type domain.Mugimendu is not enhanced.

[2020-10-19 11:43:07 #8 type] 
Type domain.Apustua is not enhanced.

[2020-10-19 11:43:07 #9 type] 
Type domain.Bezero is not enhanced.

[2020-10-19 11:43:07 #10 type] 
Type domain.DiruMug is not enhanced.

------------------------------------------------------------------------------------------------------------------------

[2020-10-19 11:45:35 #1 store] 
Database 'C:\Users\reiba\git\Bets2021_SI2\src\main\resources\bets.temp' is opened by 17584@P

[2020-10-19 11:45:36 #2 type] 
Type domain.Kuota is not enhanced.

[2020-10-19 11:45:36 #3 type] 
Type domain.Question is not enhanced.

[2020-10-19 11:45:36 #4 type] 
Type domain.Event is not enhanced.

[2020-10-19 11:45:36 #5 type] 
Type domain.Erabiltzaile is not enhanced.

[2020-10-19 11:45:36 #6 type] 
Type domain.Admin is not enhanced.

[2020-10-19 11:45:36 #7 type] 
Type domain.Mugimendu is not enhanced.

[2020-10-19 11:45:36 #8 type] 
Type domain.Apustua is not enhanced.

[2020-10-19 11:45:36 #9 type] 
Type domain.Bezero is not enhanced.

[2020-10-19 11:45:36 #10 type] 
Type domain.DiruMug is not enhanced.

------------------------------------------------------------------------------------------------------------------------

[2020-10-19 11:49:34 #1 store] 
Database 'C:\Users\reiba\git\Bets2021_SI2\src\main\resources\bets.temp' is opened by 6744@P

[2020-10-19 11:49:34 #2 type] 
Type domain.Kuota is not enhanced.

[2020-10-19 11:49:34 #3 type] 
Type domain.Question is not enhanced.

[2020-10-19 11:49:34 #4 type] 
Type domain.Event is not enhanced.

[2020-10-19 11:49:34 #5 type] 
Type domain.Erabiltzaile is not enhanced.

[2020-10-19 11:49:34 #6 type] 
Type domain.Admin is not enhanced.

[2020-10-19 11:49:34 #7 type] 
Type domain.Mugimendu is not enhanced.

[2020-10-19 11:49:34 #8 type] 
Type domain.Apustua is not enhanced.

[2020-10-19 11:49:34 #9 type] 
Type domain.Bezero is not enhanced.

[2020-10-19 11:49:34 #10 type] 
Type domain.DiruMug is not enhanced.

------------------------------------------------------------------------------------------------------------------------

[2020-10-19 11:49:53 #1 store] 
Database 'C:\Users\reiba\git\Bets2021_SI2\src\main\resources\bets.temp' is opened by 11340@P

[2020-10-19 11:49:53 #2 type] 
Type domain.Kuota is not enhanced.

[2020-10-19 11:49:53 #3 type] 
Type domain.Question is not enhanced.

[2020-10-19 11:49:53 #4 type] 
Type domain.Event is not enhanced.

[2020-10-19 11:49:53 #5 type] 
Type domain.Erabiltzaile is not enhanced.

[2020-10-19 11:49:53 #6 type] 
Type domain.Admin is not enhanced.

[2020-10-19 11:49:53 #7 type] 
Type domain.Mugimendu is not enhanced.

[2020-10-19 11:49:53 #8 type] 
Type domain.Apustua is not enhanced.

[2020-10-19 11:49:53 #9 type] 
Type domain.Bezero is not enhanced.

[2020-10-19 11:49:53 #10 type] 
Type domain.DiruMug is not enhanced.

------------------------------------------------------------------------------------------------------------------------

[2020-10-19 11:52:49 #1 store] 
Database 'C:\Users\reiba\git\Bets2021_SI2\src\main\resources\bets.temp' is opened by 17984@P

[2020-10-19 11:52:49 #2 type] 
Type domain.Kuota is not enhanced.

[2020-10-19 11:52:49 #3 type] 
Type domain.Question is not enhanced.

[2020-10-19 11:52:49 #4 type] 
Type domain.Event is not enhanced.

[2020-10-19 11:52:49 #5 type] 
Type domain.Erabiltzaile is not enhanced.

[2020-10-19 11:52:49 #6 type] 
Type domain.Admin is not enhanced.

[2020-10-19 11:52:49 #7 type] 
Type domain.Mugimendu is not enhanced.

[2020-10-19 11:52:49 #8 type] 
Type domain.Apustua is not enhanced.

[2020-10-19 11:52:49 #9 type] 
Type domain.Bezero is not enhanced.

[2020-10-19 11:52:49 #10 type] 
Type domain.DiruMug is not enhanced.

------------------------------------------------------------------------------------------------------------------------

[2020-10-19 11:56:22 #1 store] 
Database 'C:\Users\reiba\git\Bets2021_SI2\src\main\resources\bets.temp' is opened by 1664@P

[2020-10-19 11:56:22 #2 type] 
Type domain.Kuota is not enhanced.

[2020-10-19 11:56:22 #3 type] 
Type domain.Question is not enhanced.

[2020-10-19 11:56:22 #4 type] 
Type domain.Event is not enhanced.

[2020-10-19 11:56:22 #5 type] 
Type domain.Erabiltzaile is not enhanced.

[2020-10-19 11:56:22 #6 type] 
Type domain.Admin is not enhanced.

[2020-10-19 11:56:22 #7 type] 
Type domain.Mugimendu is not enhanced.

[2020-10-19 11:56:22 #8 type] 
Type domain.Apustua is not enhanced.

[2020-10-19 11:56:22 #9 type] 
Type domain.Bezero is not enhanced.

[2020-10-19 11:56:22 #10 type] 
Type domain.DiruMug is not enhanced.

------------------------------------------------------------------------------------------------------------------------

[2020-10-19 12:04:44 #1 store] 
Database 'C:\Users\reiba\git\Bets2021_SI2\src\main\resources\bets.temp' is opened by 4900@P

[2020-10-19 12:04:44 #2 type] 
Type domain.Kuota is not enhanced.

[2020-10-19 12:04:44 #3 type] 
Type domain.Question is not enhanced.

[2020-10-19 12:04:44 #4 type] 
Type domain.Event is not enhanced.

[2020-10-19 12:04:44 #5 type] 
Type domain.Erabiltzaile is not enhanced.

[2020-10-19 12:04:44 #6 type] 
Type domain.Admin is not enhanced.

[2020-10-19 12:04:44 #7 type] 
Type domain.Mugimendu is not enhanced.

[2020-10-19 12:04:44 #8 type] 
Type domain.Apustua is not enhanced.

[2020-10-19 12:04:44 #9 type] 
Type domain.Bezero is not enhanced.

[2020-10-19 12:04:44 #10 type] 
Type domain.DiruMug is not enhanced.

------------------------------------------------------------------------------------------------------------------------

[2020-10-19 15:23:41 #1 store] 
Database 'C:\Users\reiba\git\Bets2021_SI2\src\main\resources\bets.temp' is opened by 19264@P

[2020-10-19 15:23:42 #2 type] 
Type domain.Kuota is not enhanced.

[2020-10-19 15:23:42 #3 type] 
Type domain.Question is not enhanced.

[2020-10-19 15:23:42 #4 type] 
Type domain.Event is not enhanced.

[2020-10-19 15:23:42 #5 type] 
Type domain.Erabiltzaile is not enhanced.

[2020-10-19 15:23:42 #6 type] 
Type domain.Admin is not enhanced.

[2020-10-19 15:23:42 #7 type] 
Type domain.Mugimendu is not enhanced.

[2020-10-19 15:23:42 #8 type] 
Type domain.Apustua is not enhanced.

[2020-10-19 15:23:42 #9 type] 
Type domain.Bezero is not enhanced.

[2020-10-19 15:23:42 #10 type] 
Type domain.DiruMug is not enhanced.

------------------------------------------------------------------------------------------------------------------------

[2020-10-19 15:24:00 #1 store] 
Database 'C:\Users\reiba\git\Bets2021_SI2\src\main\resources\bets.temp' has been recovered (tr. 189-205)

[2020-10-19 15:24:00 #2 store] 
Database 'C:\Users\reiba\git\Bets2021_SI2\src\main\resources\bets.temp' is opened by 2460@P

[2020-10-19 15:24:01 #3 type] 
Type domain.Kuota is not enhanced.

[2020-10-19 15:24:01 #4 type] 
Type domain.Question is not enhanced.

[2020-10-19 15:24:01 #5 type] 
Type domain.Event is not enhanced.

[2020-10-19 15:24:01 #6 type] 
Type domain.Erabiltzaile is not enhanced.

[2020-10-19 15:24:01 #7 type] 
Type domain.Admin is not enhanced.

[2020-10-19 15:24:01 #8 type] 
Type domain.Mugimendu is not enhanced.

[2020-10-19 15:24:01 #9 type] 
Type domain.Apustua is not enhanced.

[2020-10-19 15:24:01 #10 type] 
Type domain.Bezero is not enhanced.

[2020-10-19 15:24:01 #11 type] 
Type domain.DiruMug is not enhanced.

------------------------------------------------------------------------------------------------------------------------

[2020-10-19 15:24:53 #1 store] 
Database 'C:\Users\reiba\git\Bets2021_SI2\src\main\resources\bets.temp' has been recovered (tr. 206-222)

[2020-10-19 15:24:53 #2 store] 
Database 'C:\Users\reiba\git\Bets2021_SI2\src\main\resources\bets.temp' is opened by 10272@P

[2020-10-19 15:24:53 #3 type] 
Type domain.Kuota is not enhanced.

[2020-10-19 15:24:53 #4 type] 
Type domain.Question is not enhanced.

[2020-10-19 15:24:53 #5 type] 
Type domain.Event is not enhanced.

[2020-10-19 15:24:53 #6 type] 
Type domain.Erabiltzaile is not enhanced.

[2020-10-19 15:24:53 #7 type] 
Type domain.Admin is not enhanced.

[2020-10-19 15:24:53 #8 type] 
Type domain.Mugimendu is not enhanced.

[2020-10-19 15:24:53 #9 type] 
Type domain.Apustua is not enhanced.

[2020-10-19 15:24:53 #10 type] 
Type domain.Bezero is not enhanced.

[2020-10-19 15:24:53 #11 type] 
Type domain.DiruMug is not enhanced.

------------------------------------------------------------------------------------------------------------------------

[2020-10-19 16:03:05 #1 store] 
Database 'C:\Users\reiba\git\Bets2021_SI2\src\main\resources\bets.temp' has been recovered (tr. 223-239)

[2020-10-19 16:03:05 #2 store] 
Database 'C:\Users\reiba\git\Bets2021_SI2\src\main\resources\bets.temp' is opened by 16484@P

[2020-10-19 16:03:05 #3 type] 
Type domain.Kuota is not enhanced.

[2020-10-19 16:03:05 #4 type] 
Type domain.Question is not enhanced.

[2020-10-19 16:03:05 #5 type] 
Type domain.Event is not enhanced.

[2020-10-19 16:03:05 #6 type] 
Type domain.Erabiltzaile is not enhanced.

[2020-10-19 16:03:05 #7 type] 
Type domain.Admin is not enhanced.

[2020-10-19 16:03:05 #8 type] 
Type domain.Mugimendu is not enhanced.

[2020-10-19 16:03:06 #9 type] 
Type domain.Apustua is not enhanced.

[2020-10-19 16:03:06 #10 type] 
Type domain.Bezero is not enhanced.

[2020-10-19 16:03:06 #11 type] 
Type domain.DiruMug is not enhanced.

------------------------------------------------------------------------------------------------------------------------

[2020-10-19 16:08:47 #1 store] 
Database 'C:\Users\reiba\git\Bets2021_SI2\src\main\resources\bets.temp' has been recovered (tr. 240-256)

[2020-10-19 16:08:47 #2 store] 
Database 'C:\Users\reiba\git\Bets2021_SI2\src\main\resources\bets.temp' is opened by 5680@P

[2020-10-19 16:08:47 #3 type] 
Type domain.Kuota is not enhanced.

[2020-10-19 16:08:47 #4 type] 
Type domain.Question is not enhanced.

[2020-10-19 16:08:47 #5 type] 
Type domain.Event is not enhanced.

[2020-10-19 16:08:47 #6 type] 
Type domain.Erabiltzaile is not enhanced.

[2020-10-19 16:08:47 #7 type] 
Type domain.Admin is not enhanced.

[2020-10-19 16:08:47 #8 type] 
Type domain.Mugimendu is not enhanced.

[2020-10-19 16:08:47 #9 type] 
Type domain.Apustua is not enhanced.

[2020-10-19 16:08:47 #10 type] 
Type domain.Bezero is not enhanced.

[2020-10-19 16:08:47 #11 type] 
Type domain.DiruMug is not enhanced.

