------------------------------------------------------------------------------------------------------------------------

[2020-10-18 11:56:08 #1 store] 
Database 'C:\Users\Xabier Larrea\git\Bets2021_SI2\src\main\resources\bets.temp' is opened by 11064@Xabier-PC

[2020-10-18 11:56:08 #2 type] 
Type domain.Kuota is not enhanced.

[2020-10-18 11:56:08 #3 type] 
Type domain.Question is not enhanced.

[2020-10-18 11:56:08 #4 type] 
Type domain.Event is not enhanced.

[2020-10-18 11:56:08 #5 type] 
Type domain.Erabiltzaile is not enhanced.

[2020-10-18 11:56:08 #6 type] 
Type domain.Admin is not enhanced.

[2020-10-18 11:56:08 #7 type] 
Type domain.Mugimendu is not enhanced.

[2020-10-18 11:56:08 #8 type] 
Type domain.Apustua is not enhanced.

[2020-10-18 11:56:08 #9 type] 
Type domain.Bezero is not enhanced.

[2020-10-18 11:56:08 #10 type] 
Type domain.DiruMug is not enhanced.

------------------------------------------------------------------------------------------------------------------------

[2020-10-18 12:07:17 #1 store] 
Database 'C:\Users\Xabier Larrea\git\Bets2021_SI2\src\main\resources\bets.temp' is opened by 5084@Xabier-PC

[2020-10-18 12:07:17 #2 type] 
Type domain.Kuota is not enhanced.

[2020-10-18 12:07:17 #3 type] 
Type domain.Question is not enhanced.

[2020-10-18 12:07:17 #4 type] 
Type domain.Event is not enhanced.

[2020-10-18 12:07:17 #5 type] 
Type domain.Erabiltzaile is not enhanced.

[2020-10-18 12:07:17 #6 type] 
Type domain.Admin is not enhanced.

[2020-10-18 12:07:17 #7 type] 
Type domain.Mugimendu is not enhanced.

[2020-10-18 12:07:17 #8 type] 
Type domain.Apustua is not enhanced.

[2020-10-18 12:07:17 #9 type] 
Type domain.Bezero is not enhanced.

[2020-10-18 12:07:17 #10 type] 
Type domain.DiruMug is not enhanced.

------------------------------------------------------------------------------------------------------------------------

[2020-10-18 12:15:01 #1 store] 
Database 'C:\Users\Xabier Larrea\git\Bets2021_SI2\src\main\resources\bets.temp' is opened by 10064@Xabier-PC

[2020-10-18 12:15:01 #2 type] 
Type domain.Kuota is not enhanced.

[2020-10-18 12:15:01 #3 type] 
Type domain.Question is not enhanced.

[2020-10-18 12:15:01 #4 type] 
Type domain.Event is not enhanced.

[2020-10-18 12:15:01 #5 type] 
Type domain.Erabiltzaile is not enhanced.

[2020-10-18 12:15:01 #6 type] 
Type domain.Admin is not enhanced.

[2020-10-18 12:15:01 #7 type] 
Type domain.Mugimendu is not enhanced.

[2020-10-18 12:15:01 #8 type] 
Type domain.Apustua is not enhanced.

[2020-10-18 12:15:01 #9 type] 
Type domain.Bezero is not enhanced.

[2020-10-18 12:15:01 #10 type] 
Type domain.DiruMug is not enhanced.

------------------------------------------------------------------------------------------------------------------------

[2020-10-18 14:16:52 #1 store] 
Database 'C:\Users\reiba\git\Bets2021_SI2\src\main\resources\bets.temp' is opened by 11724@P

[2020-10-18 14:16:52 #2 type] 
Type domain.Kuota is not enhanced.

[2020-10-18 14:16:52 #3 type] 
Type domain.Question is not enhanced.

[2020-10-18 14:16:52 #4 type] 
Type domain.Event is not enhanced.

[2020-10-18 14:16:52 #5 type] 
Type domain.Erabiltzaile is not enhanced.

[2020-10-18 14:16:52 #6 type] 
Type domain.Admin is not enhanced.

[2020-10-18 14:16:52 #7 type] 
Type domain.Mugimendu is not enhanced.

[2020-10-18 14:16:52 #8 type] 
Type domain.Apustua is not enhanced.

[2020-10-18 14:16:52 #9 type] 
Type domain.Bezero is not enhanced.

[2020-10-18 14:16:52 #10 type] 
Type domain.DiruMug is not enhanced.

------------------------------------------------------------------------------------------------------------------------

[2020-10-18 15:46:10 #1 store] 
Database 'C:\Users\reiba\git\Bets2021_SI2\src\main\resources\bets.temp' is opened by 6644@P

[2020-10-18 15:46:11 #2 type] 
Type domain.Kuota is not enhanced.

[2020-10-18 15:46:11 #3 type] 
Type domain.Question is not enhanced.

[2020-10-18 15:46:11 #4 type] 
Type domain.Event is not enhanced.

[2020-10-18 15:46:11 #5 type] 
Type domain.Erabiltzaile is not enhanced.

[2020-10-18 15:46:11 #6 type] 
Type domain.Admin is not enhanced.

[2020-10-18 15:46:11 #7 type] 
Type domain.Mugimendu is not enhanced.

[2020-10-18 15:46:11 #8 type] 
Type domain.Apustua is not enhanced.

[2020-10-18 15:46:11 #9 type] 
Type domain.Bezero is not enhanced.

[2020-10-18 15:46:11 #10 type] 
Type domain.DiruMug is not enhanced.

------------------------------------------------------------------------------------------------------------------------

[2020-10-18 15:46:53 #1 store] 
Database 'C:\Users\reiba\git\Bets2021_SI2\src\main\resources\bets.temp' is opened by 12812@P

[2020-10-18 15:46:53 #2 type] 
Type domain.Kuota is not enhanced.

[2020-10-18 15:46:53 #3 type] 
Type domain.Question is not enhanced.

[2020-10-18 15:46:53 #4 type] 
Type domain.Event is not enhanced.

[2020-10-18 15:46:53 #5 type] 
Type domain.Erabiltzaile is not enhanced.

[2020-10-18 15:46:53 #6 type] 
Type domain.Admin is not enhanced.

[2020-10-18 15:46:53 #7 type] 
Type domain.Mugimendu is not enhanced.

[2020-10-18 15:46:53 #8 type] 
Type domain.Apustua is not enhanced.

[2020-10-18 15:46:53 #9 type] 
Type domain.Bezero is not enhanced.

[2020-10-18 15:46:53 #10 type] 
Type domain.DiruMug is not enhanced.

------------------------------------------------------------------------------------------------------------------------

[2020-10-18 15:47:10 #1 store] 
Database 'C:\Users\reiba\git\Bets2021_SI2\src\main\resources\bets.temp' is opened by 23312@P

[2020-10-18 15:47:10 #2 type] 
Type domain.Kuota is not enhanced.

[2020-10-18 15:47:10 #3 type] 
Type domain.Question is not enhanced.

[2020-10-18 15:47:10 #4 type] 
Type domain.Event is not enhanced.

[2020-10-18 15:47:10 #5 type] 
Type domain.Erabiltzaile is not enhanced.

[2020-10-18 15:47:10 #6 type] 
Type domain.Admin is not enhanced.

[2020-10-18 15:47:10 #7 type] 
Type domain.Mugimendu is not enhanced.

[2020-10-18 15:47:10 #8 type] 
Type domain.Apustua is not enhanced.

[2020-10-18 15:47:10 #9 type] 
Type domain.Bezero is not enhanced.

[2020-10-18 15:47:10 #10 type] 
Type domain.DiruMug is not enhanced.

------------------------------------------------------------------------------------------------------------------------

[2020-10-18 15:48:03 #1 store] 
Database 'C:\Users\reiba\git\Bets2021_SI2\src\main\resources\bets.temp' is opened by 20464@P

[2020-10-18 15:48:03 #2 type] 
Type domain.Kuota is not enhanced.

[2020-10-18 15:48:03 #3 type] 
Type domain.Question is not enhanced.

[2020-10-18 15:48:03 #4 type] 
Type domain.Event is not enhanced.

[2020-10-18 15:48:03 #5 type] 
Type domain.Erabiltzaile is not enhanced.

[2020-10-18 15:48:03 #6 type] 
Type domain.Admin is not enhanced.

[2020-10-18 15:48:03 #7 type] 
Type domain.Mugimendu is not enhanced.

[2020-10-18 15:48:03 #8 type] 
Type domain.Apustua is not enhanced.

[2020-10-18 15:48:03 #9 type] 
Type domain.Bezero is not enhanced.

[2020-10-18 15:48:03 #10 type] 
Type domain.DiruMug is not enhanced.

------------------------------------------------------------------------------------------------------------------------

[2020-10-18 15:48:41 #1 store] 
Database 'C:\Users\reiba\git\Bets2021_SI2\src\main\resources\bets.temp' is opened by 23652@P

[2020-10-18 15:48:41 #2 type] 
Type domain.Kuota is not enhanced.

[2020-10-18 15:48:41 #3 type] 
Type domain.Question is not enhanced.

[2020-10-18 15:48:41 #4 type] 
Type domain.Event is not enhanced.

[2020-10-18 15:48:41 #5 type] 
Type domain.Erabiltzaile is not enhanced.

[2020-10-18 15:48:41 #6 type] 
Type domain.Admin is not enhanced.

[2020-10-18 15:48:41 #7 type] 
Type domain.Mugimendu is not enhanced.

[2020-10-18 15:48:41 #8 type] 
Type domain.Apustua is not enhanced.

[2020-10-18 15:48:41 #9 type] 
Type domain.Bezero is not enhanced.

[2020-10-18 15:48:41 #10 type] 
Type domain.DiruMug is not enhanced.

------------------------------------------------------------------------------------------------------------------------

[2020-10-18 15:48:54 #1 store] 
Database 'C:\Users\reiba\git\Bets2021_SI2\src\main\resources\bets.temp' is opened by 22288@P

[2020-10-18 15:48:54 #2 type] 
Type domain.Kuota is not enhanced.

[2020-10-18 15:48:54 #3 type] 
Type domain.Question is not enhanced.

[2020-10-18 15:48:54 #4 type] 
Type domain.Event is not enhanced.

[2020-10-18 15:48:54 #5 type] 
Type domain.Erabiltzaile is not enhanced.

[2020-10-18 15:48:54 #6 type] 
Type domain.Admin is not enhanced.

[2020-10-18 15:48:54 #7 type] 
Type domain.Mugimendu is not enhanced.

[2020-10-18 15:48:54 #8 type] 
Type domain.Apustua is not enhanced.

[2020-10-18 15:48:54 #9 type] 
Type domain.Bezero is not enhanced.

[2020-10-18 15:48:54 #10 type] 
Type domain.DiruMug is not enhanced.

------------------------------------------------------------------------------------------------------------------------

[2020-10-18 15:51:25 #1 store] 
Database 'C:\Users\reiba\git\Bets2021_SI2\src\main\resources\bets.temp' is opened by 20772@P

[2020-10-18 15:51:25 #2 type] 
Type domain.Kuota is not enhanced.

[2020-10-18 15:51:25 #3 type] 
Type domain.Question is not enhanced.

[2020-10-18 15:51:25 #4 type] 
Type domain.Event is not enhanced.

[2020-10-18 15:51:25 #5 type] 
Type domain.Erabiltzaile is not enhanced.

[2020-10-18 15:51:25 #6 type] 
Type domain.Admin is not enhanced.

[2020-10-18 15:51:25 #7 type] 
Type domain.Mugimendu is not enhanced.

[2020-10-18 15:51:25 #8 type] 
Type domain.Apustua is not enhanced.

[2020-10-18 15:51:25 #9 type] 
Type domain.Bezero is not enhanced.

[2020-10-18 15:51:25 #10 type] 
Type domain.DiruMug is not enhanced.

------------------------------------------------------------------------------------------------------------------------

[2020-10-18 15:53:44 #1 store] 
Database 'C:\Users\reiba\git\Bets2021_SI2\src\main\resources\bets.temp' is opened by 21068@P

[2020-10-18 15:53:44 #2 type] 
Type domain.Kuota is not enhanced.

[2020-10-18 15:53:44 #3 type] 
Type domain.Question is not enhanced.

[2020-10-18 15:53:44 #4 type] 
Type domain.Event is not enhanced.

[2020-10-18 15:53:44 #5 type] 
Type domain.Erabiltzaile is not enhanced.

[2020-10-18 15:53:44 #6 type] 
Type domain.Admin is not enhanced.

[2020-10-18 15:53:44 #7 type] 
Type domain.Mugimendu is not enhanced.

[2020-10-18 15:53:44 #8 type] 
Type domain.Apustua is not enhanced.

[2020-10-18 15:53:44 #9 type] 
Type domain.Bezero is not enhanced.

[2020-10-18 15:53:44 #10 type] 
Type domain.DiruMug is not enhanced.

------------------------------------------------------------------------------------------------------------------------

[2020-10-18 15:54:24 #1 store] 
Database 'C:\Users\reiba\git\Bets2021_SI2\src\main\resources\bets.temp' is opened by 15988@P

[2020-10-18 15:54:24 #2 type] 
Type domain.Kuota is not enhanced.

[2020-10-18 15:54:24 #3 type] 
Type domain.Question is not enhanced.

[2020-10-18 15:54:24 #4 type] 
Type domain.Event is not enhanced.

[2020-10-18 15:54:24 #5 type] 
Type domain.Erabiltzaile is not enhanced.

[2020-10-18 15:54:24 #6 type] 
Type domain.Admin is not enhanced.

[2020-10-18 15:54:24 #7 type] 
Type domain.Mugimendu is not enhanced.

[2020-10-18 15:54:24 #8 type] 
Type domain.Apustua is not enhanced.

[2020-10-18 15:54:24 #9 type] 
Type domain.Bezero is not enhanced.

[2020-10-18 15:54:24 #10 type] 
Type domain.DiruMug is not enhanced.

------------------------------------------------------------------------------------------------------------------------

[2020-10-18 16:00:28 #1 store] 
Database 'C:\Users\reiba\git\Bets2021_SI2\src\main\resources\bets.temp' is opened by 20344@P

[2020-10-18 16:00:28 #2 type] 
Type domain.Kuota is not enhanced.

[2020-10-18 16:00:28 #3 type] 
Type domain.Question is not enhanced.

[2020-10-18 16:00:28 #4 type] 
Type domain.Event is not enhanced.

[2020-10-18 16:00:29 #5 type] 
Type domain.Erabiltzaile is not enhanced.

[2020-10-18 16:00:29 #6 type] 
Type domain.Admin is not enhanced.

[2020-10-18 16:00:29 #7 type] 
Type domain.Mugimendu is not enhanced.

[2020-10-18 16:00:29 #8 type] 
Type domain.Apustua is not enhanced.

[2020-10-18 16:00:29 #9 type] 
Type domain.Bezero is not enhanced.

[2020-10-18 16:00:29 #10 type] 
Type domain.DiruMug is not enhanced.

------------------------------------------------------------------------------------------------------------------------

[2020-10-18 16:03:35 #1 store] 
Database 'C:\Users\reiba\git\Bets2021_SI2\src\main\resources\bets.temp' is opened by 23624@P

[2020-10-18 16:03:35 #2 type] 
Type domain.Kuota is not enhanced.

[2020-10-18 16:03:35 #3 type] 
Type domain.Question is not enhanced.

[2020-10-18 16:03:35 #4 type] 
Type domain.Event is not enhanced.

[2020-10-18 16:03:35 #5 type] 
Type domain.Erabiltzaile is not enhanced.

[2020-10-18 16:03:35 #6 type] 
Type domain.Admin is not enhanced.

[2020-10-18 16:03:35 #7 type] 
Type domain.Mugimendu is not enhanced.

[2020-10-18 16:03:35 #8 type] 
Type domain.Apustua is not enhanced.

[2020-10-18 16:03:35 #9 type] 
Type domain.Bezero is not enhanced.

[2020-10-18 16:03:35 #10 type] 
Type domain.DiruMug is not enhanced.

------------------------------------------------------------------------------------------------------------------------

[2020-10-18 16:04:56 #1 store] 
Database 'C:\Users\reiba\git\Bets2021_SI2\src\main\resources\bets.temp' is opened by 3176@P

[2020-10-18 16:04:56 #2 type] 
Type domain.Kuota is not enhanced.

[2020-10-18 16:04:56 #3 type] 
Type domain.Question is not enhanced.

[2020-10-18 16:04:56 #4 type] 
Type domain.Event is not enhanced.

[2020-10-18 16:04:56 #5 type] 
Type domain.Erabiltzaile is not enhanced.

[2020-10-18 16:04:56 #6 type] 
Type domain.Admin is not enhanced.

[2020-10-18 16:04:56 #7 type] 
Type domain.Mugimendu is not enhanced.

[2020-10-18 16:04:56 #8 type] 
Type domain.Apustua is not enhanced.

[2020-10-18 16:04:56 #9 type] 
Type domain.Bezero is not enhanced.

[2020-10-18 16:04:56 #10 type] 
Type domain.DiruMug is not enhanced.

------------------------------------------------------------------------------------------------------------------------

[2020-10-18 16:06:55 #1 store] 
Database 'C:\Users\reiba\git\Bets2021_SI2\src\main\resources\bets.temp' is opened by 22980@P

[2020-10-18 16:06:55 #2 type] 
Type domain.Kuota is not enhanced.

[2020-10-18 16:06:55 #3 type] 
Type domain.Question is not enhanced.

[2020-10-18 16:06:55 #4 type] 
Type domain.Event is not enhanced.

[2020-10-18 16:06:55 #5 type] 
Type domain.Erabiltzaile is not enhanced.

[2020-10-18 16:06:55 #6 type] 
Type domain.Admin is not enhanced.

[2020-10-18 16:06:55 #7 type] 
Type domain.Mugimendu is not enhanced.

[2020-10-18 16:06:55 #8 type] 
Type domain.Apustua is not enhanced.

[2020-10-18 16:06:55 #9 type] 
Type domain.Bezero is not enhanced.

[2020-10-18 16:06:55 #10 type] 
Type domain.DiruMug is not enhanced.

------------------------------------------------------------------------------------------------------------------------

[2020-10-18 16:08:11 #1 store] 
Database 'C:\Users\reiba\git\Bets2021_SI2\src\main\resources\bets.temp' is opened by 10184@P

[2020-10-18 16:08:11 #2 type] 
Type domain.Kuota is not enhanced.

[2020-10-18 16:08:11 #3 type] 
Type domain.Question is not enhanced.

[2020-10-18 16:08:11 #4 type] 
Type domain.Event is not enhanced.

[2020-10-18 16:08:11 #5 type] 
Type domain.Erabiltzaile is not enhanced.

[2020-10-18 16:08:11 #6 type] 
Type domain.Admin is not enhanced.

[2020-10-18 16:08:11 #7 type] 
Type domain.Mugimendu is not enhanced.

[2020-10-18 16:08:11 #8 type] 
Type domain.Apustua is not enhanced.

[2020-10-18 16:08:11 #9 type] 
Type domain.Bezero is not enhanced.

[2020-10-18 16:08:11 #10 type] 
Type domain.DiruMug is not enhanced.

------------------------------------------------------------------------------------------------------------------------

[2020-10-18 16:11:24 #1 store] 
Database 'C:\Users\reiba\git\Bets2021_SI2\src\main\resources\bets.temp' is opened by 19152@P

[2020-10-18 16:11:24 #2 type] 
Type domain.Kuota is not enhanced.

[2020-10-18 16:11:24 #3 type] 
Type domain.Question is not enhanced.

[2020-10-18 16:11:24 #4 type] 
Type domain.Event is not enhanced.

[2020-10-18 16:11:24 #5 type] 
Type domain.Erabiltzaile is not enhanced.

[2020-10-18 16:11:24 #6 type] 
Type domain.Admin is not enhanced.

[2020-10-18 16:11:24 #7 type] 
Type domain.Mugimendu is not enhanced.

[2020-10-18 16:11:24 #8 type] 
Type domain.Apustua is not enhanced.

[2020-10-18 16:11:24 #9 type] 
Type domain.Bezero is not enhanced.

[2020-10-18 16:11:24 #10 type] 
Type domain.DiruMug is not enhanced.

------------------------------------------------------------------------------------------------------------------------

[2020-10-18 16:11:40 #1 store] 
Database 'C:\Users\reiba\git\Bets2021_SI2\src\main\resources\bets.temp' is opened by 16152@P

[2020-10-18 16:11:40 #2 type] 
Type domain.Kuota is not enhanced.

[2020-10-18 16:11:40 #3 type] 
Type domain.Question is not enhanced.

[2020-10-18 16:11:40 #4 type] 
Type domain.Event is not enhanced.

[2020-10-18 16:11:40 #5 type] 
Type domain.Erabiltzaile is not enhanced.

[2020-10-18 16:11:40 #6 type] 
Type domain.Admin is not enhanced.

[2020-10-18 16:11:40 #7 type] 
Type domain.Mugimendu is not enhanced.

[2020-10-18 16:11:40 #8 type] 
Type domain.Apustua is not enhanced.

[2020-10-18 16:11:40 #9 type] 
Type domain.Bezero is not enhanced.

[2020-10-18 16:11:40 #10 type] 
Type domain.DiruMug is not enhanced.

------------------------------------------------------------------------------------------------------------------------

[2020-10-18 16:17:11 #1 store] 
Database 'C:\Users\reiba\git\Bets2021_SI2\src\main\resources\bets.temp' is opened by 18900@P

[2020-10-18 16:17:11 #2 type] 
Type domain.Kuota is not enhanced.

[2020-10-18 16:17:11 #3 type] 
Type domain.Question is not enhanced.

[2020-10-18 16:17:11 #4 type] 
Type domain.Event is not enhanced.

[2020-10-18 16:17:11 #5 type] 
Type domain.Erabiltzaile is not enhanced.

[2020-10-18 16:17:11 #6 type] 
Type domain.Admin is not enhanced.

[2020-10-18 16:17:11 #7 type] 
Type domain.Mugimendu is not enhanced.

[2020-10-18 16:17:11 #8 type] 
Type domain.Apustua is not enhanced.

[2020-10-18 16:17:11 #9 type] 
Type domain.Bezero is not enhanced.

[2020-10-18 16:17:11 #10 type] 
Type domain.DiruMug is not enhanced.

------------------------------------------------------------------------------------------------------------------------

[2020-10-18 16:20:44 #1 store] 
Database 'C:\Users\reiba\git\Bets2021_SI2\src\main\resources\bets.temp' is opened by 4188@P

[2020-10-18 16:20:44 #2 type] 
Type domain.Kuota is not enhanced.

[2020-10-18 16:20:44 #3 type] 
Type domain.Question is not enhanced.

[2020-10-18 16:20:44 #4 type] 
Type domain.Event is not enhanced.

[2020-10-18 16:20:44 #5 type] 
Type domain.Erabiltzaile is not enhanced.

[2020-10-18 16:20:44 #6 type] 
Type domain.Admin is not enhanced.

[2020-10-18 16:20:44 #7 type] 
Type domain.Mugimendu is not enhanced.

[2020-10-18 16:20:44 #8 type] 
Type domain.Apustua is not enhanced.

[2020-10-18 16:20:44 #9 type] 
Type domain.Bezero is not enhanced.

[2020-10-18 16:20:44 #10 type] 
Type domain.DiruMug is not enhanced.

------------------------------------------------------------------------------------------------------------------------

[2020-10-18 16:22:58 #1 store] 
Database 'C:\Users\reiba\git\Bets2021_SI2\src\main\resources\bets.temp' is opened by 21752@P

[2020-10-18 16:22:58 #2 type] 
Type domain.Kuota is not enhanced.

[2020-10-18 16:22:58 #3 type] 
Type domain.Question is not enhanced.

[2020-10-18 16:22:58 #4 type] 
Type domain.Event is not enhanced.

[2020-10-18 16:22:58 #5 type] 
Type domain.Erabiltzaile is not enhanced.

[2020-10-18 16:22:58 #6 type] 
Type domain.Admin is not enhanced.

[2020-10-18 16:22:58 #7 type] 
Type domain.Mugimendu is not enhanced.

[2020-10-18 16:22:58 #8 type] 
Type domain.Apustua is not enhanced.

[2020-10-18 16:22:58 #9 type] 
Type domain.Bezero is not enhanced.

[2020-10-18 16:22:58 #10 type] 
Type domain.DiruMug is not enhanced.

------------------------------------------------------------------------------------------------------------------------

[2020-10-18 16:23:13 #1 store] 
Database 'C:\Users\reiba\git\Bets2021_SI2\src\main\resources\bets.temp' is opened by 19544@P

[2020-10-18 16:23:13 #2 type] 
Type domain.Kuota is not enhanced.

[2020-10-18 16:23:13 #3 type] 
Type domain.Question is not enhanced.

[2020-10-18 16:23:13 #4 type] 
Type domain.Event is not enhanced.

[2020-10-18 16:23:13 #5 type] 
Type domain.Erabiltzaile is not enhanced.

[2020-10-18 16:23:13 #6 type] 
Type domain.Admin is not enhanced.

[2020-10-18 16:23:13 #7 type] 
Type domain.Mugimendu is not enhanced.

[2020-10-18 16:23:13 #8 type] 
Type domain.Apustua is not enhanced.

[2020-10-18 16:23:13 #9 type] 
Type domain.Bezero is not enhanced.

[2020-10-18 16:23:13 #10 type] 
Type domain.DiruMug is not enhanced.

------------------------------------------------------------------------------------------------------------------------

[2020-10-18 16:23:59 #1 store] 
Database 'C:\Users\reiba\git\Bets2021_SI2\src\main\resources\bets.temp' is opened by 10532@P

[2020-10-18 16:23:59 #2 type] 
Type domain.Kuota is not enhanced.

[2020-10-18 16:23:59 #3 type] 
Type domain.Question is not enhanced.

[2020-10-18 16:23:59 #4 type] 
Type domain.Event is not enhanced.

[2020-10-18 16:23:59 #5 type] 
Type domain.Erabiltzaile is not enhanced.

[2020-10-18 16:23:59 #6 type] 
Type domain.Admin is not enhanced.

[2020-10-18 16:23:59 #7 type] 
Type domain.Mugimendu is not enhanced.

[2020-10-18 16:23:59 #8 type] 
Type domain.Apustua is not enhanced.

[2020-10-18 16:23:59 #9 type] 
Type domain.Bezero is not enhanced.

[2020-10-18 16:23:59 #10 type] 
Type domain.DiruMug is not enhanced.

------------------------------------------------------------------------------------------------------------------------

[2020-10-18 16:25:59 #1 store] 
Database 'C:\Users\reiba\git\Bets2021_SI2\src\main\resources\bets.temp' is opened by 7620@P

[2020-10-18 16:26:00 #2 type] 
Type domain.Kuota is not enhanced.

[2020-10-18 16:26:00 #3 type] 
Type domain.Question is not enhanced.

[2020-10-18 16:26:00 #4 type] 
Type domain.Event is not enhanced.

[2020-10-18 16:26:00 #5 type] 
Type domain.Erabiltzaile is not enhanced.

[2020-10-18 16:26:00 #6 type] 
Type domain.Admin is not enhanced.

[2020-10-18 16:26:00 #7 type] 
Type domain.Mugimendu is not enhanced.

[2020-10-18 16:26:00 #8 type] 
Type domain.Apustua is not enhanced.

[2020-10-18 16:26:00 #9 type] 
Type domain.Bezero is not enhanced.

[2020-10-18 16:26:00 #10 type] 
Type domain.DiruMug is not enhanced.

------------------------------------------------------------------------------------------------------------------------

[2020-10-18 16:34:04 #1 store] 
Database 'C:\Users\reiba\git\Bets2021_SI2\src\main\resources\bets.temp' is opened by 23624@P

[2020-10-18 16:34:04 #2 type] 
Type domain.Kuota is not enhanced.

[2020-10-18 16:34:04 #3 type] 
Type domain.Question is not enhanced.

[2020-10-18 16:34:04 #4 type] 
Type domain.Event is not enhanced.

[2020-10-18 16:34:04 #5 type] 
Type domain.Erabiltzaile is not enhanced.

[2020-10-18 16:34:04 #6 type] 
Type domain.Admin is not enhanced.

[2020-10-18 16:34:04 #7 type] 
Type domain.Mugimendu is not enhanced.

[2020-10-18 16:34:04 #8 type] 
Type domain.Apustua is not enhanced.

[2020-10-18 16:34:04 #9 type] 
Type domain.Bezero is not enhanced.

[2020-10-18 16:34:04 #10 type] 
Type domain.DiruMug is not enhanced.

------------------------------------------------------------------------------------------------------------------------

[2020-10-18 16:35:32 #1 store] 
Database 'C:\Users\reiba\git\Bets2021_SI2\src\main\resources\bets.temp' is opened by 19396@P

[2020-10-18 16:35:32 #2 type] 
Type domain.Kuota is not enhanced.

[2020-10-18 16:35:32 #3 type] 
Type domain.Question is not enhanced.

[2020-10-18 16:35:32 #4 type] 
Type domain.Event is not enhanced.

[2020-10-18 16:35:32 #5 type] 
Type domain.Erabiltzaile is not enhanced.

[2020-10-18 16:35:32 #6 type] 
Type domain.Admin is not enhanced.

[2020-10-18 16:35:32 #7 type] 
Type domain.Mugimendu is not enhanced.

[2020-10-18 16:35:32 #8 type] 
Type domain.Apustua is not enhanced.

[2020-10-18 16:35:32 #9 type] 
Type domain.Bezero is not enhanced.

[2020-10-18 16:35:32 #10 type] 
Type domain.DiruMug is not enhanced.

------------------------------------------------------------------------------------------------------------------------

[2020-10-18 16:38:40 #1 store] 
Database 'C:\Users\reiba\git\Bets2021_SI2\src\main\resources\bets.temp' is opened by 12476@P

[2020-10-18 16:38:40 #2 type] 
Type domain.Kuota is not enhanced.

[2020-10-18 16:38:40 #3 type] 
Type domain.Question is not enhanced.

[2020-10-18 16:38:40 #4 type] 
Type domain.Event is not enhanced.

[2020-10-18 16:38:40 #5 type] 
Type domain.Erabiltzaile is not enhanced.

[2020-10-18 16:38:40 #6 type] 
Type domain.Admin is not enhanced.

[2020-10-18 16:38:40 #7 type] 
Type domain.Mugimendu is not enhanced.

[2020-10-18 16:38:40 #8 type] 
Type domain.Apustua is not enhanced.

[2020-10-18 16:38:40 #9 type] 
Type domain.Bezero is not enhanced.

[2020-10-18 16:38:40 #10 type] 
Type domain.DiruMug is not enhanced.

------------------------------------------------------------------------------------------------------------------------

[2020-10-18 16:48:25 #1 store] 
Database 'C:\Users\reiba\git\Bets2021_SI2\src\main\resources\bets.temp' is opened by 5560@P

[2020-10-18 16:48:26 #2 type] 
Type domain.Kuota is not enhanced.

[2020-10-18 16:48:26 #3 type] 
Type domain.Question is not enhanced.

[2020-10-18 16:48:26 #4 type] 
Type domain.Event is not enhanced.

[2020-10-18 16:48:26 #5 type] 
Type domain.Erabiltzaile is not enhanced.

[2020-10-18 16:48:26 #6 type] 
Type domain.Admin is not enhanced.

[2020-10-18 16:48:26 #7 type] 
Type domain.Mugimendu is not enhanced.

[2020-10-18 16:48:26 #8 type] 
Type domain.Apustua is not enhanced.

[2020-10-18 16:48:26 #9 type] 
Type domain.Bezero is not enhanced.

[2020-10-18 16:48:26 #10 type] 
Type domain.DiruMug is not enhanced.

------------------------------------------------------------------------------------------------------------------------

[2020-10-18 16:52:15 #1 store] 
Database 'C:\Users\reiba\git\Bets2021_SI2\src\main\resources\bets.temp' is opened by 17348@P

[2020-10-18 16:52:15 #2 type] 
Type domain.Kuota is not enhanced.

[2020-10-18 16:52:15 #3 type] 
Type domain.Question is not enhanced.

[2020-10-18 16:52:15 #4 type] 
Type domain.Event is not enhanced.

[2020-10-18 16:52:15 #5 type] 
Type domain.Erabiltzaile is not enhanced.

[2020-10-18 16:52:15 #6 type] 
Type domain.Admin is not enhanced.

[2020-10-18 16:52:15 #7 type] 
Type domain.Mugimendu is not enhanced.

[2020-10-18 16:52:15 #8 type] 
Type domain.Apustua is not enhanced.

[2020-10-18 16:52:15 #9 type] 
Type domain.Bezero is not enhanced.

[2020-10-18 16:52:15 #10 type] 
Type domain.DiruMug is not enhanced.

------------------------------------------------------------------------------------------------------------------------

[2020-10-18 16:52:41 #1 store] 
Database 'C:\Users\reiba\git\Bets2021_SI2\src\main\resources\bets.temp' is opened by 11032@P

[2020-10-18 16:52:42 #2 type] 
Type domain.Kuota is not enhanced.

[2020-10-18 16:52:42 #3 type] 
Type domain.Question is not enhanced.

[2020-10-18 16:52:42 #4 type] 
Type domain.Event is not enhanced.

[2020-10-18 16:52:42 #5 type] 
Type domain.Erabiltzaile is not enhanced.

[2020-10-18 16:52:42 #6 type] 
Type domain.Admin is not enhanced.

[2020-10-18 16:52:42 #7 type] 
Type domain.Mugimendu is not enhanced.

[2020-10-18 16:52:42 #8 type] 
Type domain.Apustua is not enhanced.

[2020-10-18 16:52:42 #9 type] 
Type domain.Bezero is not enhanced.

[2020-10-18 16:52:42 #10 type] 
Type domain.DiruMug is not enhanced.

------------------------------------------------------------------------------------------------------------------------

[2020-10-18 16:54:16 #1 store] 
Database 'C:\Users\reiba\git\Bets2021_SI2\src\main\resources\bets.temp' is opened by 13968@P

[2020-10-18 16:54:16 #2 type] 
Type domain.Kuota is not enhanced.

[2020-10-18 16:54:16 #3 type] 
Type domain.Question is not enhanced.

[2020-10-18 16:54:16 #4 type] 
Type domain.Event is not enhanced.

[2020-10-18 16:54:16 #5 type] 
Type domain.Erabiltzaile is not enhanced.

[2020-10-18 16:54:16 #6 type] 
Type domain.Admin is not enhanced.

[2020-10-18 16:54:16 #7 type] 
Type domain.Mugimendu is not enhanced.

[2020-10-18 16:54:16 #8 type] 
Type domain.Apustua is not enhanced.

[2020-10-18 16:54:16 #9 type] 
Type domain.Bezero is not enhanced.

[2020-10-18 16:54:16 #10 type] 
Type domain.DiruMug is not enhanced.

------------------------------------------------------------------------------------------------------------------------

[2020-10-18 16:54:35 #1 store] 
Database 'C:\Users\reiba\git\Bets2021_SI2\src\main\resources\bets.temp' is opened by 15172@P

[2020-10-18 16:54:35 #2 type] 
Type domain.Kuota is not enhanced.

[2020-10-18 16:54:35 #3 type] 
Type domain.Question is not enhanced.

[2020-10-18 16:54:35 #4 type] 
Type domain.Event is not enhanced.

[2020-10-18 16:54:35 #5 type] 
Type domain.Erabiltzaile is not enhanced.

[2020-10-18 16:54:35 #6 type] 
Type domain.Admin is not enhanced.

[2020-10-18 16:54:35 #7 type] 
Type domain.Mugimendu is not enhanced.

[2020-10-18 16:54:35 #8 type] 
Type domain.Apustua is not enhanced.

[2020-10-18 16:54:35 #9 type] 
Type domain.Bezero is not enhanced.

[2020-10-18 16:54:35 #10 type] 
Type domain.DiruMug is not enhanced.

------------------------------------------------------------------------------------------------------------------------

[2020-10-18 16:55:01 #1 store] 
Database 'C:\Users\reiba\git\Bets2021_SI2\src\main\resources\bets.temp' is opened by 7208@P

[2020-10-18 16:55:01 #2 type] 
Type domain.Kuota is not enhanced.

[2020-10-18 16:55:01 #3 type] 
Type domain.Question is not enhanced.

[2020-10-18 16:55:01 #4 type] 
Type domain.Event is not enhanced.

[2020-10-18 16:55:01 #5 type] 
Type domain.Erabiltzaile is not enhanced.

[2020-10-18 16:55:01 #6 type] 
Type domain.Admin is not enhanced.

[2020-10-18 16:55:01 #7 type] 
Type domain.Mugimendu is not enhanced.

[2020-10-18 16:55:01 #8 type] 
Type domain.Apustua is not enhanced.

[2020-10-18 16:55:01 #9 type] 
Type domain.Bezero is not enhanced.

[2020-10-18 16:55:01 #10 type] 
Type domain.DiruMug is not enhanced.

------------------------------------------------------------------------------------------------------------------------

[2020-10-18 16:55:24 #1 store] 
Database 'C:\Users\reiba\git\Bets2021_SI2\src\main\resources\bets.temp' is opened by 5360@P

[2020-10-18 16:55:24 #2 type] 
Type domain.Kuota is not enhanced.

[2020-10-18 16:55:24 #3 type] 
Type domain.Question is not enhanced.

[2020-10-18 16:55:24 #4 type] 
Type domain.Event is not enhanced.

[2020-10-18 16:55:24 #5 type] 
Type domain.Erabiltzaile is not enhanced.

[2020-10-18 16:55:24 #6 type] 
Type domain.Admin is not enhanced.

[2020-10-18 16:55:24 #7 type] 
Type domain.Mugimendu is not enhanced.

[2020-10-18 16:55:24 #8 type] 
Type domain.Apustua is not enhanced.

[2020-10-18 16:55:24 #9 type] 
Type domain.Bezero is not enhanced.

[2020-10-18 16:55:24 #10 type] 
Type domain.DiruMug is not enhanced.

------------------------------------------------------------------------------------------------------------------------

[2020-10-18 17:01:01 #1 store] 
Database 'C:\Users\reiba\git\Bets2021_SI2\src\main\resources\bets.temp' is opened by 20184@P

[2020-10-18 17:01:02 #2 type] 
Type domain.Kuota is not enhanced.

[2020-10-18 17:01:02 #3 type] 
Type domain.Question is not enhanced.

[2020-10-18 17:01:02 #4 type] 
Type domain.Event is not enhanced.

[2020-10-18 17:01:02 #5 type] 
Type domain.Erabiltzaile is not enhanced.

[2020-10-18 17:01:02 #6 type] 
Type domain.Admin is not enhanced.

[2020-10-18 17:01:02 #7 type] 
Type domain.Mugimendu is not enhanced.

[2020-10-18 17:01:02 #8 type] 
Type domain.Apustua is not enhanced.

[2020-10-18 17:01:02 #9 type] 
Type domain.Bezero is not enhanced.

[2020-10-18 17:01:02 #10 type] 
Type domain.DiruMug is not enhanced.

------------------------------------------------------------------------------------------------------------------------

[2020-10-18 17:01:39 #1 store] 
Database 'C:\Users\reiba\git\Bets2021_SI2\src\main\resources\bets.temp' is opened by 1936@P

[2020-10-18 17:01:39 #2 type] 
Type domain.Kuota is not enhanced.

[2020-10-18 17:01:39 #3 type] 
Type domain.Question is not enhanced.

[2020-10-18 17:01:39 #4 type] 
Type domain.Event is not enhanced.

[2020-10-18 17:01:39 #5 type] 
Type domain.Erabiltzaile is not enhanced.

[2020-10-18 17:01:39 #6 type] 
Type domain.Admin is not enhanced.

[2020-10-18 17:01:39 #7 type] 
Type domain.Mugimendu is not enhanced.

[2020-10-18 17:01:39 #8 type] 
Type domain.Apustua is not enhanced.

[2020-10-18 17:01:39 #9 type] 
Type domain.Bezero is not enhanced.

[2020-10-18 17:01:39 #10 type] 
Type domain.DiruMug is not enhanced.

------------------------------------------------------------------------------------------------------------------------

[2020-10-18 17:01:52 #1 store] 
Database 'C:\Users\reiba\git\Bets2021_SI2\src\main\resources\bets.temp' is opened by 21764@P

[2020-10-18 17:01:53 #2 type] 
Type domain.Kuota is not enhanced.

[2020-10-18 17:01:53 #3 type] 
Type domain.Question is not enhanced.

[2020-10-18 17:01:53 #4 type] 
Type domain.Event is not enhanced.

[2020-10-18 17:01:53 #5 type] 
Type domain.Erabiltzaile is not enhanced.

[2020-10-18 17:01:53 #6 type] 
Type domain.Admin is not enhanced.

[2020-10-18 17:01:53 #7 type] 
Type domain.Mugimendu is not enhanced.

[2020-10-18 17:01:53 #8 type] 
Type domain.Apustua is not enhanced.

[2020-10-18 17:01:53 #9 type] 
Type domain.Bezero is not enhanced.

[2020-10-18 17:01:53 #10 type] 
Type domain.DiruMug is not enhanced.

------------------------------------------------------------------------------------------------------------------------

[2020-10-18 17:02:36 #1 store] 
Database 'C:\Users\reiba\git\Bets2021_SI2\src\main\resources\bets.temp' is opened by 12788@P

[2020-10-18 17:02:36 #2 type] 
Type domain.Kuota is not enhanced.

[2020-10-18 17:02:36 #3 type] 
Type domain.Question is not enhanced.

[2020-10-18 17:02:36 #4 type] 
Type domain.Event is not enhanced.

[2020-10-18 17:02:36 #5 type] 
Type domain.Erabiltzaile is not enhanced.

[2020-10-18 17:02:36 #6 type] 
Type domain.Admin is not enhanced.

[2020-10-18 17:02:36 #7 type] 
Type domain.Mugimendu is not enhanced.

[2020-10-18 17:02:36 #8 type] 
Type domain.Apustua is not enhanced.

[2020-10-18 17:02:36 #9 type] 
Type domain.Bezero is not enhanced.

[2020-10-18 17:02:36 #10 type] 
Type domain.DiruMug is not enhanced.

------------------------------------------------------------------------------------------------------------------------

[2020-10-18 17:02:51 #1 store] 
Database 'C:\Users\reiba\git\Bets2021_SI2\src\main\resources\bets.temp' is opened by 10944@P

[2020-10-18 17:02:51 #2 type] 
Type domain.Kuota is not enhanced.

[2020-10-18 17:02:51 #3 type] 
Type domain.Question is not enhanced.

[2020-10-18 17:02:51 #4 type] 
Type domain.Event is not enhanced.

[2020-10-18 17:02:51 #5 type] 
Type domain.Erabiltzaile is not enhanced.

[2020-10-18 17:02:51 #6 type] 
Type domain.Admin is not enhanced.

[2020-10-18 17:02:51 #7 type] 
Type domain.Mugimendu is not enhanced.

[2020-10-18 17:02:51 #8 type] 
Type domain.Apustua is not enhanced.

[2020-10-18 17:02:51 #9 type] 
Type domain.Bezero is not enhanced.

[2020-10-18 17:02:51 #10 type] 
Type domain.DiruMug is not enhanced.

------------------------------------------------------------------------------------------------------------------------

[2020-10-18 17:03:23 #1 store] 
Database 'C:\Users\reiba\git\Bets2021_SI2\src\main\resources\bets.temp' is opened by 3828@P

[2020-10-18 17:03:24 #2 type] 
Type domain.Kuota is not enhanced.

[2020-10-18 17:03:24 #3 type] 
Type domain.Question is not enhanced.

[2020-10-18 17:03:24 #4 type] 
Type domain.Event is not enhanced.

[2020-10-18 17:03:24 #5 type] 
Type domain.Erabiltzaile is not enhanced.

[2020-10-18 17:03:24 #6 type] 
Type domain.Admin is not enhanced.

[2020-10-18 17:03:24 #7 type] 
Type domain.Mugimendu is not enhanced.

[2020-10-18 17:03:24 #8 type] 
Type domain.Apustua is not enhanced.

[2020-10-18 17:03:24 #9 type] 
Type domain.Bezero is not enhanced.

[2020-10-18 17:03:24 #10 type] 
Type domain.DiruMug is not enhanced.

------------------------------------------------------------------------------------------------------------------------

[2020-10-18 17:03:36 #1 store] 
Database 'C:\Users\reiba\git\Bets2021_SI2\src\main\resources\bets.temp' is opened by 13804@P

[2020-10-18 17:03:36 #2 type] 
Type domain.Kuota is not enhanced.

[2020-10-18 17:03:36 #3 type] 
Type domain.Question is not enhanced.

[2020-10-18 17:03:36 #4 type] 
Type domain.Event is not enhanced.

[2020-10-18 17:03:36 #5 type] 
Type domain.Erabiltzaile is not enhanced.

[2020-10-18 17:03:36 #6 type] 
Type domain.Admin is not enhanced.

[2020-10-18 17:03:36 #7 type] 
Type domain.Mugimendu is not enhanced.

[2020-10-18 17:03:36 #8 type] 
Type domain.Apustua is not enhanced.

[2020-10-18 17:03:36 #9 type] 
Type domain.Bezero is not enhanced.

[2020-10-18 17:03:36 #10 type] 
Type domain.DiruMug is not enhanced.

------------------------------------------------------------------------------------------------------------------------

[2020-10-18 17:08:10 #1 store] 
Database 'C:\Users\reiba\git\Bets2021_SI2\src\main\resources\bets.temp' is opened by 11648@P

[2020-10-18 17:08:10 #2 type] 
Type domain.Kuota is not enhanced.

[2020-10-18 17:08:10 #3 type] 
Type domain.Question is not enhanced.

[2020-10-18 17:08:10 #4 type] 
Type domain.Event is not enhanced.

[2020-10-18 17:08:10 #5 type] 
Type domain.Erabiltzaile is not enhanced.

[2020-10-18 17:08:10 #6 type] 
Type domain.Admin is not enhanced.

[2020-10-18 17:08:10 #7 type] 
Type domain.Mugimendu is not enhanced.

[2020-10-18 17:08:10 #8 type] 
Type domain.Apustua is not enhanced.

[2020-10-18 17:08:10 #9 type] 
Type domain.Bezero is not enhanced.

[2020-10-18 17:08:10 #10 type] 
Type domain.DiruMug is not enhanced.

------------------------------------------------------------------------------------------------------------------------

[2020-10-18 17:13:10 #1 store] 
Database 'C:\Users\reiba\git\Bets2021_SI2\src\main\resources\bets.temp' is opened by 2184@P

[2020-10-18 17:13:10 #2 type] 
Type domain.Kuota is not enhanced.

[2020-10-18 17:13:10 #3 type] 
Type domain.Question is not enhanced.

[2020-10-18 17:13:10 #4 type] 
Type domain.Event is not enhanced.

[2020-10-18 17:13:10 #5 type] 
Type domain.Erabiltzaile is not enhanced.

[2020-10-18 17:13:10 #6 type] 
Type domain.Admin is not enhanced.

[2020-10-18 17:13:10 #7 type] 
Type domain.Mugimendu is not enhanced.

[2020-10-18 17:13:10 #8 type] 
Type domain.Apustua is not enhanced.

[2020-10-18 17:13:10 #9 type] 
Type domain.Bezero is not enhanced.

[2020-10-18 17:13:10 #10 type] 
Type domain.DiruMug is not enhanced.

------------------------------------------------------------------------------------------------------------------------

[2020-10-18 17:42:57 #1 store] 
Database 'C:\Users\reiba\git\Bets2021_SI2\src\main\resources\bets.temp' is opened by 18460@P

[2020-10-18 17:42:57 #2 type] 
Type domain.Kuota is not enhanced.

[2020-10-18 17:42:57 #3 type] 
Type domain.Question is not enhanced.

[2020-10-18 17:42:57 #4 type] 
Type domain.Event is not enhanced.

[2020-10-18 17:42:57 #5 type] 
Type domain.Erabiltzaile is not enhanced.

[2020-10-18 17:42:57 #6 type] 
Type domain.Admin is not enhanced.

[2020-10-18 17:42:57 #7 type] 
Type domain.Mugimendu is not enhanced.

[2020-10-18 17:42:57 #8 type] 
Type domain.Apustua is not enhanced.

[2020-10-18 17:42:57 #9 type] 
Type domain.Bezero is not enhanced.

[2020-10-18 17:42:57 #10 type] 
Type domain.DiruMug is not enhanced.

------------------------------------------------------------------------------------------------------------------------

[2020-10-18 17:47:08 #1 store] 
Database 'C:\Users\reiba\git\Bets2021_SI2\src\main\resources\bets.temp' has been recovered (tr. 104-106)

[2020-10-18 17:47:08 #2 store] 
Database 'C:\Users\reiba\git\Bets2021_SI2\src\main\resources\bets.temp' is opened by 9636@P

[2020-10-18 17:47:08 #3 type] 
Type domain.Kuota is not enhanced.

[2020-10-18 17:47:08 #4 type] 
Type domain.Question is not enhanced.

[2020-10-18 17:47:08 #5 type] 
Type domain.Event is not enhanced.

[2020-10-18 17:47:08 #6 type] 
Type domain.Erabiltzaile is not enhanced.

[2020-10-18 17:47:08 #7 type] 
Type domain.Admin is not enhanced.

[2020-10-18 17:47:08 #8 type] 
Type domain.Mugimendu is not enhanced.

[2020-10-18 17:47:08 #9 type] 
Type domain.Apustua is not enhanced.

[2020-10-18 17:47:08 #10 type] 
Type domain.Bezero is not enhanced.

[2020-10-18 17:47:08 #11 type] 
Type domain.DiruMug is not enhanced.

------------------------------------------------------------------------------------------------------------------------

[2020-10-18 17:47:40 #1 store] 
Database 'C:\Users\reiba\git\Bets2021_SI2\src\main\resources\bets.temp' is opened by 7628@P

[2020-10-18 17:47:41 #2 type] 
Type domain.Kuota is not enhanced.

[2020-10-18 17:47:41 #3 type] 
Type domain.Question is not enhanced.

[2020-10-18 17:47:41 #4 type] 
Type domain.Event is not enhanced.

[2020-10-18 17:47:41 #5 type] 
Type domain.Erabiltzaile is not enhanced.

[2020-10-18 17:47:41 #6 type] 
Type domain.Admin is not enhanced.

[2020-10-18 17:47:41 #7 type] 
Type domain.Mugimendu is not enhanced.

[2020-10-18 17:47:41 #8 type] 
Type domain.Apustua is not enhanced.

[2020-10-18 17:47:41 #9 type] 
Type domain.Bezero is not enhanced.

[2020-10-18 17:47:41 #10 type] 
Type domain.DiruMug is not enhanced.

------------------------------------------------------------------------------------------------------------------------

[2020-10-18 17:48:29 #1 store] 
Database 'C:\Users\reiba\git\Bets2021_SI2\src\main\resources\bets.temp' is opened by 3460@P

[2020-10-18 17:48:29 #2 type] 
Type domain.Kuota is not enhanced.

[2020-10-18 17:48:29 #3 type] 
Type domain.Question is not enhanced.

[2020-10-18 17:48:29 #4 type] 
Type domain.Event is not enhanced.

[2020-10-18 17:48:29 #5 type] 
Type domain.Erabiltzaile is not enhanced.

[2020-10-18 17:48:29 #6 type] 
Type domain.Admin is not enhanced.

[2020-10-18 17:48:29 #7 type] 
Type domain.Mugimendu is not enhanced.

[2020-10-18 17:48:29 #8 type] 
Type domain.Apustua is not enhanced.

[2020-10-18 17:48:29 #9 type] 
Type domain.Bezero is not enhanced.

[2020-10-18 17:48:29 #10 type] 
Type domain.DiruMug is not enhanced.

------------------------------------------------------------------------------------------------------------------------

[2020-10-18 17:50:35 #1 store] 
Database 'C:\Users\reiba\git\Bets2021_SI2\src\main\resources\bets.temp' is opened by 2224@P

[2020-10-18 17:50:35 #2 type] 
Type domain.Kuota is not enhanced.

[2020-10-18 17:50:35 #3 type] 
Type domain.Question is not enhanced.

[2020-10-18 17:50:35 #4 type] 
Type domain.Event is not enhanced.

[2020-10-18 17:50:35 #5 type] 
Type domain.Erabiltzaile is not enhanced.

[2020-10-18 17:50:35 #6 type] 
Type domain.Admin is not enhanced.

[2020-10-18 17:50:35 #7 type] 
Type domain.Mugimendu is not enhanced.

[2020-10-18 17:50:35 #8 type] 
Type domain.Apustua is not enhanced.

[2020-10-18 17:50:35 #9 type] 
Type domain.Bezero is not enhanced.

[2020-10-18 17:50:35 #10 type] 
Type domain.DiruMug is not enhanced.

------------------------------------------------------------------------------------------------------------------------

[2020-10-18 17:51:45 #1 store] 
Database 'C:\Users\reiba\git\Bets2021_SI2\src\main\resources\bets.temp' is opened by 11080@P

[2020-10-18 17:51:45 #2 type] 
Type domain.Kuota is not enhanced.

[2020-10-18 17:51:45 #3 type] 
Type domain.Question is not enhanced.

[2020-10-18 17:51:45 #4 type] 
Type domain.Event is not enhanced.

[2020-10-18 17:51:45 #5 type] 
Type domain.Erabiltzaile is not enhanced.

[2020-10-18 17:51:45 #6 type] 
Type domain.Admin is not enhanced.

[2020-10-18 17:51:45 #7 type] 
Type domain.Mugimendu is not enhanced.

[2020-10-18 17:51:45 #8 type] 
Type domain.Apustua is not enhanced.

[2020-10-18 17:51:45 #9 type] 
Type domain.Bezero is not enhanced.

[2020-10-18 17:51:45 #10 type] 
Type domain.DiruMug is not enhanced.

------------------------------------------------------------------------------------------------------------------------

[2020-10-18 17:55:46 #1 store] 
Database 'C:\Users\reiba\git\Bets2021_SI2\src\main\resources\bets.temp' is opened by 22288@P

[2020-10-18 17:55:46 #2 type] 
Type domain.Kuota is not enhanced.

[2020-10-18 17:55:46 #3 type] 
Type domain.Question is not enhanced.

[2020-10-18 17:55:46 #4 type] 
Type domain.Event is not enhanced.

[2020-10-18 17:55:46 #5 type] 
Type domain.Erabiltzaile is not enhanced.

[2020-10-18 17:55:46 #6 type] 
Type domain.Admin is not enhanced.

[2020-10-18 17:55:46 #7 type] 
Type domain.Mugimendu is not enhanced.

[2020-10-18 17:55:46 #8 type] 
Type domain.Apustua is not enhanced.

[2020-10-18 17:55:46 #9 type] 
Type domain.Bezero is not enhanced.

[2020-10-18 17:55:46 #10 type] 
Type domain.DiruMug is not enhanced.

------------------------------------------------------------------------------------------------------------------------

[2020-10-18 17:57:06 #1 store] 
Database 'C:\Users\reiba\git\Bets2021_SI2\src\main\resources\bets.temp' has been recovered (tr. 107-108)

[2020-10-18 17:57:06 #2 store] 
Database 'C:\Users\reiba\git\Bets2021_SI2\src\main\resources\bets.temp' is opened by 6040@P

[2020-10-18 17:57:06 #3 type] 
Type domain.Kuota is not enhanced.

[2020-10-18 17:57:06 #4 type] 
Type domain.Question is not enhanced.

[2020-10-18 17:57:06 #5 type] 
Type domain.Event is not enhanced.

[2020-10-18 17:57:06 #6 type] 
Type domain.Erabiltzaile is not enhanced.

[2020-10-18 17:57:06 #7 type] 
Type domain.Admin is not enhanced.

[2020-10-18 17:57:06 #8 type] 
Type domain.Mugimendu is not enhanced.

[2020-10-18 17:57:06 #9 type] 
Type domain.Apustua is not enhanced.

[2020-10-18 17:57:06 #10 type] 
Type domain.Bezero is not enhanced.

[2020-10-18 17:57:06 #11 type] 
Type domain.DiruMug is not enhanced.

------------------------------------------------------------------------------------------------------------------------

[2020-10-18 17:57:25 #1 store] 
Database 'C:\Users\reiba\git\Bets2021_SI2\src\main\resources\bets.temp' is opened by 11840@P

[2020-10-18 17:57:25 #2 type] 
Type domain.Kuota is not enhanced.

[2020-10-18 17:57:25 #3 type] 
Type domain.Question is not enhanced.

[2020-10-18 17:57:25 #4 type] 
Type domain.Event is not enhanced.

[2020-10-18 17:57:25 #5 type] 
Type domain.Erabiltzaile is not enhanced.

[2020-10-18 17:57:25 #6 type] 
Type domain.Admin is not enhanced.

[2020-10-18 17:57:25 #7 type] 
Type domain.Mugimendu is not enhanced.

[2020-10-18 17:57:25 #8 type] 
Type domain.Apustua is not enhanced.

[2020-10-18 17:57:25 #9 type] 
Type domain.Bezero is not enhanced.

[2020-10-18 17:57:25 #10 type] 
Type domain.DiruMug is not enhanced.

------------------------------------------------------------------------------------------------------------------------

[2020-10-18 17:59:07 #1 store] 
Database 'C:\Users\reiba\git\Bets2021_SI2\src\main\resources\bets.temp' is opened by 12640@P

[2020-10-18 17:59:07 #2 type] 
Type domain.Kuota is not enhanced.

[2020-10-18 17:59:07 #3 type] 
Type domain.Question is not enhanced.

[2020-10-18 17:59:07 #4 type] 
Type domain.Event is not enhanced.

[2020-10-18 17:59:07 #5 type] 
Type domain.Erabiltzaile is not enhanced.

[2020-10-18 17:59:07 #6 type] 
Type domain.Admin is not enhanced.

[2020-10-18 17:59:07 #7 type] 
Type domain.Mugimendu is not enhanced.

[2020-10-18 17:59:07 #8 type] 
Type domain.Apustua is not enhanced.

[2020-10-18 17:59:07 #9 type] 
Type domain.Bezero is not enhanced.

[2020-10-18 17:59:07 #10 type] 
Type domain.DiruMug is not enhanced.

------------------------------------------------------------------------------------------------------------------------

[2020-10-18 17:59:47 #1 store] 
Database 'C:\Users\reiba\git\Bets2021_SI2\src\main\resources\bets.temp' is opened by 21428@P

[2020-10-18 17:59:47 #2 type] 
Type domain.Kuota is not enhanced.

[2020-10-18 17:59:47 #3 type] 
Type domain.Question is not enhanced.

[2020-10-18 17:59:47 #4 type] 
Type domain.Event is not enhanced.

[2020-10-18 17:59:47 #5 type] 
Type domain.Erabiltzaile is not enhanced.

[2020-10-18 17:59:47 #6 type] 
Type domain.Admin is not enhanced.

[2020-10-18 17:59:47 #7 type] 
Type domain.Mugimendu is not enhanced.

[2020-10-18 17:59:47 #8 type] 
Type domain.Apustua is not enhanced.

[2020-10-18 17:59:47 #9 type] 
Type domain.Bezero is not enhanced.

[2020-10-18 17:59:47 #10 type] 
Type domain.DiruMug is not enhanced.

------------------------------------------------------------------------------------------------------------------------

[2020-10-18 18:00:36 #1 store] 
Database 'C:\Users\reiba\git\Bets2021_SI2\src\main\resources\bets.temp' has been recovered (tr. 109-110)

[2020-10-18 18:00:36 #2 store] 
Database 'C:\Users\reiba\git\Bets2021_SI2\src\main\resources\bets.temp' is opened by 1804@P

[2020-10-18 18:00:36 #3 type] 
Type domain.Kuota is not enhanced.

[2020-10-18 18:00:36 #4 type] 
Type domain.Question is not enhanced.

[2020-10-18 18:00:36 #5 type] 
Type domain.Event is not enhanced.

[2020-10-18 18:00:36 #6 type] 
Type domain.Erabiltzaile is not enhanced.

[2020-10-18 18:00:36 #7 type] 
Type domain.Admin is not enhanced.

[2020-10-18 18:00:36 #8 type] 
Type domain.Mugimendu is not enhanced.

[2020-10-18 18:00:36 #9 type] 
Type domain.Apustua is not enhanced.

[2020-10-18 18:00:36 #10 type] 
Type domain.Bezero is not enhanced.

[2020-10-18 18:00:36 #11 type] 
Type domain.DiruMug is not enhanced.

------------------------------------------------------------------------------------------------------------------------

[2020-10-18 18:11:17 #1 store] 
Database 'C:\Users\reiba\git\Bets2021_SI2\src\main\resources\bets.temp' is opened by 796@P

[2020-10-18 18:11:17 #2 type] 
Type domain.Kuota is not enhanced.

[2020-10-18 18:11:17 #3 type] 
Type domain.Question is not enhanced.

[2020-10-18 18:11:17 #4 type] 
Type domain.Event is not enhanced.

[2020-10-18 18:11:17 #5 type] 
Type domain.Erabiltzaile is not enhanced.

[2020-10-18 18:11:17 #6 type] 
Type domain.Admin is not enhanced.

[2020-10-18 18:11:17 #7 type] 
Type domain.Mugimendu is not enhanced.

[2020-10-18 18:11:17 #8 type] 
Type domain.Apustua is not enhanced.

[2020-10-18 18:11:17 #9 type] 
Type domain.Bezero is not enhanced.

[2020-10-18 18:11:17 #10 type] 
Type domain.DiruMug is not enhanced.

------------------------------------------------------------------------------------------------------------------------

[2020-10-18 18:12:24 #1 store] 
Database 'C:\Users\reiba\git\Bets2021_SI2\src\main\resources\bets.temp' is opened by 13404@P

[2020-10-18 18:12:24 #2 type] 
Type domain.Kuota is not enhanced.

[2020-10-18 18:12:24 #3 type] 
Type domain.Question is not enhanced.

[2020-10-18 18:12:24 #4 type] 
Type domain.Event is not enhanced.

[2020-10-18 18:12:24 #5 type] 
Type domain.Erabiltzaile is not enhanced.

[2020-10-18 18:12:24 #6 type] 
Type domain.Admin is not enhanced.

[2020-10-18 18:12:24 #7 type] 
Type domain.Mugimendu is not enhanced.

[2020-10-18 18:12:24 #8 type] 
Type domain.Apustua is not enhanced.

[2020-10-18 18:12:24 #9 type] 
Type domain.Bezero is not enhanced.

[2020-10-18 18:12:24 #10 type] 
Type domain.DiruMug is not enhanced.

------------------------------------------------------------------------------------------------------------------------

[2020-10-18 18:13:44 #1 store] 
Database 'C:\Users\reiba\git\Bets2021_SI2\src\main\resources\bets.temp' is opened by 15748@P

[2020-10-18 18:13:44 #2 type] 
Type domain.Kuota is not enhanced.

[2020-10-18 18:13:44 #3 type] 
Type domain.Question is not enhanced.

[2020-10-18 18:13:44 #4 type] 
Type domain.Event is not enhanced.

[2020-10-18 18:13:44 #5 type] 
Type domain.Erabiltzaile is not enhanced.

[2020-10-18 18:13:44 #6 type] 
Type domain.Admin is not enhanced.

[2020-10-18 18:13:44 #7 type] 
Type domain.Mugimendu is not enhanced.

[2020-10-18 18:13:44 #8 type] 
Type domain.Apustua is not enhanced.

[2020-10-18 18:13:44 #9 type] 
Type domain.Bezero is not enhanced.

[2020-10-18 18:13:44 #10 type] 
Type domain.DiruMug is not enhanced.

------------------------------------------------------------------------------------------------------------------------

[2020-10-18 18:32:16 #1 store] 
Database 'C:\Users\reiba\git\Bets2021_SI2\src\main\resources\bets.temp' is opened by 11664@P

[2020-10-18 18:32:16 #2 type] 
Type domain.Kuota is not enhanced.

[2020-10-18 18:32:16 #3 type] 
Type domain.Question is not enhanced.

[2020-10-18 18:32:16 #4 type] 
Type domain.Event is not enhanced.

[2020-10-18 18:32:16 #5 type] 
Type domain.Erabiltzaile is not enhanced.

[2020-10-18 18:32:16 #6 type] 
Type domain.Admin is not enhanced.

[2020-10-18 18:32:16 #7 type] 
Type domain.Mugimendu is not enhanced.

[2020-10-18 18:32:16 #8 type] 
Type domain.Apustua is not enhanced.

[2020-10-18 18:32:16 #9 type] 
Type domain.Bezero is not enhanced.

[2020-10-18 18:32:16 #10 type] 
Type domain.DiruMug is not enhanced.

------------------------------------------------------------------------------------------------------------------------

[2020-10-18 18:33:36 #1 store] 
Database 'C:\Users\reiba\git\Bets2021_SI2\src\main\resources\bets.temp' is opened by 6500@P

[2020-10-18 18:33:36 #2 type] 
Type domain.Kuota is not enhanced.

[2020-10-18 18:33:36 #3 type] 
Type domain.Question is not enhanced.

[2020-10-18 18:33:36 #4 type] 
Type domain.Event is not enhanced.

[2020-10-18 18:33:36 #5 type] 
Type domain.Erabiltzaile is not enhanced.

[2020-10-18 18:33:36 #6 type] 
Type domain.Admin is not enhanced.

[2020-10-18 18:33:36 #7 type] 
Type domain.Mugimendu is not enhanced.

[2020-10-18 18:33:36 #8 type] 
Type domain.Apustua is not enhanced.

[2020-10-18 18:33:36 #9 type] 
Type domain.Bezero is not enhanced.

[2020-10-18 18:33:36 #10 type] 
Type domain.DiruMug is not enhanced.

------------------------------------------------------------------------------------------------------------------------

[2020-10-18 18:38:10 #1 store] 
Database 'C:\Users\reiba\git\Bets2021_SI2\src\main\resources\bets.temp' is opened by 1644@P

[2020-10-18 18:38:11 #2 type] 
Type domain.Kuota is not enhanced.

[2020-10-18 18:38:11 #3 type] 
Type domain.Question is not enhanced.

[2020-10-18 18:38:11 #4 type] 
Type domain.Event is not enhanced.

[2020-10-18 18:38:11 #5 type] 
Type domain.Erabiltzaile is not enhanced.

[2020-10-18 18:38:11 #6 type] 
Type domain.Admin is not enhanced.

[2020-10-18 18:38:11 #7 type] 
Type domain.Mugimendu is not enhanced.

[2020-10-18 18:38:11 #8 type] 
Type domain.Apustua is not enhanced.

[2020-10-18 18:38:11 #9 type] 
Type domain.Bezero is not enhanced.

[2020-10-18 18:38:11 #10 type] 
Type domain.DiruMug is not enhanced.

------------------------------------------------------------------------------------------------------------------------

[2020-10-18 18:38:27 #1 store] 
Database 'C:\Users\reiba\git\Bets2021_SI2\src\main\resources\bets.temp' is opened by 2568@P

[2020-10-18 18:38:28 #2 type] 
Type domain.Kuota is not enhanced.

[2020-10-18 18:38:28 #3 type] 
Type domain.Question is not enhanced.

[2020-10-18 18:38:28 #4 type] 
Type domain.Event is not enhanced.

[2020-10-18 18:38:28 #5 type] 
Type domain.Erabiltzaile is not enhanced.

[2020-10-18 18:38:28 #6 type] 
Type domain.Admin is not enhanced.

[2020-10-18 18:38:28 #7 type] 
Type domain.Mugimendu is not enhanced.

[2020-10-18 18:38:28 #8 type] 
Type domain.Apustua is not enhanced.

[2020-10-18 18:38:28 #9 type] 
Type domain.Bezero is not enhanced.

[2020-10-18 18:38:28 #10 type] 
Type domain.DiruMug is not enhanced.

------------------------------------------------------------------------------------------------------------------------

[2020-10-18 18:53:51 #1 store] 
Database 'C:\Users\reiba\git\Bets2021_SI2\src\main\resources\bets.temp' is opened by 1740@P

[2020-10-18 18:53:51 #2 type] 
Type domain.Kuota is not enhanced.

[2020-10-18 18:53:51 #3 type] 
Type domain.Question is not enhanced.

[2020-10-18 18:53:51 #4 type] 
Type domain.Event is not enhanced.

[2020-10-18 18:53:51 #5 type] 
Type domain.Erabiltzaile is not enhanced.

[2020-10-18 18:53:51 #6 type] 
Type domain.Admin is not enhanced.

[2020-10-18 18:53:51 #7 type] 
Type domain.Mugimendu is not enhanced.

[2020-10-18 18:53:51 #8 type] 
Type domain.Apustua is not enhanced.

[2020-10-18 18:53:51 #9 type] 
Type domain.Bezero is not enhanced.

[2020-10-18 18:53:51 #10 type] 
Type domain.DiruMug is not enhanced.

------------------------------------------------------------------------------------------------------------------------

[2020-10-18 18:54:35 #1 store] 
Database 'C:\Users\reiba\git\Bets2021_SI2\src\main\resources\bets.temp' is opened by 21968@P

[2020-10-18 18:54:35 #2 type] 
Type domain.Kuota is not enhanced.

[2020-10-18 18:54:36 #3 type] 
Type domain.Question is not enhanced.

[2020-10-18 18:54:36 #4 type] 
Type domain.Event is not enhanced.

[2020-10-18 18:54:36 #5 type] 
Type domain.Erabiltzaile is not enhanced.

[2020-10-18 18:54:36 #6 type] 
Type domain.Admin is not enhanced.

[2020-10-18 18:54:36 #7 type] 
Type domain.Mugimendu is not enhanced.

[2020-10-18 18:54:36 #8 type] 
Type domain.Apustua is not enhanced.

[2020-10-18 18:54:36 #9 type] 
Type domain.Bezero is not enhanced.

[2020-10-18 18:54:36 #10 type] 
Type domain.DiruMug is not enhanced.

------------------------------------------------------------------------------------------------------------------------

[2020-10-18 18:58:43 #1 store] 
Database 'C:\Users\reiba\git\Bets2021_SI2\src\main\resources\bets.temp' is opened by 19820@P

[2020-10-18 18:58:43 #2 type] 
Type domain.Kuota is not enhanced.

[2020-10-18 18:58:43 #3 type] 
Type domain.Question is not enhanced.

[2020-10-18 18:58:43 #4 type] 
Type domain.Event is not enhanced.

[2020-10-18 18:58:43 #5 type] 
Type domain.Erabiltzaile is not enhanced.

[2020-10-18 18:58:43 #6 type] 
Type domain.Admin is not enhanced.

[2020-10-18 18:58:43 #7 type] 
Type domain.Mugimendu is not enhanced.

[2020-10-18 18:58:43 #8 type] 
Type domain.Apustua is not enhanced.

[2020-10-18 18:58:43 #9 type] 
Type domain.Bezero is not enhanced.

[2020-10-18 18:58:43 #10 type] 
Type domain.DiruMug is not enhanced.

------------------------------------------------------------------------------------------------------------------------

[2020-10-18 19:08:32 #1 store] 
Database 'C:\Users\reiba\git\Bets2021_SI2\src\main\resources\bets.temp' is opened by 18760@P

[2020-10-18 19:08:32 #2 type] 
Type domain.Kuota is not enhanced.

[2020-10-18 19:08:32 #3 type] 
Type domain.Question is not enhanced.

[2020-10-18 19:08:32 #4 type] 
Type domain.Event is not enhanced.

[2020-10-18 19:08:32 #5 type] 
Type domain.Erabiltzaile is not enhanced.

[2020-10-18 19:08:32 #6 type] 
Type domain.Admin is not enhanced.

[2020-10-18 19:08:32 #7 type] 
Type domain.Mugimendu is not enhanced.

[2020-10-18 19:08:32 #8 type] 
Type domain.Apustua is not enhanced.

[2020-10-18 19:08:32 #9 type] 
Type domain.Bezero is not enhanced.

[2020-10-18 19:08:32 #10 type] 
Type domain.DiruMug is not enhanced.

------------------------------------------------------------------------------------------------------------------------

[2020-10-18 19:48:09 #1 store] 
Database 'C:\Users\Xabier Larrea\git\Bets2021_SI2\src\main\resources\bets.temp' is opened by 10004@Xabier-PC

[2020-10-18 19:48:09 #2 type] 
Type domain.Kuota is not enhanced.

[2020-10-18 19:48:09 #3 type] 
Type domain.Question is not enhanced.

[2020-10-18 19:48:09 #4 type] 
Type domain.Event is not enhanced.

[2020-10-18 19:48:09 #5 type] 
Type domain.Erabiltzaile is not enhanced.

[2020-10-18 19:48:09 #6 type] 
Type domain.Admin is not enhanced.

[2020-10-18 19:48:09 #7 type] 
Type domain.Mugimendu is not enhanced.

[2020-10-18 19:48:09 #8 type] 
Type domain.Apustua is not enhanced.

[2020-10-18 19:48:09 #9 type] 
Type domain.Bezero is not enhanced.

[2020-10-18 19:48:09 #10 type] 
Type domain.DiruMug is not enhanced.

------------------------------------------------------------------------------------------------------------------------

[2020-10-18 20:51:10 #1 store] 
Database 'C:\Users\Xabier Larrea\git\Bets2021_SI2\src\main\resources\bets.temp' is opened by 7280@Xabier-PC

[2020-10-18 20:51:10 #2 type] 
Type domain.Kuota is not enhanced.

[2020-10-18 20:51:10 #3 type] 
Type domain.Question is not enhanced.

[2020-10-18 20:51:10 #4 type] 
Type domain.Event is not enhanced.

[2020-10-18 20:51:10 #5 type] 
Type domain.Erabiltzaile is not enhanced.

[2020-10-18 20:51:10 #6 type] 
Type domain.Admin is not enhanced.

[2020-10-18 20:51:10 #7 type] 
Type domain.Mugimendu is not enhanced.

[2020-10-18 20:51:10 #8 type] 
Type domain.Apustua is not enhanced.

[2020-10-18 20:51:10 #9 type] 
Type domain.Bezero is not enhanced.

[2020-10-18 20:51:10 #10 type] 
Type domain.DiruMug is not enhanced.

------------------------------------------------------------------------------------------------------------------------

[2020-10-18 23:05:40 #1 store] 
Database 'C:\Users\Xabier Larrea\git\Bets2021_SI2\src\main\resources\bets.temp' is opened by 3672@Xabier-PC

[2020-10-18 23:05:40 #2 type] 
Type domain.Kuota is not enhanced.

[2020-10-18 23:05:40 #3 type] 
Type domain.Question is not enhanced.

[2020-10-18 23:05:40 #4 type] 
Type domain.Event is not enhanced.

[2020-10-18 23:05:40 #5 type] 
Type domain.Erabiltzaile is not enhanced.

[2020-10-18 23:05:40 #6 type] 
Type domain.Admin is not enhanced.

[2020-10-18 23:05:40 #7 type] 
Type domain.Mugimendu is not enhanced.

[2020-10-18 23:05:40 #8 type] 
Type domain.Apustua is not enhanced.

[2020-10-18 23:05:40 #9 type] 
Type domain.Bezero is not enhanced.

[2020-10-18 23:05:40 #10 type] 
Type domain.DiruMug is not enhanced.

------------------------------------------------------------------------------------------------------------------------

[2020-10-18 23:21:07 #1 store] 
Database 'C:\Users\Xabier Larrea\git\Bets2021_SI2\src\main\resources\bets.temp' is opened by 5560@Xabier-PC

[2020-10-18 23:21:07 #2 type] 
Type domain.Kuota is not enhanced.

[2020-10-18 23:21:07 #3 type] 
Type domain.Question is not enhanced.

[2020-10-18 23:21:07 #4 type] 
Type domain.Event is not enhanced.

[2020-10-18 23:21:07 #5 type] 
Type domain.Erabiltzaile is not enhanced.

[2020-10-18 23:21:07 #6 type] 
Type domain.Admin is not enhanced.

[2020-10-18 23:21:07 #7 type] 
Type domain.Mugimendu is not enhanced.

[2020-10-18 23:21:07 #8 type] 
Type domain.Apustua is not enhanced.

[2020-10-18 23:21:08 #9 type] 
Type domain.Bezero is not enhanced.

[2020-10-18 23:21:08 #10 type] 
Type domain.DiruMug is not enhanced.

------------------------------------------------------------------------------------------------------------------------

[2020-10-18 23:48:58 #1 store] 
Database 'C:\Users\reiba\git\Bets2021_SI2\src\main\resources\bets.temp' is opened by 13408@P

[2020-10-18 23:48:58 #2 type] 
Type domain.Kuota is not enhanced.

[2020-10-18 23:48:58 #3 type] 
Type domain.Question is not enhanced.

[2020-10-18 23:48:58 #4 type] 
Type domain.Event is not enhanced.

[2020-10-18 23:48:58 #5 type] 
Type domain.Erabiltzaile is not enhanced.

[2020-10-18 23:48:58 #6 type] 
Type domain.Admin is not enhanced.

[2020-10-18 23:48:58 #7 type] 
Type domain.Mugimendu is not enhanced.

[2020-10-18 23:48:58 #8 type] 
Type domain.Apustua is not enhanced.

[2020-10-18 23:48:58 #9 type] 
Type domain.Bezero is not enhanced.

[2020-10-18 23:48:58 #10 type] 
Type domain.DiruMug is not enhanced.

------------------------------------------------------------------------------------------------------------------------

[2020-10-18 23:49:39 #1 store] 
Database 'C:\Users\reiba\git\Bets2021_SI2\src\main\resources\bets.temp' has been recovered (tr. 111-118)

[2020-10-18 23:49:39 #2 store] 
Database 'C:\Users\reiba\git\Bets2021_SI2\src\main\resources\bets.temp' is opened by 4040@P

[2020-10-18 23:49:39 #3 type] 
Type domain.Kuota is not enhanced.

[2020-10-18 23:49:39 #4 type] 
Type domain.Question is not enhanced.

[2020-10-18 23:49:39 #5 type] 
Type domain.Event is not enhanced.

[2020-10-18 23:49:39 #6 type] 
Type domain.Erabiltzaile is not enhanced.

[2020-10-18 23:49:39 #7 type] 
Type domain.Admin is not enhanced.

[2020-10-18 23:49:39 #8 type] 
Type domain.Mugimendu is not enhanced.

[2020-10-18 23:49:39 #9 type] 
Type domain.Apustua is not enhanced.

[2020-10-18 23:49:39 #10 type] 
Type domain.Bezero is not enhanced.

[2020-10-18 23:49:39 #11 type] 
Type domain.DiruMug is not enhanced.

------------------------------------------------------------------------------------------------------------------------

[2020-10-18 23:51:07 #1 store] 
Database 'C:\Users\reiba\git\Bets2021_SI2\src\main\resources\bets.temp' has been recovered (tr. 119-126)

[2020-10-18 23:51:07 #2 store] 
Database 'C:\Users\reiba\git\Bets2021_SI2\src\main\resources\bets.temp' is opened by 9536@P

[2020-10-18 23:51:07 #3 type] 
Type domain.Kuota is not enhanced.

[2020-10-18 23:51:07 #4 type] 
Type domain.Question is not enhanced.

[2020-10-18 23:51:07 #5 type] 
Type domain.Event is not enhanced.

[2020-10-18 23:51:07 #6 type] 
Type domain.Erabiltzaile is not enhanced.

[2020-10-18 23:51:07 #7 type] 
Type domain.Admin is not enhanced.

[2020-10-18 23:51:07 #8 type] 
Type domain.Mugimendu is not enhanced.

[2020-10-18 23:51:07 #9 type] 
Type domain.Apustua is not enhanced.

[2020-10-18 23:51:07 #10 type] 
Type domain.Bezero is not enhanced.

[2020-10-18 23:51:07 #11 type] 
Type domain.DiruMug is not enhanced.

------------------------------------------------------------------------------------------------------------------------

[2020-10-18 23:51:59 #1 store] 
Database 'C:\Users\reiba\git\Bets2021_SI2\src\main\resources\bets.temp' has been recovered (tr. 127-134)

[2020-10-18 23:51:59 #2 store] 
Database 'C:\Users\reiba\git\Bets2021_SI2\src\main\resources\bets.temp' is opened by 6908@P

[2020-10-18 23:51:59 #3 type] 
Type domain.Kuota is not enhanced.

[2020-10-18 23:51:59 #4 type] 
Type domain.Question is not enhanced.

[2020-10-18 23:51:59 #5 type] 
Type domain.Event is not enhanced.

[2020-10-18 23:51:59 #6 type] 
Type domain.Erabiltzaile is not enhanced.

[2020-10-18 23:51:59 #7 type] 
Type domain.Admin is not enhanced.

[2020-10-18 23:51:59 #8 type] 
Type domain.Mugimendu is not enhanced.

[2020-10-18 23:51:59 #9 type] 
Type domain.Apustua is not enhanced.

[2020-10-18 23:51:59 #10 type] 
Type domain.Bezero is not enhanced.

[2020-10-18 23:51:59 #11 type] 
Type domain.DiruMug is not enhanced.

