------------------------------------------------------------------------------------------------------------------------

[2020-04-12 21:00:59 #1 store] 
Database 'C:\Users\Iker\Desktop\Iker\Uni\2.maila\SI\Proiektua\bets2020\src\main\resources\bets.temp' has been recovered (tr. 195-195)

[2020-04-12 21:00:59 #2 store] 
Database 'C:\Users\Iker\Desktop\Iker\Uni\2.maila\SI\Proiektua\bets2020\src\main\resources\bets.temp' is opened by 17892@MSI

[2020-04-12 21:01:00 #3 type] 
Type domain.Erabiltzaile is not enhanced.

[2020-04-12 21:01:00 #4 type.registry] 
New type domain.Mugimendu

[2020-04-12 21:01:00 #5 type.registry] 
New type java.util.Vector<domain.Mugimendu>

[2020-04-12 21:01:00 #6 type] 
Type domain.Admin is not enhanced.

[2020-04-12 21:01:00 #7 type] 
Type domain.Bezero is not enhanced.

[2020-04-12 21:01:00 #8 type] 
Type domain.Question is not enhanced.

[2020-04-12 21:01:00 #9 type] 
Type domain.Event is not enhanced.

[2020-04-12 21:01:00 #10 type] 
Type domain.Kuota is not enhanced.

[2020-04-12 21:01:00 #11 type] 
Type domain.Apustua is not enhanced.

[2020-04-12 21:01:00 #12 type] 
Type domain.Mugimendu is not enhanced.

------------------------------------------------------------------------------------------------------------------------

[2020-04-12 21:04:45 #1 store] 
Database 'C:\Users\Iker\Desktop\Iker\Uni\2.maila\SI\Proiektua\bets2020\src\main\resources\bets.temp' is opened by 18224@MSI

[2020-04-12 21:04:45 #2 type] 
Type domain.Erabiltzaile is not enhanced.

[2020-04-12 21:04:45 #3 type] 
Type domain.Admin is not enhanced.

[2020-04-12 21:04:45 #4 type] 
Type domain.Bezero is not enhanced.

[2020-04-12 21:04:45 #5 type] 
Type domain.Question is not enhanced.

[2020-04-12 21:04:45 #6 type] 
Type domain.Event is not enhanced.

[2020-04-12 21:04:45 #7 type] 
Type domain.Kuota is not enhanced.

[2020-04-12 21:04:45 #8 type] 
Type domain.Apustua is not enhanced.

[2020-04-12 21:04:45 #9 type] 
Type domain.Mugimendu is not enhanced.

------------------------------------------------------------------------------------------------------------------------

[2020-04-12 21:12:25 #1 store] 
Database 'C:\Users\Iker\Desktop\Iker\Uni\2.maila\SI\Proiektua\bets2020\src\main\resources\bets.temp' is opened by 2600@MSI

[2020-04-12 21:12:25 #2 type] 
Type domain.Erabiltzaile is not enhanced.

[2020-04-12 21:12:25 #3 type] 
Type domain.Admin is not enhanced.

[2020-04-12 21:12:25 #4 type] 
Type domain.Bezero is not enhanced.

[2020-04-12 21:12:25 #5 type] 
Type domain.Question is not enhanced.

[2020-04-12 21:12:25 #6 type] 
Type domain.Event is not enhanced.

[2020-04-12 21:12:25 #7 type] 
Type domain.Kuota is not enhanced.

[2020-04-12 21:12:25 #8 type] 
Type domain.Apustua is not enhanced.

[2020-04-12 21:12:25 #9 type] 
Type domain.Mugimendu is not enhanced.

------------------------------------------------------------------------------------------------------------------------

[2020-04-12 21:14:18 #1 store] 
Database 'C:\Users\Iker\Desktop\Iker\Uni\2.maila\SI\Proiektua\bets2020\src\main\resources\bets.temp' is opened by 17620@MSI

[2020-04-12 21:14:18 #2 type] 
Type domain.Erabiltzaile is not enhanced.

[2020-04-12 21:14:18 #3 type] 
Type domain.Admin is not enhanced.

[2020-04-12 21:14:18 #4 type] 
Type domain.Bezero is not enhanced.

[2020-04-12 21:14:18 #5 type] 
Type domain.Question is not enhanced.

[2020-04-12 21:14:18 #6 type] 
Type domain.Event is not enhanced.

[2020-04-12 21:14:18 #7 type] 
Type domain.Kuota is not enhanced.

[2020-04-12 21:14:18 #8 type] 
Type domain.Apustua is not enhanced.

[2020-04-12 21:14:18 #9 type] 
Type domain.Mugimendu is not enhanced.

