------------------------------------------------------------------------------------------------------------------------

[2020-03-29 00:11:35 #1 store] 
Database 'C:\Users\Iker\Desktop\Iker\Uni\2.maila\SI\Proiektua\bets2020\src\main\resources\bets.temp' is opened by 21212@MSI

[2020-03-29 00:11:35 #2 type] 
Type domain.Erabiltzaile is not enhanced.

[2020-03-29 00:11:35 #3 type] 
Type domain.Admin is not enhanced.

[2020-03-29 00:11:35 #4 type] 
Type domain.Bezero is not enhanced.

[2020-03-29 00:11:35 #5 type] 
Type domain.Question is not enhanced.

[2020-03-29 00:11:35 #6 type] 
Type domain.Event is not enhanced.

[2020-03-29 00:11:35 #7 type] 
Type domain.Kuota is not enhanced.

[2020-03-29 00:11:35 #8 type] 
Type domain.Apustua is not enhanced.

------------------------------------------------------------------------------------------------------------------------

[2020-03-29 13:44:50 #1 store] 
Database 'C:\Users\Iker\Desktop\Iker\Uni\2.maila\SI\Proiektua\bets2020\src\main\resources\bets.temp' is opened by 1784@MSI

[2020-03-29 13:44:50 #2 type] 
Type domain.Erabiltzaile is not enhanced.

[2020-03-29 13:44:50 #3 type] 
Type domain.Admin is not enhanced.

[2020-03-29 13:44:50 #4 type] 
Type domain.Bezero is not enhanced.

[2020-03-29 13:44:50 #5 type] 
Type domain.Question is not enhanced.

[2020-03-29 13:44:50 #6 type] 
Type domain.Event is not enhanced.

[2020-03-29 13:44:50 #7 type] 
Type domain.Kuota is not enhanced.

[2020-03-29 13:44:50 #8 type] 
Type domain.Apustua is not enhanced.

------------------------------------------------------------------------------------------------------------------------

[2020-03-29 13:48:44 #1 store] 
Database 'C:\Users\Iker\Desktop\Iker\Uni\2.maila\SI\Proiektua\bets2020\src\main\resources\bets.temp' is opened by 10292@MSI

[2020-03-29 13:48:44 #2 type] 
Type domain.Erabiltzaile is not enhanced.

[2020-03-29 13:48:44 #3 type] 
Type domain.Admin is not enhanced.

[2020-03-29 13:48:44 #4 type] 
Type domain.Bezero is not enhanced.

[2020-03-29 13:48:44 #5 type] 
Type domain.Question is not enhanced.

[2020-03-29 13:48:44 #6 type] 
Type domain.Event is not enhanced.

[2020-03-29 13:48:44 #7 type] 
Type domain.Kuota is not enhanced.

[2020-03-29 13:48:44 #8 type] 
Type domain.Apustua is not enhanced.

------------------------------------------------------------------------------------------------------------------------

[2020-03-29 13:52:07 #1 store] 
Database 'C:\Users\Iker\Desktop\Iker\Uni\2.maila\SI\Proiektua\bets2020\src\main\resources\bets.temp' is opened by 17212@MSI

[2020-03-29 13:52:07 #2 type] 
Type domain.Erabiltzaile is not enhanced.

[2020-03-29 13:52:07 #3 type] 
Type domain.Admin is not enhanced.

[2020-03-29 13:52:07 #4 type] 
Type domain.Bezero is not enhanced.

[2020-03-29 13:52:07 #5 type] 
Type domain.Question is not enhanced.

[2020-03-29 13:52:07 #6 type] 
Type domain.Event is not enhanced.

[2020-03-29 13:52:07 #7 type] 
Type domain.Kuota is not enhanced.

[2020-03-29 13:52:07 #8 type] 
Type domain.Apustua is not enhanced.

------------------------------------------------------------------------------------------------------------------------

[2020-03-29 13:54:02 #1 store] 
Database 'C:\Users\Iker\Desktop\Iker\Uni\2.maila\SI\Proiektua\bets2020\src\main\resources\bets.temp' is opened by 872@MSI

[2020-03-29 13:54:02 #2 type] 
Type domain.Erabiltzaile is not enhanced.

[2020-03-29 13:54:02 #3 type] 
Type domain.Admin is not enhanced.

[2020-03-29 13:54:02 #4 type] 
Type domain.Bezero is not enhanced.

[2020-03-29 13:54:02 #5 type] 
Type domain.Question is not enhanced.

[2020-03-29 13:54:02 #6 type] 
Type domain.Event is not enhanced.

[2020-03-29 13:54:02 #7 type] 
Type domain.Kuota is not enhanced.

[2020-03-29 13:54:02 #8 type] 
Type domain.Apustua is not enhanced.

------------------------------------------------------------------------------------------------------------------------

[2020-03-29 13:59:57 #1 store] 
Database 'C:\Users\Iker\Desktop\Iker\Uni\2.maila\SI\Proiektua\bets2020\src\main\resources\bets.temp' is opened by 19352@MSI

[2020-03-29 13:59:57 #2 type] 
Type domain.Erabiltzaile is not enhanced.

[2020-03-29 13:59:57 #3 type] 
Type domain.Admin is not enhanced.

[2020-03-29 13:59:57 #4 type] 
Type domain.Bezero is not enhanced.

[2020-03-29 13:59:57 #5 type] 
Type domain.Question is not enhanced.

[2020-03-29 13:59:57 #6 type] 
Type domain.Event is not enhanced.

[2020-03-29 13:59:57 #7 type] 
Type domain.Kuota is not enhanced.

[2020-03-29 13:59:57 #8 type] 
Type domain.Apustua is not enhanced.

------------------------------------------------------------------------------------------------------------------------

[2020-03-29 14:03:22 #1 store] 
Database 'C:\Users\Iker\Desktop\Iker\Uni\2.maila\SI\Proiektua\bets2020\src\main\resources\bets.temp' is opened by 12184@MSI

[2020-03-29 14:03:22 #2 type] 
Type domain.Erabiltzaile is not enhanced.

[2020-03-29 14:03:22 #3 type] 
Type domain.Admin is not enhanced.

[2020-03-29 14:03:22 #4 type] 
Type domain.Bezero is not enhanced.

[2020-03-29 14:03:22 #5 type] 
Type domain.Question is not enhanced.

[2020-03-29 14:03:22 #6 type] 
Type domain.Event is not enhanced.

[2020-03-29 14:03:22 #7 type] 
Type domain.Kuota is not enhanced.

[2020-03-29 14:03:22 #8 type] 
Type domain.Apustua is not enhanced.

------------------------------------------------------------------------------------------------------------------------

[2020-03-29 14:09:59 #1 store] 
Database 'C:\Users\Iker\Desktop\Iker\Uni\2.maila\SI\Proiektua\bets2020\src\main\resources\bets.temp' is opened by 17148@MSI

[2020-03-29 14:09:59 #2 type] 
Type domain.Erabiltzaile is not enhanced.

[2020-03-29 14:09:59 #3 type] 
Type domain.Admin is not enhanced.

[2020-03-29 14:09:59 #4 type] 
Type domain.Bezero is not enhanced.

[2020-03-29 14:09:59 #5 type] 
Type domain.Question is not enhanced.

[2020-03-29 14:09:59 #6 type] 
Type domain.Event is not enhanced.

[2020-03-29 14:09:59 #7 type] 
Type domain.Kuota is not enhanced.

[2020-03-29 14:09:59 #8 type] 
Type domain.Apustua is not enhanced.

------------------------------------------------------------------------------------------------------------------------

[2020-03-29 14:11:07 #1 store] 
Database 'C:\Users\Iker\Desktop\Iker\Uni\2.maila\SI\Proiektua\bets2020\src\main\resources\bets.temp' is opened by 1076@MSI

[2020-03-29 14:11:07 #2 type] 
Type domain.Erabiltzaile is not enhanced.

[2020-03-29 14:11:07 #3 type] 
Type domain.Admin is not enhanced.

[2020-03-29 14:11:07 #4 type] 
Type domain.Bezero is not enhanced.

[2020-03-29 14:11:07 #5 type] 
Type domain.Question is not enhanced.

[2020-03-29 14:11:07 #6 type] 
Type domain.Event is not enhanced.

[2020-03-29 14:11:07 #7 type] 
Type domain.Kuota is not enhanced.

[2020-03-29 14:11:07 #8 type] 
Type domain.Apustua is not enhanced.

------------------------------------------------------------------------------------------------------------------------

[2020-03-29 14:13:18 #1 store] 
Database 'C:\Users\Iker\Desktop\Iker\Uni\2.maila\SI\Proiektua\bets2020\src\main\resources\bets.temp' is opened by 16768@MSI

[2020-03-29 14:13:18 #2 type] 
Type domain.Erabiltzaile is not enhanced.

[2020-03-29 14:13:18 #3 type] 
Type domain.Admin is not enhanced.

[2020-03-29 14:13:18 #4 type] 
Type domain.Bezero is not enhanced.

[2020-03-29 14:13:18 #5 type] 
Type domain.Question is not enhanced.

[2020-03-29 14:13:18 #6 type] 
Type domain.Event is not enhanced.

[2020-03-29 14:13:18 #7 type] 
Type domain.Kuota is not enhanced.

[2020-03-29 14:13:18 #8 type] 
Type domain.Apustua is not enhanced.

------------------------------------------------------------------------------------------------------------------------

[2020-03-29 16:59:00 #1 store] 
Database 'C:\Users\Iker\Desktop\Iker\Uni\2.maila\SI\Proiektua\bets2020\src\main\resources\bets.temp' is opened by 4152@MSI

[2020-03-29 16:59:01 #2 type] 
Type domain.Erabiltzaile is not enhanced.

[2020-03-29 16:59:01 #3 type] 
Type domain.Admin is not enhanced.

[2020-03-29 16:59:01 #4 type] 
Type domain.Bezero is not enhanced.

[2020-03-29 16:59:01 #5 type] 
Type domain.Question is not enhanced.

[2020-03-29 16:59:01 #6 type] 
Type domain.Event is not enhanced.

[2020-03-29 16:59:01 #7 type] 
Type domain.Kuota is not enhanced.

[2020-03-29 16:59:01 #8 type] 
Type domain.Apustua is not enhanced.

------------------------------------------------------------------------------------------------------------------------

[2020-03-29 17:00:08 #1 store] 
Database 'C:\Users\Iker\Desktop\Iker\Uni\2.maila\SI\Proiektua\bets2020\src\main\resources\bets.temp' is opened by 2524@MSI

[2020-03-29 17:00:08 #2 type] 
Type domain.Erabiltzaile is not enhanced.

[2020-03-29 17:00:08 #3 type] 
Type domain.Admin is not enhanced.

[2020-03-29 17:00:08 #4 type] 
Type domain.Bezero is not enhanced.

[2020-03-29 17:00:08 #5 type] 
Type domain.Question is not enhanced.

[2020-03-29 17:00:08 #6 type] 
Type domain.Event is not enhanced.

[2020-03-29 17:00:08 #7 type] 
Type domain.Kuota is not enhanced.

[2020-03-29 17:00:08 #8 type] 
Type domain.Apustua is not enhanced.

------------------------------------------------------------------------------------------------------------------------

[2020-03-29 17:01:35 #1 store] 
Database 'C:\Users\Iker\Desktop\Iker\Uni\2.maila\SI\Proiektua\bets2020\src\main\resources\bets.temp' is opened by 14576@MSI

[2020-03-29 17:01:35 #2 type] 
Type domain.Erabiltzaile is not enhanced.

[2020-03-29 17:01:35 #3 type] 
Type domain.Admin is not enhanced.

[2020-03-29 17:01:35 #4 type] 
Type domain.Bezero is not enhanced.

[2020-03-29 17:01:35 #5 type] 
Type domain.Question is not enhanced.

[2020-03-29 17:01:35 #6 type] 
Type domain.Event is not enhanced.

[2020-03-29 17:01:35 #7 type] 
Type domain.Kuota is not enhanced.

[2020-03-29 17:01:35 #8 type] 
Type domain.Apustua is not enhanced.

------------------------------------------------------------------------------------------------------------------------

[2020-03-29 17:09:16 #1 store] 
Database 'C:\Users\Iker\Desktop\Iker\Uni\2.maila\SI\Proiektua\bets2020\src\main\resources\bets.temp' is opened by 19312@MSI

[2020-03-29 17:09:16 #2 type] 
Type domain.Erabiltzaile is not enhanced.

[2020-03-29 17:09:16 #3 type] 
Type domain.Admin is not enhanced.

[2020-03-29 17:09:16 #4 type] 
Type domain.Bezero is not enhanced.

[2020-03-29 17:09:16 #5 type] 
Type domain.Question is not enhanced.

[2020-03-29 17:09:16 #6 type] 
Type domain.Event is not enhanced.

[2020-03-29 17:09:16 #7 type] 
Type domain.Kuota is not enhanced.

[2020-03-29 17:09:16 #8 type] 
Type domain.Apustua is not enhanced.

------------------------------------------------------------------------------------------------------------------------

[2020-03-29 17:10:49 #1 store] 
Database 'C:\Users\Iker\Desktop\Iker\Uni\2.maila\SI\Proiektua\bets2020\src\main\resources\bets.temp' is opened by 9396@MSI

[2020-03-29 17:10:49 #2 type] 
Type domain.Erabiltzaile is not enhanced.

[2020-03-29 17:10:49 #3 type] 
Type domain.Admin is not enhanced.

[2020-03-29 17:10:49 #4 type] 
Type domain.Bezero is not enhanced.

[2020-03-29 17:10:49 #5 type] 
Type domain.Question is not enhanced.

[2020-03-29 17:10:49 #6 type] 
Type domain.Event is not enhanced.

[2020-03-29 17:10:49 #7 type] 
Type domain.Kuota is not enhanced.

[2020-03-29 17:10:49 #8 type] 
Type domain.Apustua is not enhanced.

------------------------------------------------------------------------------------------------------------------------

[2020-03-29 17:16:32 #1 store] 
Database 'C:\Users\Iker\Desktop\Iker\Uni\2.maila\SI\Proiektua\bets2020\src\main\resources\bets.temp' is opened by 15560@MSI

[2020-03-29 17:16:32 #2 type] 
Type domain.Erabiltzaile is not enhanced.

[2020-03-29 17:16:32 #3 type] 
Type domain.Admin is not enhanced.

[2020-03-29 17:16:32 #4 type] 
Type domain.Bezero is not enhanced.

[2020-03-29 17:16:32 #5 type] 
Type domain.Question is not enhanced.

[2020-03-29 17:16:32 #6 type] 
Type domain.Event is not enhanced.

[2020-03-29 17:16:32 #7 type] 
Type domain.Kuota is not enhanced.

[2020-03-29 17:16:32 #8 type] 
Type domain.Apustua is not enhanced.

------------------------------------------------------------------------------------------------------------------------

[2020-03-29 17:18:18 #1 store] 
Database 'C:\Users\Iker\Desktop\Iker\Uni\2.maila\SI\Proiektua\bets2020\src\main\resources\bets.temp' is opened by 8100@MSI

[2020-03-29 17:18:18 #2 type] 
Type domain.Erabiltzaile is not enhanced.

[2020-03-29 17:18:18 #3 type] 
Type domain.Admin is not enhanced.

[2020-03-29 17:18:18 #4 type] 
Type domain.Bezero is not enhanced.

[2020-03-29 17:18:18 #5 type] 
Type domain.Question is not enhanced.

[2020-03-29 17:18:18 #6 type] 
Type domain.Event is not enhanced.

[2020-03-29 17:18:18 #7 type] 
Type domain.Kuota is not enhanced.

[2020-03-29 17:18:18 #8 type] 
Type domain.Apustua is not enhanced.

------------------------------------------------------------------------------------------------------------------------

[2020-03-29 17:24:51 #1 store] 
Database 'C:\Users\Iker\Desktop\Iker\Uni\2.maila\SI\Proiektua\bets2020\src\main\resources\bets.temp' is opened by 16016@MSI

[2020-03-29 17:24:52 #2 type] 
Type domain.Erabiltzaile is not enhanced.

[2020-03-29 17:24:52 #3 type] 
Type domain.Admin is not enhanced.

[2020-03-29 17:24:52 #4 type] 
Type domain.Bezero is not enhanced.

[2020-03-29 17:24:52 #5 type] 
Type domain.Question is not enhanced.

[2020-03-29 17:24:52 #6 type] 
Type domain.Event is not enhanced.

[2020-03-29 17:24:52 #7 type] 
Type domain.Kuota is not enhanced.

[2020-03-29 17:24:52 #8 type] 
Type domain.Apustua is not enhanced.

------------------------------------------------------------------------------------------------------------------------

[2020-03-29 17:27:02 #1 store] 
Database 'C:\Users\Iker\Desktop\Iker\Uni\2.maila\SI\Proiektua\bets2020\src\main\resources\bets.temp' is opened by 252@MSI

[2020-03-29 17:27:02 #2 type] 
Type domain.Erabiltzaile is not enhanced.

[2020-03-29 17:27:02 #3 type] 
Type domain.Admin is not enhanced.

[2020-03-29 17:27:02 #4 type] 
Type domain.Bezero is not enhanced.

[2020-03-29 17:27:02 #5 type] 
Type domain.Question is not enhanced.

[2020-03-29 17:27:02 #6 type] 
Type domain.Event is not enhanced.

[2020-03-29 17:27:02 #7 type] 
Type domain.Kuota is not enhanced.

[2020-03-29 17:27:02 #8 type] 
Type domain.Apustua is not enhanced.

------------------------------------------------------------------------------------------------------------------------

[2020-03-29 17:31:36 #1 store] 
Database 'C:\Users\Iker\Desktop\Iker\Uni\2.maila\SI\Proiektua\bets2020\src\main\resources\bets.temp' is opened by 15176@MSI

[2020-03-29 17:31:36 #2 type] 
Type domain.Erabiltzaile is not enhanced.

[2020-03-29 17:31:36 #3 type] 
Type domain.Admin is not enhanced.

[2020-03-29 17:31:36 #4 type] 
Type domain.Bezero is not enhanced.

[2020-03-29 17:31:36 #5 type] 
Type domain.Question is not enhanced.

[2020-03-29 17:31:36 #6 type] 
Type domain.Event is not enhanced.

[2020-03-29 17:31:36 #7 type] 
Type domain.Kuota is not enhanced.

[2020-03-29 17:31:36 #8 type] 
Type domain.Apustua is not enhanced.

------------------------------------------------------------------------------------------------------------------------

[2020-03-29 17:34:02 #1 store] 
Database 'C:\Users\Iker\Desktop\Iker\Uni\2.maila\SI\Proiektua\bets2020\src\main\resources\bets.temp' is opened by 18040@MSI

[2020-03-29 17:34:02 #2 type] 
Type domain.Erabiltzaile is not enhanced.

[2020-03-29 17:34:02 #3 type] 
Type domain.Admin is not enhanced.

[2020-03-29 17:34:02 #4 type] 
Type domain.Bezero is not enhanced.

[2020-03-29 17:34:02 #5 type] 
Type domain.Question is not enhanced.

[2020-03-29 17:34:02 #6 type] 
Type domain.Event is not enhanced.

[2020-03-29 17:34:02 #7 type] 
Type domain.Kuota is not enhanced.

[2020-03-29 17:34:02 #8 type] 
Type domain.Apustua is not enhanced.

------------------------------------------------------------------------------------------------------------------------

[2020-03-29 17:35:53 #1 store] 
Database 'C:\Users\Iker\Desktop\Iker\Uni\2.maila\SI\Proiektua\bets2020\src\main\resources\bets.temp' is opened by 13776@MSI

[2020-03-29 17:35:53 #2 type] 
Type domain.Erabiltzaile is not enhanced.

[2020-03-29 17:35:53 #3 type] 
Type domain.Admin is not enhanced.

[2020-03-29 17:35:53 #4 type] 
Type domain.Bezero is not enhanced.

[2020-03-29 17:35:53 #5 type] 
Type domain.Question is not enhanced.

[2020-03-29 17:35:53 #6 type] 
Type domain.Event is not enhanced.

[2020-03-29 17:35:53 #7 type] 
Type domain.Kuota is not enhanced.

[2020-03-29 17:35:53 #8 type] 
Type domain.Apustua is not enhanced.

------------------------------------------------------------------------------------------------------------------------

[2020-03-29 17:40:13 #1 store] 
Database 'C:\Users\Iker\Desktop\Iker\Uni\2.maila\SI\Proiektua\bets2020\src\main\resources\bets.temp' is opened by 8132@MSI

[2020-03-29 17:40:13 #2 type] 
Type domain.Erabiltzaile is not enhanced.

[2020-03-29 17:40:13 #3 type] 
Type domain.Admin is not enhanced.

[2020-03-29 17:40:13 #4 type] 
Type domain.Bezero is not enhanced.

[2020-03-29 17:40:13 #5 type] 
Type domain.Question is not enhanced.

[2020-03-29 17:40:13 #6 type] 
Type domain.Event is not enhanced.

[2020-03-29 17:40:13 #7 type] 
Type domain.Kuota is not enhanced.

[2020-03-29 17:40:13 #8 type] 
Type domain.Apustua is not enhanced.

------------------------------------------------------------------------------------------------------------------------

[2020-03-29 17:44:43 #1 store] 
Database 'C:\Users\Iker\Desktop\Iker\Uni\2.maila\SI\Proiektua\bets2020\src\main\resources\bets.temp' is opened by 6040@MSI

[2020-03-29 17:44:43 #2 type] 
Type domain.Erabiltzaile is not enhanced.

[2020-03-29 17:44:43 #3 type] 
Type domain.Admin is not enhanced.

[2020-03-29 17:44:43 #4 type] 
Type domain.Bezero is not enhanced.

[2020-03-29 17:44:43 #5 type] 
Type domain.Question is not enhanced.

[2020-03-29 17:44:43 #6 type] 
Type domain.Event is not enhanced.

[2020-03-29 17:44:43 #7 type] 
Type domain.Kuota is not enhanced.

[2020-03-29 17:44:43 #8 type] 
Type domain.Apustua is not enhanced.

------------------------------------------------------------------------------------------------------------------------

[2020-03-29 17:51:16 #1 store] 
Database 'C:\Users\Iker\Desktop\Iker\Uni\2.maila\SI\Proiektua\bets2020\src\main\resources\bets.temp' is opened by 2868@MSI

[2020-03-29 17:51:16 #2 type] 
Type domain.Erabiltzaile is not enhanced.

[2020-03-29 17:51:16 #3 type] 
Type domain.Admin is not enhanced.

[2020-03-29 17:51:16 #4 type] 
Type domain.Bezero is not enhanced.

[2020-03-29 17:51:16 #5 type] 
Type domain.Question is not enhanced.

[2020-03-29 17:51:16 #6 type] 
Type domain.Event is not enhanced.

[2020-03-29 17:51:16 #7 type] 
Type domain.Kuota is not enhanced.

[2020-03-29 17:51:16 #8 type] 
Type domain.Apustua is not enhanced.

------------------------------------------------------------------------------------------------------------------------

[2020-03-29 17:55:54 #1 store] 
Database 'C:\Users\Iker\Desktop\Iker\Uni\2.maila\SI\Proiektua\bets2020\src\main\resources\bets.temp' has been recovered (tr. 159-159)

[2020-03-29 17:55:54 #2 store] 
Database 'C:\Users\Iker\Desktop\Iker\Uni\2.maila\SI\Proiektua\bets2020\src\main\resources\bets.temp' is opened by 548@MSI

[2020-03-29 17:55:54 #3 type] 
Type domain.Erabiltzaile is not enhanced.

[2020-03-29 17:55:54 #4 type] 
Type domain.Admin is not enhanced.

[2020-03-29 17:55:54 #5 type] 
Type domain.Bezero is not enhanced.

[2020-03-29 17:55:54 #6 type] 
Type domain.Question is not enhanced.

[2020-03-29 17:55:54 #7 type] 
Type domain.Event is not enhanced.

[2020-03-29 17:55:54 #8 type] 
Type domain.Kuota is not enhanced.

[2020-03-29 17:55:54 #9 type] 
Type domain.Apustua is not enhanced.

------------------------------------------------------------------------------------------------------------------------

[2020-03-29 17:58:11 #1 store] 
Database 'C:\Users\Iker\Desktop\Iker\Uni\2.maila\SI\Proiektua\bets2020\src\main\resources\bets.temp' is opened by 2228@MSI

[2020-03-29 17:58:11 #2 type] 
Type domain.Erabiltzaile is not enhanced.

[2020-03-29 17:58:11 #3 type] 
Type domain.Admin is not enhanced.

[2020-03-29 17:58:11 #4 type] 
Type domain.Bezero is not enhanced.

[2020-03-29 17:58:11 #5 type] 
Type domain.Question is not enhanced.

[2020-03-29 17:58:11 #6 type] 
Type domain.Event is not enhanced.

[2020-03-29 17:58:11 #7 type] 
Type domain.Kuota is not enhanced.

[2020-03-29 17:58:11 #8 type] 
Type domain.Apustua is not enhanced.

------------------------------------------------------------------------------------------------------------------------

[2020-03-29 17:59:00 #1 store] 
Database 'C:\Users\Iker\Desktop\Iker\Uni\2.maila\SI\Proiektua\bets2020\src\main\resources\bets.temp' has been recovered (tr. 160-160)

[2020-03-29 17:59:00 #2 store] 
Database 'C:\Users\Iker\Desktop\Iker\Uni\2.maila\SI\Proiektua\bets2020\src\main\resources\bets.temp' is opened by 7540@MSI

[2020-03-29 17:59:00 #3 type] 
Type domain.Erabiltzaile is not enhanced.

[2020-03-29 17:59:00 #4 type] 
Type domain.Admin is not enhanced.

[2020-03-29 17:59:00 #5 type] 
Type domain.Bezero is not enhanced.

[2020-03-29 17:59:00 #6 type] 
Type domain.Question is not enhanced.

[2020-03-29 17:59:00 #7 type] 
Type domain.Event is not enhanced.

[2020-03-29 17:59:00 #8 type] 
Type domain.Kuota is not enhanced.

[2020-03-29 17:59:00 #9 type] 
Type domain.Apustua is not enhanced.

------------------------------------------------------------------------------------------------------------------------

[2020-03-29 18:01:25 #1 store] 
Database 'C:\Users\Iker\Desktop\Iker\Uni\2.maila\SI\Proiektua\bets2020\src\main\resources\bets.temp' is opened by 5376@MSI

[2020-03-29 18:01:26 #2 type] 
Type domain.Erabiltzaile is not enhanced.

[2020-03-29 18:01:26 #3 type] 
Type domain.Admin is not enhanced.

[2020-03-29 18:01:26 #4 type] 
Type domain.Bezero is not enhanced.

[2020-03-29 18:01:26 #5 type] 
Type domain.Question is not enhanced.

[2020-03-29 18:01:26 #6 type] 
Type domain.Event is not enhanced.

[2020-03-29 18:01:26 #7 type] 
Type domain.Kuota is not enhanced.

[2020-03-29 18:01:26 #8 type] 
Type domain.Apustua is not enhanced.

------------------------------------------------------------------------------------------------------------------------

[2020-03-29 18:05:20 #1 store] 
Database 'C:\Users\Iker\Desktop\Iker\Uni\2.maila\SI\Proiektua\bets2020\src\main\resources\bets.temp' is opened by 3260@MSI

[2020-03-29 18:05:20 #2 type] 
Type domain.Erabiltzaile is not enhanced.

[2020-03-29 18:05:20 #3 type] 
Type domain.Admin is not enhanced.

[2020-03-29 18:05:20 #4 type] 
Type domain.Bezero is not enhanced.

[2020-03-29 18:05:20 #5 type] 
Type domain.Question is not enhanced.

[2020-03-29 18:05:20 #6 type] 
Type domain.Event is not enhanced.

[2020-03-29 18:05:20 #7 type] 
Type domain.Kuota is not enhanced.

[2020-03-29 18:05:20 #8 type] 
Type domain.Apustua is not enhanced.

------------------------------------------------------------------------------------------------------------------------

[2020-03-29 18:43:19 #1 store] 
Database 'C:\Users\Iker\Desktop\Iker\Uni\2.maila\SI\Proiektua\bets2020\src\main\resources\bets.temp' is opened by 2632@MSI

[2020-03-29 18:43:19 #2 type] 
Type domain.Erabiltzaile is not enhanced.

[2020-03-29 18:43:19 #3 type] 
Type domain.Admin is not enhanced.

[2020-03-29 18:43:19 #4 type] 
Type domain.Bezero is not enhanced.

[2020-03-29 18:43:19 #5 type] 
Type domain.Question is not enhanced.

[2020-03-29 18:43:19 #6 type] 
Type domain.Event is not enhanced.

[2020-03-29 18:43:19 #7 type] 
Type domain.Kuota is not enhanced.

[2020-03-29 18:43:19 #8 type] 
Type domain.Apustua is not enhanced.

------------------------------------------------------------------------------------------------------------------------

[2020-03-29 19:57:26 #1 store] 
Database 'C:\Users\Iker\Desktop\Iker\Uni\2.maila\SI\Proiektua\bets2020\src\main\resources\bets.temp' is opened by 7204@MSI

[2020-03-29 19:57:27 #2 type] 
Type domain.Erabiltzaile is not enhanced.

[2020-03-29 19:57:27 #3 type] 
Type domain.Admin is not enhanced.

[2020-03-29 19:57:27 #4 type] 
Type domain.Bezero is not enhanced.

[2020-03-29 19:57:27 #5 type] 
Type domain.Question is not enhanced.

[2020-03-29 19:57:27 #6 type] 
Type domain.Event is not enhanced.

[2020-03-29 19:57:27 #7 type] 
Type domain.Kuota is not enhanced.

[2020-03-29 19:57:27 #8 type] 
Type domain.Apustua is not enhanced.

------------------------------------------------------------------------------------------------------------------------

[2020-03-29 20:00:13 #1 store] 
Database 'C:\Users\Iker\Desktop\Iker\Uni\2.maila\SI\Proiektua\bets2020\src\main\resources\bets.temp' is opened by 19120@MSI

[2020-03-29 20:00:13 #2 type] 
Type domain.Erabiltzaile is not enhanced.

[2020-03-29 20:00:13 #3 type] 
Type domain.Admin is not enhanced.

[2020-03-29 20:00:13 #4 type] 
Type domain.Bezero is not enhanced.

[2020-03-29 20:00:13 #5 type] 
Type domain.Question is not enhanced.

[2020-03-29 20:00:13 #6 type] 
Type domain.Event is not enhanced.

[2020-03-29 20:00:13 #7 type] 
Type domain.Kuota is not enhanced.

[2020-03-29 20:00:13 #8 type] 
Type domain.Apustua is not enhanced.

------------------------------------------------------------------------------------------------------------------------

[2020-03-29 20:12:08 #1 store] 
Database 'C:\Users\Iker\Desktop\Iker\Uni\2.maila\SI\Proiektua\bets2020\src\main\resources\bets.temp' is opened by 8468@MSI

[2020-03-29 20:12:08 #2 type] 
Type domain.Erabiltzaile is not enhanced.

[2020-03-29 20:12:08 #3 type] 
Type domain.Admin is not enhanced.

[2020-03-29 20:12:08 #4 type] 
Type domain.Bezero is not enhanced.

[2020-03-29 20:12:08 #5 type] 
Type domain.Question is not enhanced.

[2020-03-29 20:12:08 #6 type] 
Type domain.Event is not enhanced.

[2020-03-29 20:12:08 #7 type] 
Type domain.Kuota is not enhanced.

[2020-03-29 20:12:08 #8 type] 
Type domain.Apustua is not enhanced.

------------------------------------------------------------------------------------------------------------------------

[2020-03-29 20:13:56 #1 store] 
Database 'C:\Users\Iker\Desktop\Iker\Uni\2.maila\SI\Proiektua\bets2020\src\main\resources\bets.temp' is opened by 19016@MSI

[2020-03-29 20:13:56 #2 type] 
Type domain.Erabiltzaile is not enhanced.

[2020-03-29 20:13:56 #3 type] 
Type domain.Admin is not enhanced.

[2020-03-29 20:13:56 #4 type] 
Type domain.Bezero is not enhanced.

[2020-03-29 20:13:56 #5 type] 
Type domain.Question is not enhanced.

[2020-03-29 20:13:56 #6 type] 
Type domain.Event is not enhanced.

[2020-03-29 20:13:56 #7 type] 
Type domain.Kuota is not enhanced.

[2020-03-29 20:13:56 #8 type] 
Type domain.Apustua is not enhanced.

------------------------------------------------------------------------------------------------------------------------

[2020-03-29 20:16:35 #1 store] 
Database 'C:\Users\Iker\Desktop\Iker\Uni\2.maila\SI\Proiektua\bets2020\src\main\resources\bets.temp' is opened by 17764@MSI

[2020-03-29 20:16:35 #2 type] 
Type domain.Erabiltzaile is not enhanced.

[2020-03-29 20:16:35 #3 type] 
Type domain.Admin is not enhanced.

[2020-03-29 20:16:35 #4 type] 
Type domain.Bezero is not enhanced.

[2020-03-29 20:16:35 #5 type] 
Type domain.Question is not enhanced.

[2020-03-29 20:16:35 #6 type] 
Type domain.Event is not enhanced.

[2020-03-29 20:16:35 #7 type] 
Type domain.Kuota is not enhanced.

[2020-03-29 20:16:35 #8 type] 
Type domain.Apustua is not enhanced.

------------------------------------------------------------------------------------------------------------------------

[2020-03-29 20:22:50 #1 store] 
Database 'C:\Users\Iker\Desktop\Iker\Uni\2.maila\SI\Proiektua\bets2020\src\main\resources\bets.temp' is opened by 13500@MSI

[2020-03-29 20:22:50 #2 type] 
Type domain.Erabiltzaile is not enhanced.

[2020-03-29 20:22:50 #3 type] 
Type domain.Admin is not enhanced.

[2020-03-29 20:22:50 #4 type] 
Type domain.Bezero is not enhanced.

[2020-03-29 20:22:50 #5 type] 
Type domain.Question is not enhanced.

[2020-03-29 20:22:50 #6 type] 
Type domain.Event is not enhanced.

[2020-03-29 20:22:50 #7 type] 
Type domain.Kuota is not enhanced.

[2020-03-29 20:22:50 #8 type] 
Type domain.Apustua is not enhanced.

------------------------------------------------------------------------------------------------------------------------

[2020-03-29 20:24:03 #1 store] 
Database 'C:\Users\Iker\Desktop\Iker\Uni\2.maila\SI\Proiektua\bets2020\src\main\resources\bets.temp' is opened by 16628@MSI

[2020-03-29 20:24:03 #2 type] 
Type domain.Erabiltzaile is not enhanced.

[2020-03-29 20:24:03 #3 type] 
Type domain.Admin is not enhanced.

[2020-03-29 20:24:03 #4 type] 
Type domain.Bezero is not enhanced.

[2020-03-29 20:24:03 #5 type] 
Type domain.Question is not enhanced.

[2020-03-29 20:24:03 #6 type] 
Type domain.Event is not enhanced.

[2020-03-29 20:24:03 #7 type] 
Type domain.Kuota is not enhanced.

[2020-03-29 20:24:03 #8 type] 
Type domain.Apustua is not enhanced.

