------------------------------------------------------------------------------------------------------------------------

[2020-05-01 16:01:13 #1 store] 
Database 'C:\Users\Iker\Desktop\Iker\Uni\2.maila\SI\Proiektua\bets2020\src\main\resources\bets.temp' is opened by 17748@MSI

[2020-05-01 16:01:13 #2 type] 
Type domain.Kuota is not enhanced.

[2020-05-01 16:01:13 #3 type] 
Type domain.Question is not enhanced.

[2020-05-01 16:01:13 #4 type] 
Type domain.Event is not enhanced.

[2020-05-01 16:01:13 #5 type] 
Type domain.Erabiltzaile is not enhanced.

[2020-05-01 16:01:13 #6 type.registry] 
New type java.util.Vector<domain.Erabiltzaile>

[2020-05-01 16:01:13 #7 type] 
Type domain.Admin is not enhanced.

[2020-05-01 16:01:13 #8 type] 
Type domain.Mugimendu is not enhanced.

[2020-05-01 16:01:13 #9 type] 
Type domain.Apustua is not enhanced.

[2020-05-01 16:01:13 #10 type] 
Type domain.Bezero is not enhanced.

[2020-05-01 16:01:13 #11 type] 
Type domain.DiruMug is not enhanced.

------------------------------------------------------------------------------------------------------------------------

[2020-05-01 16:02:14 #1 store] 
Database 'C:\Users\Iker\Desktop\Iker\Uni\2.maila\SI\Proiektua\bets2020\src\main\resources\bets.temp' has been recovered (tr. 29-29)

[2020-05-01 16:02:14 #2 store] 
Database 'C:\Users\Iker\Desktop\Iker\Uni\2.maila\SI\Proiektua\bets2020\src\main\resources\bets.temp' is opened by 20084@MSI

[2020-05-01 16:02:14 #3 type] 
Type domain.Kuota is not enhanced.

[2020-05-01 16:02:14 #4 type] 
Type domain.Question is not enhanced.

[2020-05-01 16:02:14 #5 type] 
Type domain.Event is not enhanced.

[2020-05-01 16:02:14 #6 type] 
Type domain.Erabiltzaile is not enhanced.

[2020-05-01 16:02:14 #7 type] 
Type domain.Admin is not enhanced.

[2020-05-01 16:02:14 #8 type] 
Type domain.Mugimendu is not enhanced.

[2020-05-01 16:02:14 #9 type] 
Type domain.Apustua is not enhanced.

[2020-05-01 16:02:14 #10 type] 
Type domain.Bezero is not enhanced.

[2020-05-01 16:02:14 #11 type] 
Type domain.DiruMug is not enhanced.

------------------------------------------------------------------------------------------------------------------------

[2020-05-01 16:05:04 #1 store] 
Database 'C:\Users\Iker\Desktop\Iker\Uni\2.maila\SI\Proiektua\bets2020\src\main\resources\bets.temp' is opened by 9916@MSI

[2020-05-01 16:05:05 #2 type] 
Type domain.Kuota is not enhanced.

[2020-05-01 16:05:05 #3 type] 
Type domain.Question is not enhanced.

[2020-05-01 16:05:05 #4 type] 
Type domain.Event is not enhanced.

[2020-05-01 16:05:05 #5 type] 
Type domain.Erabiltzaile is not enhanced.

[2020-05-01 16:05:05 #6 type] 
Type domain.Admin is not enhanced.

[2020-05-01 16:05:05 #7 type] 
Type domain.Mugimendu is not enhanced.

[2020-05-01 16:05:05 #8 type] 
Type domain.Apustua is not enhanced.

[2020-05-01 16:05:05 #9 type] 
Type domain.Bezero is not enhanced.

[2020-05-01 16:05:05 #10 type] 
Type domain.DiruMug is not enhanced.

------------------------------------------------------------------------------------------------------------------------

[2020-05-01 16:11:01 #1 type.registry] 
New type domain.Erabiltzaile

[2020-05-01 16:11:01 #2 type] 
Type domain.Erabiltzaile is not enhanced.

[2020-05-01 16:11:01 #3 type.registry] 
New type java.util.Vector<domain.Erabiltzaile>

[2020-05-01 16:11:01 #4 type.registry] 
New type domain.Mugimendu

[2020-05-01 16:11:01 #5 type.registry] 
New type java.util.Vector<domain.Mugimendu>

[2020-05-01 16:11:01 #6 type.registry] 
New type domain.Apustua

[2020-05-01 16:11:01 #7 type.registry] 
New type java.util.Vector<domain.Apustua>

[2020-05-01 16:11:01 #8 type] 
Type domain.Mugimendu is not enhanced.

[2020-05-01 16:11:01 #9 type] 
Type domain.Apustua is not enhanced.

[2020-05-01 16:11:01 #10 type.registry] 
New type domain.Kuota

[2020-05-01 16:11:01 #11 type.registry] 
New type java.util.Vector<domain.Kuota>

[2020-05-01 16:11:01 #12 type] 
Type domain.Kuota is not enhanced.

[2020-05-01 16:11:01 #13 type.registry] 
New type domain.Question

[2020-05-01 16:11:01 #14 type] 
Type domain.Question is not enhanced.

[2020-05-01 16:11:01 #15 type.registry] 
New type domain.Event

[2020-05-01 16:11:01 #16 type] 
Type domain.Event is not enhanced.

[2020-05-01 16:11:01 #17 type.registry] 
New type java.util.Vector<domain.Question>

------------------------------------------------------------------------------------------------------------------------

[2020-05-01 16:13:09 #1 type.registry] 
New type domain.Kuota

[2020-05-01 16:13:09 #2 type] 
Type domain.Kuota is not enhanced.

[2020-05-01 16:13:09 #3 type.registry] 
New type domain.Question

[2020-05-01 16:13:09 #4 type] 
Type domain.Question is not enhanced.

[2020-05-01 16:13:10 #5 type.registry] 
New type java.util.Vector<domain.Kuota>

[2020-05-01 16:13:10 #6 type.registry] 
New type domain.Event

[2020-05-01 16:13:10 #7 type] 
Type domain.Event is not enhanced.

[2020-05-01 16:13:10 #8 type.registry] 
New type java.util.Vector<domain.Question>

[2020-05-01 16:13:10 #9 type.registry] 
New type domain.Erabiltzaile

[2020-05-01 16:13:10 #10 type.registry] 
New type domain.Admin

[2020-05-01 16:13:10 #11 type] 
Type domain.Erabiltzaile is not enhanced.

[2020-05-01 16:13:10 #12 type.registry] 
New type java.util.Vector<domain.Erabiltzaile>

[2020-05-01 16:13:10 #13 type.registry] 
New type domain.Mugimendu

[2020-05-01 16:13:10 #14 type.registry] 
New type java.util.Vector<domain.Mugimendu>

[2020-05-01 16:13:10 #15 type.registry] 
New type domain.Apustua

[2020-05-01 16:13:10 #16 type.registry] 
New type java.util.Vector<domain.Apustua>

[2020-05-01 16:13:10 #17 type] 
Type domain.Admin is not enhanced.

[2020-05-01 16:13:10 #18 type] 
Type domain.Mugimendu is not enhanced.

[2020-05-01 16:13:10 #19 type] 
Type domain.Apustua is not enhanced.

[2020-05-01 16:13:10 #20 type.registry] 
New type domain.Bezero

[2020-05-01 16:13:10 #21 type] 
Type domain.Bezero is not enhanced.

[2020-05-01 16:13:10 #22 type.registry] 
New type java.util.Vector<java.lang.Object>

------------------------------------------------------------------------------------------------------------------------

[2020-05-01 16:19:03 #1 type] 
Type domain.Kuota is not enhanced.

[2020-05-01 16:19:03 #2 type] 
Type domain.Question is not enhanced.

[2020-05-01 16:19:03 #3 type] 
Type domain.Event is not enhanced.

[2020-05-01 16:19:03 #4 type] 
Type domain.Erabiltzaile is not enhanced.

[2020-05-01 16:19:03 #5 type] 
Type domain.Admin is not enhanced.

[2020-05-01 16:19:03 #6 type] 
Type domain.Mugimendu is not enhanced.

[2020-05-01 16:19:03 #7 type] 
Type domain.Apustua is not enhanced.

[2020-05-01 16:19:03 #8 type] 
Type domain.Bezero is not enhanced.

[2020-05-01 16:19:03 #9 type] 
Type domain.DiruMug is not enhanced.

