------------------------------------------------------------------------------------------------------------------------

[2020-03-03 16:20:42 #1 store] 
Database 'C:\Users\Iker\Desktop\Iker\Uni\2.maila\SI\bets2020\src\main\resources\bets.temp' is opened by 12980@MSI

[2020-03-03 16:20:42 #2 type] 
Type domain.Erabiltzaile is not enhanced.

[2020-03-03 16:20:42 #3 type] 
Type domain.Admin is not enhanced.

[2020-03-03 16:20:42 #4 type] 
Type domain.Bezero is not enhanced.

[2020-03-03 16:20:42 #5 type] 
Type domain.Question is not enhanced.

[2020-03-03 16:20:42 #6 type] 
Type domain.Event is not enhanced.

------------------------------------------------------------------------------------------------------------------------

[2020-03-03 16:29:21 #1 store] 
Database 'C:\Users\Iker\Desktop\Iker\Uni\2.maila\SI\bets2020\src\main\resources\bets.temp' is opened by 9368@MSI

[2020-03-03 16:29:21 #2 type] 
Type domain.Erabiltzaile is not enhanced.

[2020-03-03 16:29:21 #3 type] 
Type domain.Admin is not enhanced.

[2020-03-03 16:29:21 #4 type] 
Type domain.Bezero is not enhanced.

[2020-03-03 16:29:21 #5 type] 
Type domain.Question is not enhanced.

[2020-03-03 16:29:21 #6 type] 
Type domain.Event is not enhanced.

------------------------------------------------------------------------------------------------------------------------

[2020-03-03 16:31:17 #1 store] 
Database 'C:\Users\Iker\Desktop\Iker\Uni\2.maila\SI\bets2020\src\main\resources\bets.temp' is opened by 15880@MSI

[2020-03-03 16:31:17 #2 type] 
Type domain.Erabiltzaile is not enhanced.

[2020-03-03 16:31:17 #3 type] 
Type domain.Admin is not enhanced.

[2020-03-03 16:31:17 #4 type] 
Type domain.Bezero is not enhanced.

[2020-03-03 16:31:17 #5 type] 
Type domain.Question is not enhanced.

[2020-03-03 16:31:17 #6 type] 
Type domain.Event is not enhanced.

------------------------------------------------------------------------------------------------------------------------

[2020-03-03 16:33:28 #1 store] 
Database 'C:\Users\Iker\Desktop\Iker\Uni\2.maila\SI\bets2020\src\main\resources\bets.temp' is opened by 23336@MSI

[2020-03-03 16:33:28 #2 type] 
Type domain.Erabiltzaile is not enhanced.

[2020-03-03 16:33:28 #3 type] 
Type domain.Admin is not enhanced.

[2020-03-03 16:33:28 #4 type] 
Type domain.Bezero is not enhanced.

[2020-03-03 16:33:28 #5 type] 
Type domain.Question is not enhanced.

[2020-03-03 16:33:28 #6 type] 
Type domain.Event is not enhanced.

------------------------------------------------------------------------------------------------------------------------

[2020-03-03 16:37:39 #1 store] 
Database 'C:\Users\Iker\Desktop\Iker\Uni\2.maila\SI\bets2020\src\main\resources\bets.temp' is opened by 12720@MSI

[2020-03-03 16:37:39 #2 type] 
Type domain.Erabiltzaile is not enhanced.

[2020-03-03 16:37:39 #3 type] 
Type domain.Admin is not enhanced.

[2020-03-03 16:37:39 #4 type] 
Type domain.Bezero is not enhanced.

[2020-03-03 16:37:39 #5 type] 
Type domain.Question is not enhanced.

[2020-03-03 16:37:39 #6 type] 
Type domain.Event is not enhanced.

------------------------------------------------------------------------------------------------------------------------

[2020-03-03 16:39:34 #1 store] 
Database 'C:\Users\Iker\Desktop\Iker\Uni\2.maila\SI\bets2020\src\main\resources\bets.temp' is opened by 22372@MSI

[2020-03-03 16:39:34 #2 type] 
Type domain.Erabiltzaile is not enhanced.

[2020-03-03 16:39:34 #3 type] 
Type domain.Admin is not enhanced.

[2020-03-03 16:39:34 #4 type] 
Type domain.Bezero is not enhanced.

[2020-03-03 16:39:34 #5 type] 
Type domain.Question is not enhanced.

[2020-03-03 16:39:34 #6 type] 
Type domain.Event is not enhanced.

------------------------------------------------------------------------------------------------------------------------

[2020-03-03 16:44:47 #1 store] 
Database 'C:\Users\Iker\Desktop\Iker\Uni\2.maila\SI\bets2020\src\main\resources\bets.temp' is opened by 7544@MSI

[2020-03-03 16:44:47 #2 type] 
Type domain.Erabiltzaile is not enhanced.

[2020-03-03 16:44:47 #3 type] 
Type domain.Admin is not enhanced.

[2020-03-03 16:44:47 #4 type] 
Type domain.Bezero is not enhanced.

[2020-03-03 16:44:47 #5 type] 
Type domain.Question is not enhanced.

[2020-03-03 16:44:47 #6 type] 
Type domain.Event is not enhanced.

------------------------------------------------------------------------------------------------------------------------

[2020-03-03 16:49:21 #1 store] 
Database 'C:\Users\Iker\Desktop\Iker\Uni\2.maila\SI\bets2020\src\main\resources\bets.temp' is opened by 17036@MSI

[2020-03-03 16:49:21 #2 type] 
Type domain.Erabiltzaile is not enhanced.

[2020-03-03 16:49:21 #3 type] 
Type domain.Admin is not enhanced.

[2020-03-03 16:49:21 #4 type] 
Type domain.Bezero is not enhanced.

[2020-03-03 16:49:21 #5 type] 
Type domain.Question is not enhanced.

[2020-03-03 16:49:21 #6 type] 
Type domain.Event is not enhanced.

------------------------------------------------------------------------------------------------------------------------

[2020-03-03 16:51:19 #1 store] 
Database 'C:\Users\Iker\Desktop\Iker\Uni\2.maila\SI\bets2020\src\main\resources\bets.temp' is opened by 8940@MSI

[2020-03-03 16:51:19 #2 type] 
Type domain.Erabiltzaile is not enhanced.

[2020-03-03 16:51:19 #3 type] 
Type domain.Admin is not enhanced.

[2020-03-03 16:51:19 #4 type] 
Type domain.Bezero is not enhanced.

[2020-03-03 16:51:19 #5 type] 
Type domain.Question is not enhanced.

[2020-03-03 16:51:19 #6 type] 
Type domain.Event is not enhanced.

------------------------------------------------------------------------------------------------------------------------

[2020-03-03 16:54:04 #1 store] 
Database 'C:\Users\Iker\Desktop\Iker\Uni\2.maila\SI\bets2020\src\main\resources\bets.temp' is opened by 23776@MSI

[2020-03-03 16:54:04 #2 type] 
Type domain.Erabiltzaile is not enhanced.

[2020-03-03 16:54:04 #3 type] 
Type domain.Admin is not enhanced.

[2020-03-03 16:54:04 #4 type] 
Type domain.Bezero is not enhanced.

[2020-03-03 16:54:05 #5 type] 
Type domain.Question is not enhanced.

[2020-03-03 16:54:05 #6 type] 
Type domain.Event is not enhanced.

------------------------------------------------------------------------------------------------------------------------

[2020-03-03 16:57:16 #1 store] 
Database 'C:\Users\Iker\Desktop\Iker\Uni\2.maila\SI\bets2020\src\main\resources\bets.temp' is opened by 18308@MSI

[2020-03-03 16:57:16 #2 type] 
Type domain.Erabiltzaile is not enhanced.

[2020-03-03 16:57:16 #3 type] 
Type domain.Admin is not enhanced.

[2020-03-03 16:57:16 #4 type] 
Type domain.Bezero is not enhanced.

[2020-03-03 16:57:16 #5 type] 
Type domain.Question is not enhanced.

[2020-03-03 16:57:16 #6 type] 
Type domain.Event is not enhanced.

------------------------------------------------------------------------------------------------------------------------

[2020-03-03 17:02:15 #1 store] 
Database 'C:\Users\Iker\Desktop\Iker\Uni\2.maila\SI\bets2020\src\main\resources\bets.temp' is opened by 5740@MSI

[2020-03-03 17:02:16 #2 type] 
Type domain.Erabiltzaile is not enhanced.

[2020-03-03 17:02:16 #3 type] 
Type domain.Admin is not enhanced.

[2020-03-03 17:02:16 #4 type] 
Type domain.Bezero is not enhanced.

[2020-03-03 17:02:16 #5 type] 
Type domain.Question is not enhanced.

[2020-03-03 17:02:16 #6 type] 
Type domain.Event is not enhanced.

------------------------------------------------------------------------------------------------------------------------

[2020-03-03 17:06:27 #1 store] 
Database 'C:\Users\Iker\Desktop\Iker\Uni\2.maila\SI\bets2020\src\main\resources\bets.temp' is opened by 8828@MSI

[2020-03-03 17:06:27 #2 type] 
Type domain.Erabiltzaile is not enhanced.

[2020-03-03 17:06:27 #3 type] 
Type domain.Admin is not enhanced.

[2020-03-03 17:06:27 #4 type] 
Type domain.Bezero is not enhanced.

[2020-03-03 17:06:27 #5 type] 
Type domain.Question is not enhanced.

[2020-03-03 17:06:27 #6 type] 
Type domain.Event is not enhanced.

------------------------------------------------------------------------------------------------------------------------

[2020-03-03 17:15:59 #1 store] 
Database 'C:\Users\Iker\Desktop\Iker\Uni\2.maila\SI\bets2020\src\main\resources\bets.temp' is opened by 12920@MSI

[2020-03-03 17:15:59 #2 type] 
Type domain.Erabiltzaile is not enhanced.

[2020-03-03 17:15:59 #3 type] 
Type domain.Admin is not enhanced.

[2020-03-03 17:15:59 #4 type] 
Type domain.Bezero is not enhanced.

[2020-03-03 17:15:59 #5 type] 
Type domain.Question is not enhanced.

[2020-03-03 17:15:59 #6 type] 
Type domain.Event is not enhanced.

------------------------------------------------------------------------------------------------------------------------

[2020-03-03 17:19:14 #1 store] 
Database 'C:\Users\Iker\Desktop\Iker\Uni\2.maila\SI\bets2020\src\main\resources\bets.temp' has been recovered (tr. 53-54)

[2020-03-03 17:19:15 #2 store] 
Database 'C:\Users\Iker\Desktop\Iker\Uni\2.maila\SI\bets2020\src\main\resources\bets.temp' is opened by 12692@MSI

[2020-03-03 17:19:15 #3 type] 
Type domain.Erabiltzaile is not enhanced.

[2020-03-03 17:19:15 #4 type] 
Type domain.Admin is not enhanced.

[2020-03-03 17:19:15 #5 type] 
Type domain.Bezero is not enhanced.

[2020-03-03 17:19:15 #6 type] 
Type domain.Question is not enhanced.

[2020-03-03 17:19:15 #7 type] 
Type domain.Event is not enhanced.

------------------------------------------------------------------------------------------------------------------------

[2020-03-03 17:31:55 #1 store] 
Database 'C:\Users\Iker\Desktop\Iker\Uni\2.maila\SI\bets2020\src\main\resources\bets.temp' is opened by 23048@MSI

[2020-03-03 17:31:55 #2 type] 
Type domain.Erabiltzaile is not enhanced.

[2020-03-03 17:31:55 #3 type] 
Type domain.Admin is not enhanced.

[2020-03-03 17:31:55 #4 type] 
Type domain.Bezero is not enhanced.

[2020-03-03 17:31:55 #5 type] 
Type domain.Question is not enhanced.

[2020-03-03 17:31:55 #6 type] 
Type domain.Event is not enhanced.

------------------------------------------------------------------------------------------------------------------------

[2020-03-03 19:25:10 #1 store] 
Database 'C:\Users\Iker\Desktop\Iker\Uni\2.maila\SI\bets2020\src\main\resources\bets.temp' is opened by 24020@MSI

[2020-03-03 19:25:11 #2 type] 
Type domain.Erabiltzaile is not enhanced.

[2020-03-03 19:25:11 #3 type] 
Type domain.Admin is not enhanced.

[2020-03-03 19:25:11 #4 type] 
Type domain.Bezero is not enhanced.

[2020-03-03 19:25:11 #5 type] 
Type domain.Question is not enhanced.

[2020-03-03 19:25:11 #6 type] 
Type domain.Event is not enhanced.

------------------------------------------------------------------------------------------------------------------------

[2020-03-03 19:25:37 #1 store] 
Database 'C:\Users\Iker\Desktop\Iker\Uni\2.maila\SI\bets2020\src\main\resources\bets.temp' is opened by 22664@MSI

[2020-03-03 19:25:37 #2 type] 
Type domain.Erabiltzaile is not enhanced.

[2020-03-03 19:25:37 #3 type] 
Type domain.Admin is not enhanced.

[2020-03-03 19:25:37 #4 type] 
Type domain.Bezero is not enhanced.

[2020-03-03 19:25:37 #5 type] 
Type domain.Question is not enhanced.

[2020-03-03 19:25:37 #6 type] 
Type domain.Event is not enhanced.

------------------------------------------------------------------------------------------------------------------------

[2020-03-03 19:27:47 #1 store] 
Database 'C:\Users\Iker\Desktop\Iker\Uni\2.maila\SI\bets2020\src\main\resources\bets.temp' is opened by 24436@MSI

[2020-03-03 19:27:47 #2 type] 
Type domain.Erabiltzaile is not enhanced.

[2020-03-03 19:27:47 #3 type] 
Type domain.Admin is not enhanced.

[2020-03-03 19:27:47 #4 type] 
Type domain.Bezero is not enhanced.

[2020-03-03 19:27:47 #5 type] 
Type domain.Question is not enhanced.

[2020-03-03 19:27:47 #6 type] 
Type domain.Event is not enhanced.

