------------------------------------------------------------------------------------------------------------------------

[2020-04-17 14:22:26 #1 store] 
Database 'C:\Users\Iker\Desktop\Iker\Uni\2.maila\SI\Proiektua\bets2020\src\main\resources\bets.temp' is opened by 8608@MSI

[2020-04-17 14:22:26 #2 type] 
Type domain.Erabiltzaile is not enhanced.

[2020-04-17 14:22:26 #3 type] 
Type domain.Admin is not enhanced.

[2020-04-17 14:22:26 #4 type] 
Type domain.Bezero is not enhanced.

[2020-04-17 14:22:26 #5 type] 
Type domain.Question is not enhanced.

[2020-04-17 14:22:26 #6 type] 
Type domain.Event is not enhanced.

[2020-04-17 14:22:26 #7 type] 
Type domain.Kuota is not enhanced.

[2020-04-17 14:22:26 #8 type] 
Type domain.Apustua is not enhanced.

[2020-04-17 14:22:26 #9 type] 
Type domain.Mugimendu is not enhanced.

------------------------------------------------------------------------------------------------------------------------

[2020-04-17 14:37:08 #1 store] 
Database 'C:\Users\Iker\Desktop\Iker\Uni\2.maila\SI\Proiektua\bets2020\src\main\resources\bets.temp' is opened by 9552@MSI

[2020-04-17 14:37:08 #2 type] 
Type domain.Erabiltzaile is not enhanced.

[2020-04-17 14:37:08 #3 type] 
Type domain.Admin is not enhanced.

[2020-04-17 14:37:08 #4 type] 
Type domain.Bezero is not enhanced.

[2020-04-17 14:37:08 #5 type] 
Type domain.Question is not enhanced.

[2020-04-17 14:37:08 #6 type] 
Type domain.Event is not enhanced.

[2020-04-17 14:37:08 #7 type] 
Type domain.Kuota is not enhanced.

[2020-04-17 14:37:08 #8 type] 
Type domain.Apustua is not enhanced.

[2020-04-17 14:37:08 #9 type] 
Type domain.Mugimendu is not enhanced.

------------------------------------------------------------------------------------------------------------------------

[2020-04-17 14:37:30 #1 store] 
Database 'C:\Users\Iker\Desktop\Iker\Uni\2.maila\SI\Proiektua\bets2020\src\main\resources\bets.temp' is opened by 1712@MSI

[2020-04-17 14:37:31 #2 type] 
Type domain.Erabiltzaile is not enhanced.

[2020-04-17 14:37:31 #3 type] 
Type domain.Admin is not enhanced.

[2020-04-17 14:37:31 #4 type] 
Type domain.Bezero is not enhanced.

[2020-04-17 14:37:31 #5 type] 
Type domain.Question is not enhanced.

[2020-04-17 14:37:31 #6 type] 
Type domain.Event is not enhanced.

[2020-04-17 14:37:31 #7 type] 
Type domain.Kuota is not enhanced.

[2020-04-17 14:37:31 #8 type] 
Type domain.Apustua is not enhanced.

[2020-04-17 14:37:31 #9 type] 
Type domain.Mugimendu is not enhanced.

------------------------------------------------------------------------------------------------------------------------

[2020-04-17 14:39:31 #1 store] 
Database 'C:\Users\Iker\Desktop\Iker\Uni\2.maila\SI\Proiektua\bets2020\src\main\resources\bets.temp' is opened by 11548@MSI

[2020-04-17 14:39:31 #2 type] 
Type domain.Erabiltzaile is not enhanced.

[2020-04-17 14:39:31 #3 type] 
Type domain.Admin is not enhanced.

[2020-04-17 14:39:31 #4 type] 
Type domain.Bezero is not enhanced.

[2020-04-17 14:39:31 #5 type] 
Type domain.Question is not enhanced.

[2020-04-17 14:39:31 #6 type] 
Type domain.Event is not enhanced.

[2020-04-17 14:39:31 #7 type] 
Type domain.Kuota is not enhanced.

[2020-04-17 14:39:31 #8 type] 
Type domain.Apustua is not enhanced.

[2020-04-17 14:39:31 #9 type] 
Type domain.Mugimendu is not enhanced.

------------------------------------------------------------------------------------------------------------------------

[2020-04-17 14:40:45 #1 store] 
Database 'C:\Users\Iker\Desktop\Iker\Uni\2.maila\SI\Proiektua\bets2020\src\main\resources\bets.temp' is opened by 11004@MSI

[2020-04-17 14:40:45 #2 type] 
Type domain.Erabiltzaile is not enhanced.

[2020-04-17 14:40:45 #3 type] 
Type domain.Admin is not enhanced.

[2020-04-17 14:40:45 #4 type] 
Type domain.Bezero is not enhanced.

[2020-04-17 14:40:45 #5 type] 
Type domain.Question is not enhanced.

[2020-04-17 14:40:45 #6 type] 
Type domain.Event is not enhanced.

[2020-04-17 14:40:45 #7 type] 
Type domain.Kuota is not enhanced.

[2020-04-17 14:40:45 #8 type] 
Type domain.Apustua is not enhanced.

[2020-04-17 14:40:45 #9 type] 
Type domain.Mugimendu is not enhanced.

------------------------------------------------------------------------------------------------------------------------

[2020-04-17 14:56:20 #1 store] 
Database 'C:\Users\Iker\Desktop\Iker\Uni\2.maila\SI\Proiektua\bets2020\src\main\resources\bets.temp' is opened by 4280@MSI

[2020-04-17 14:56:20 #2 type] 
Type domain.Erabiltzaile is not enhanced.

[2020-04-17 14:56:20 #3 type] 
Type domain.Admin is not enhanced.

[2020-04-17 14:56:20 #4 type] 
Type domain.Bezero is not enhanced.

[2020-04-17 14:56:20 #5 type] 
Type domain.Question is not enhanced.

[2020-04-17 14:56:20 #6 type] 
Type domain.Event is not enhanced.

[2020-04-17 14:56:20 #7 type] 
Type domain.Kuota is not enhanced.

[2020-04-17 14:56:20 #8 type] 
Type domain.Apustua is not enhanced.

[2020-04-17 14:56:20 #9 type] 
Type domain.Mugimendu is not enhanced.

------------------------------------------------------------------------------------------------------------------------

[2020-04-17 15:07:52 #1 store] 
Database 'C:\Users\Iker\Desktop\Iker\Uni\2.maila\SI\Proiektua\bets2020\src\main\resources\bets.temp' is opened by 10744@MSI

[2020-04-17 15:07:53 #2 type] 
Type domain.Erabiltzaile is not enhanced.

[2020-04-17 15:07:53 #3 type] 
Type domain.Admin is not enhanced.

[2020-04-17 15:07:53 #4 type] 
Type domain.Bezero is not enhanced.

[2020-04-17 15:07:53 #5 type] 
Type domain.Question is not enhanced.

[2020-04-17 15:07:53 #6 type] 
Type domain.Event is not enhanced.

[2020-04-17 15:07:53 #7 type] 
Type domain.Kuota is not enhanced.

[2020-04-17 15:07:53 #8 type] 
Type domain.Apustua is not enhanced.

[2020-04-17 15:07:53 #9 type] 
Type domain.Mugimendu is not enhanced.

