------------------------------------------------------------------------------------------------------------------------

[2020-03-27 12:48:29 #1 store] 
Database 'C:\Users\Iker\Desktop\Iker\Uni\2.maila\SI\Proiektua\bets2020\src\main\resources\bets.temp' is opened by 19164@MSI

[2020-03-27 12:48:29 #2 type] 
Type domain.Erabiltzaile is not enhanced.

[2020-03-27 12:48:29 #3 type] 
Type domain.Admin is not enhanced.

[2020-03-27 12:48:29 #4 type] 
Type domain.Bezero is not enhanced.

[2020-03-27 12:48:29 #5 type] 
Type domain.Question is not enhanced.

[2020-03-27 12:48:29 #6 type] 
Type domain.Event is not enhanced.

[2020-03-27 12:48:29 #7 type] 
Type domain.Kuota is not enhanced.

------------------------------------------------------------------------------------------------------------------------

[2020-03-27 16:14:05 #1 store] 
Database 'C:\Users\Iker\Desktop\Iker\Uni\2.maila\SI\Proiektua\bets2020\src\main\resources\bets.temp' is opened by 14128@MSI

[2020-03-27 16:14:05 #2 type] 
Type domain.Erabiltzaile is not enhanced.

[2020-03-27 16:14:05 #3 type] 
Type domain.Admin is not enhanced.

[2020-03-27 16:14:05 #4 type] 
Type domain.Bezero is not enhanced.

[2020-03-27 16:14:05 #5 type] 
Type domain.Question is not enhanced.

[2020-03-27 16:14:05 #6 type] 
Type domain.Event is not enhanced.

[2020-03-27 16:14:05 #7 type] 
Type domain.Kuota is not enhanced.

------------------------------------------------------------------------------------------------------------------------

[2020-03-27 16:23:51 #1 store] 
Database 'C:\Users\Iker\Desktop\Iker\Uni\2.maila\SI\Proiektua\bets2020\src\main\resources\bets.temp' is opened by 9780@MSI

[2020-03-27 16:23:51 #2 type] 
Type domain.Erabiltzaile is not enhanced.

[2020-03-27 16:23:51 #3 type] 
Type domain.Admin is not enhanced.

[2020-03-27 16:23:51 #4 type] 
Type domain.Bezero is not enhanced.

[2020-03-27 16:23:51 #5 type] 
Type domain.Question is not enhanced.

[2020-03-27 16:23:51 #6 type] 
Type domain.Event is not enhanced.

[2020-03-27 16:23:51 #7 type] 
Type domain.Kuota is not enhanced.

------------------------------------------------------------------------------------------------------------------------

[2020-03-27 16:24:50 #1 store] 
Database 'C:\Users\Iker\Desktop\Iker\Uni\2.maila\SI\Proiektua\bets2020\src\main\resources\bets.temp' is opened by 18848@MSI

[2020-03-27 16:24:50 #2 type] 
Type domain.Erabiltzaile is not enhanced.

[2020-03-27 16:24:50 #3 type] 
Type domain.Admin is not enhanced.

[2020-03-27 16:24:50 #4 type] 
Type domain.Bezero is not enhanced.

[2020-03-27 16:24:50 #5 type] 
Type domain.Question is not enhanced.

[2020-03-27 16:24:50 #6 type] 
Type domain.Event is not enhanced.

[2020-03-27 16:24:50 #7 type] 
Type domain.Kuota is not enhanced.

------------------------------------------------------------------------------------------------------------------------

[2020-03-27 16:31:13 #1 store] 
Database 'C:\Users\Iker\Desktop\Iker\Uni\2.maila\SI\Proiektua\bets2020\src\main\resources\bets.temp' is opened by 14880@MSI

[2020-03-27 16:31:13 #2 type] 
Type domain.Erabiltzaile is not enhanced.

[2020-03-27 16:31:13 #3 type] 
Type domain.Admin is not enhanced.

[2020-03-27 16:31:13 #4 type] 
Type domain.Bezero is not enhanced.

[2020-03-27 16:31:13 #5 type] 
Type domain.Question is not enhanced.

[2020-03-27 16:31:13 #6 type] 
Type domain.Event is not enhanced.

[2020-03-27 16:31:13 #7 type] 
Type domain.Kuota is not enhanced.

------------------------------------------------------------------------------------------------------------------------

[2020-03-27 16:48:39 #1 store] 
Database 'C:\Users\Iker\Desktop\Iker\Uni\2.maila\SI\Proiektua\bets2020\src\main\resources\bets.temp' is opened by 10912@MSI

[2020-03-27 16:48:39 #2 type] 
Type domain.Erabiltzaile is not enhanced.

[2020-03-27 16:48:39 #3 type] 
Type domain.Admin is not enhanced.

[2020-03-27 16:48:39 #4 type] 
Type domain.Bezero is not enhanced.

[2020-03-27 16:48:39 #5 type] 
Type domain.Question is not enhanced.

[2020-03-27 16:48:39 #6 type] 
Type domain.Event is not enhanced.

[2020-03-27 16:48:39 #7 type] 
Type domain.Kuota is not enhanced.

------------------------------------------------------------------------------------------------------------------------

[2020-03-27 16:55:27 #1 store] 
Database 'C:\Users\Iker\Desktop\Iker\Uni\2.maila\SI\Proiektua\bets2020\src\main\resources\bets.temp' is opened by 15512@MSI

[2020-03-27 16:55:27 #2 type] 
Type domain.Erabiltzaile is not enhanced.

[2020-03-27 16:55:27 #3 type] 
Type domain.Admin is not enhanced.

[2020-03-27 16:55:27 #4 type] 
Type domain.Bezero is not enhanced.

[2020-03-27 16:55:27 #5 type] 
Type domain.Question is not enhanced.

[2020-03-27 16:55:27 #6 type] 
Type domain.Event is not enhanced.

[2020-03-27 16:55:27 #7 type] 
Type domain.Kuota is not enhanced.

------------------------------------------------------------------------------------------------------------------------

[2020-03-27 16:59:06 #1 store] 
Database 'C:\Users\Iker\Desktop\Iker\Uni\2.maila\SI\Proiektua\bets2020\src\main\resources\bets.temp' is opened by 14188@MSI

[2020-03-27 16:59:06 #2 type] 
Type domain.Erabiltzaile is not enhanced.

[2020-03-27 16:59:06 #3 type] 
Type domain.Admin is not enhanced.

[2020-03-27 16:59:06 #4 type] 
Type domain.Bezero is not enhanced.

[2020-03-27 16:59:06 #5 type] 
Type domain.Question is not enhanced.

[2020-03-27 16:59:06 #6 type] 
Type domain.Event is not enhanced.

[2020-03-27 16:59:06 #7 type] 
Type domain.Kuota is not enhanced.

------------------------------------------------------------------------------------------------------------------------

[2020-03-27 17:01:40 #1 store] 
Database 'C:\Users\Iker\Desktop\Iker\Uni\2.maila\SI\Proiektua\bets2020\src\main\resources\bets.temp' is opened by 14516@MSI

[2020-03-27 17:01:40 #2 type] 
Type domain.Erabiltzaile is not enhanced.

[2020-03-27 17:01:40 #3 type] 
Type domain.Admin is not enhanced.

[2020-03-27 17:01:40 #4 type] 
Type domain.Bezero is not enhanced.

[2020-03-27 17:01:40 #5 type] 
Type domain.Question is not enhanced.

[2020-03-27 17:01:40 #6 type] 
Type domain.Event is not enhanced.

[2020-03-27 17:01:40 #7 type] 
Type domain.Kuota is not enhanced.

------------------------------------------------------------------------------------------------------------------------

[2020-03-27 17:14:47 #1 store] 
Database 'C:\Users\Iker\Desktop\Iker\Uni\2.maila\SI\Proiektua\bets2020\src\main\resources\bets.temp' is opened by 2764@MSI

[2020-03-27 17:14:48 #2 type] 
Type domain.Erabiltzaile is not enhanced.

[2020-03-27 17:14:48 #3 type] 
Type domain.Admin is not enhanced.

[2020-03-27 17:14:48 #4 type] 
Type domain.Bezero is not enhanced.

[2020-03-27 17:14:48 #5 type] 
Type domain.Question is not enhanced.

[2020-03-27 17:14:48 #6 type] 
Type domain.Event is not enhanced.

[2020-03-27 17:14:48 #7 type] 
Type domain.Kuota is not enhanced.

------------------------------------------------------------------------------------------------------------------------

[2020-03-27 17:18:20 #1 store] 
Database 'C:\Users\Iker\Desktop\Iker\Uni\2.maila\SI\Proiektua\bets2020\src\main\resources\bets.temp' is opened by 12200@MSI

[2020-03-27 17:18:20 #2 type] 
Type domain.Erabiltzaile is not enhanced.

[2020-03-27 17:18:20 #3 type] 
Type domain.Admin is not enhanced.

[2020-03-27 17:18:20 #4 type] 
Type domain.Bezero is not enhanced.

[2020-03-27 17:18:20 #5 type] 
Type domain.Question is not enhanced.

[2020-03-27 17:18:20 #6 type] 
Type domain.Event is not enhanced.

[2020-03-27 17:18:20 #7 type] 
Type domain.Kuota is not enhanced.

------------------------------------------------------------------------------------------------------------------------

[2020-03-27 17:21:58 #1 store] 
Database 'C:\Users\Iker\Desktop\Iker\Uni\2.maila\SI\Proiektua\bets2020\src\main\resources\bets.temp' is opened by 16296@MSI

[2020-03-27 17:21:58 #2 type] 
Type domain.Erabiltzaile is not enhanced.

[2020-03-27 17:21:58 #3 type] 
Type domain.Admin is not enhanced.

[2020-03-27 17:21:58 #4 type] 
Type domain.Bezero is not enhanced.

[2020-03-27 17:21:58 #5 type] 
Type domain.Question is not enhanced.

[2020-03-27 17:21:58 #6 type] 
Type domain.Event is not enhanced.

[2020-03-27 17:21:58 #7 type] 
Type domain.Kuota is not enhanced.

------------------------------------------------------------------------------------------------------------------------

[2020-03-27 17:37:58 #1 store] 
Database 'C:\Users\Iker\Desktop\Iker\Uni\2.maila\SI\Proiektua\bets2020\src\main\resources\bets.temp' is opened by 12856@MSI

[2020-03-27 17:37:58 #2 type] 
Type domain.Erabiltzaile is not enhanced.

[2020-03-27 17:37:58 #3 type] 
Type domain.Admin is not enhanced.

[2020-03-27 17:37:58 #4 type] 
Type domain.Bezero is not enhanced.

[2020-03-27 17:37:58 #5 type] 
Type domain.Question is not enhanced.

[2020-03-27 17:37:58 #6 type] 
Type domain.Event is not enhanced.

[2020-03-27 17:37:58 #7 type] 
Type domain.Kuota is not enhanced.

------------------------------------------------------------------------------------------------------------------------

[2020-03-27 17:40:33 #1 store] 
Database 'C:\Users\Iker\Desktop\Iker\Uni\2.maila\SI\Proiektua\bets2020\src\main\resources\bets.temp' is opened by 14164@MSI

[2020-03-27 17:40:33 #2 type] 
Type domain.Erabiltzaile is not enhanced.

[2020-03-27 17:40:33 #3 type] 
Type domain.Admin is not enhanced.

[2020-03-27 17:40:33 #4 type] 
Type domain.Bezero is not enhanced.

[2020-03-27 17:40:33 #5 type] 
Type domain.Question is not enhanced.

[2020-03-27 17:40:33 #6 type] 
Type domain.Event is not enhanced.

[2020-03-27 17:40:33 #7 type] 
Type domain.Kuota is not enhanced.

------------------------------------------------------------------------------------------------------------------------

[2020-03-27 17:42:28 #1 store] 
Database 'C:\Users\Iker\Desktop\Iker\Uni\2.maila\SI\Proiektua\bets2020\src\main\resources\bets.temp' is opened by 15412@MSI

[2020-03-27 17:42:28 #2 type] 
Type domain.Erabiltzaile is not enhanced.

[2020-03-27 17:42:28 #3 type] 
Type domain.Admin is not enhanced.

[2020-03-27 17:42:28 #4 type] 
Type domain.Bezero is not enhanced.

[2020-03-27 17:42:28 #5 type] 
Type domain.Question is not enhanced.

[2020-03-27 17:42:28 #6 type] 
Type domain.Event is not enhanced.

[2020-03-27 17:42:28 #7 type] 
Type domain.Kuota is not enhanced.

------------------------------------------------------------------------------------------------------------------------

[2020-03-27 17:44:11 #1 store] 
Database 'C:\Users\Iker\Desktop\Iker\Uni\2.maila\SI\Proiektua\bets2020\src\main\resources\bets.temp' is opened by 18092@MSI

[2020-03-27 17:44:12 #2 type] 
Type domain.Erabiltzaile is not enhanced.

[2020-03-27 17:44:12 #3 type] 
Type domain.Admin is not enhanced.

[2020-03-27 17:44:12 #4 type] 
Type domain.Bezero is not enhanced.

[2020-03-27 17:44:12 #5 type] 
Type domain.Question is not enhanced.

[2020-03-27 17:44:12 #6 type] 
Type domain.Event is not enhanced.

[2020-03-27 17:44:12 #7 type] 
Type domain.Kuota is not enhanced.

------------------------------------------------------------------------------------------------------------------------

[2020-03-27 19:26:23 #1 store] 
Database 'C:\Users\Iker\Desktop\Iker\Uni\2.maila\SI\Proiektua\bets2020\src\main\resources\bets.temp' is opened by 11916@MSI

[2020-03-27 19:26:23 #2 type] 
Type domain.Erabiltzaile is not enhanced.

[2020-03-27 19:26:23 #3 type] 
Type domain.Admin is not enhanced.

[2020-03-27 19:26:23 #4 type] 
Type domain.Bezero is not enhanced.

[2020-03-27 19:26:23 #5 type] 
Type domain.Question is not enhanced.

[2020-03-27 19:26:23 #6 type] 
Type domain.Event is not enhanced.

[2020-03-27 19:26:23 #7 type] 
Type domain.Kuota is not enhanced.

------------------------------------------------------------------------------------------------------------------------

[2020-03-27 19:36:33 #1 store] 
Database 'C:\Users\Iker\Desktop\Iker\Uni\2.maila\SI\Proiektua\bets2020\src\main\resources\bets.temp' is opened by 2140@MSI

[2020-03-27 19:36:34 #2 type] 
Type domain.Erabiltzaile is not enhanced.

[2020-03-27 19:36:34 #3 type] 
Type domain.Admin is not enhanced.

[2020-03-27 19:36:34 #4 type] 
Type domain.Bezero is not enhanced.

[2020-03-27 19:36:34 #5 type] 
Type domain.Question is not enhanced.

[2020-03-27 19:36:34 #6 type] 
Type domain.Event is not enhanced.

[2020-03-27 19:36:34 #7 type] 
Type domain.Kuota is not enhanced.

------------------------------------------------------------------------------------------------------------------------

[2020-03-27 19:40:57 #1 store] 
Database 'C:\Users\Iker\Desktop\Iker\Uni\2.maila\SI\Proiektua\bets2020\src\main\resources\bets.temp' is opened by 20092@MSI

[2020-03-27 19:40:57 #2 type] 
Type domain.Erabiltzaile is not enhanced.

[2020-03-27 19:40:57 #3 type] 
Type domain.Admin is not enhanced.

[2020-03-27 19:40:57 #4 type] 
Type domain.Bezero is not enhanced.

[2020-03-27 19:40:57 #5 type] 
Type domain.Question is not enhanced.

[2020-03-27 19:40:57 #6 type] 
Type domain.Event is not enhanced.

[2020-03-27 19:40:57 #7 type] 
Type domain.Kuota is not enhanced.

------------------------------------------------------------------------------------------------------------------------

[2020-03-27 19:50:29 #1 store] 
Database 'C:\Users\Iker\Desktop\Iker\Uni\2.maila\SI\Proiektua\bets2020\src\main\resources\bets.temp' is opened by 20424@MSI

[2020-03-27 19:50:29 #2 type] 
Type domain.Erabiltzaile is not enhanced.

[2020-03-27 19:50:29 #3 type] 
Type domain.Admin is not enhanced.

[2020-03-27 19:50:29 #4 type] 
Type domain.Bezero is not enhanced.

[2020-03-27 19:50:29 #5 type] 
Type domain.Question is not enhanced.

[2020-03-27 19:50:29 #6 type] 
Type domain.Event is not enhanced.

[2020-03-27 19:50:29 #7 type] 
Type domain.Kuota is not enhanced.

------------------------------------------------------------------------------------------------------------------------

[2020-03-27 19:51:10 #1 store] 
Database 'C:\Users\Iker\Desktop\Iker\Uni\2.maila\SI\Proiektua\bets2020\src\main\resources\bets.temp' is opened by 15368@MSI

[2020-03-27 19:51:10 #2 type] 
Type domain.Erabiltzaile is not enhanced.

[2020-03-27 19:51:10 #3 type] 
Type domain.Admin is not enhanced.

[2020-03-27 19:51:10 #4 type] 
Type domain.Bezero is not enhanced.

[2020-03-27 19:51:10 #5 type] 
Type domain.Question is not enhanced.

[2020-03-27 19:51:10 #6 type] 
Type domain.Event is not enhanced.

[2020-03-27 19:51:10 #7 type] 
Type domain.Kuota is not enhanced.

------------------------------------------------------------------------------------------------------------------------

[2020-03-27 20:03:25 #1 store] 
Database 'C:\Users\Iker\Desktop\Iker\Uni\2.maila\SI\Proiektua\bets2020\src\main\resources\bets.temp' is opened by 19884@MSI

[2020-03-27 20:03:26 #2 type] 
Type domain.Erabiltzaile is not enhanced.

[2020-03-27 20:03:26 #3 type] 
Type domain.Admin is not enhanced.

[2020-03-27 20:03:26 #4 type] 
Type domain.Bezero is not enhanced.

[2020-03-27 20:03:26 #5 type] 
Type domain.Question is not enhanced.

[2020-03-27 20:03:26 #6 type] 
Type domain.Event is not enhanced.

[2020-03-27 20:03:26 #7 type] 
Type domain.Kuota is not enhanced.

------------------------------------------------------------------------------------------------------------------------

[2020-03-27 20:06:28 #1 store] 
Database 'C:\Users\Iker\Desktop\Iker\Uni\2.maila\SI\Proiektua\bets2020\src\main\resources\bets.temp' is opened by 15516@MSI

[2020-03-27 20:06:28 #2 type] 
Type domain.Erabiltzaile is not enhanced.

[2020-03-27 20:06:28 #3 type] 
Type domain.Admin is not enhanced.

[2020-03-27 20:06:28 #4 type] 
Type domain.Bezero is not enhanced.

[2020-03-27 20:06:28 #5 type] 
Type domain.Question is not enhanced.

[2020-03-27 20:06:28 #6 type] 
Type domain.Event is not enhanced.

[2020-03-27 20:06:28 #7 type] 
Type domain.Kuota is not enhanced.

------------------------------------------------------------------------------------------------------------------------

[2020-03-27 20:09:43 #1 store] 
Database 'C:\Users\Iker\Desktop\Iker\Uni\2.maila\SI\Proiektua\bets2020\src\main\resources\bets.temp' is opened by 10896@MSI

[2020-03-27 20:09:43 #2 type] 
Type domain.Erabiltzaile is not enhanced.

[2020-03-27 20:09:43 #3 type] 
Type domain.Admin is not enhanced.

[2020-03-27 20:09:43 #4 type] 
Type domain.Bezero is not enhanced.

[2020-03-27 20:09:43 #5 type] 
Type domain.Question is not enhanced.

[2020-03-27 20:09:43 #6 type] 
Type domain.Event is not enhanced.

[2020-03-27 20:09:43 #7 type] 
Type domain.Kuota is not enhanced.

------------------------------------------------------------------------------------------------------------------------

[2020-03-27 20:11:08 #1 store] 
Database 'C:\Users\Iker\Desktop\Iker\Uni\2.maila\SI\Proiektua\bets2020\src\main\resources\bets.temp' is opened by 7792@MSI

[2020-03-27 20:11:08 #2 type] 
Type domain.Erabiltzaile is not enhanced.

[2020-03-27 20:11:08 #3 type] 
Type domain.Admin is not enhanced.

[2020-03-27 20:11:08 #4 type] 
Type domain.Bezero is not enhanced.

[2020-03-27 20:11:08 #5 type] 
Type domain.Question is not enhanced.

[2020-03-27 20:11:08 #6 type] 
Type domain.Event is not enhanced.

[2020-03-27 20:11:08 #7 type] 
Type domain.Kuota is not enhanced.

------------------------------------------------------------------------------------------------------------------------

[2020-03-27 20:13:58 #1 store] 
Database 'C:\Users\Iker\Desktop\Iker\Uni\2.maila\SI\Proiektua\bets2020\src\main\resources\bets.temp' is opened by 18068@MSI

[2020-03-27 20:13:58 #2 type] 
Type domain.Erabiltzaile is not enhanced.

[2020-03-27 20:13:58 #3 type] 
Type domain.Admin is not enhanced.

[2020-03-27 20:13:58 #4 type] 
Type domain.Bezero is not enhanced.

[2020-03-27 20:13:58 #5 type] 
Type domain.Question is not enhanced.

[2020-03-27 20:13:58 #6 type] 
Type domain.Event is not enhanced.

[2020-03-27 20:13:58 #7 type] 
Type domain.Kuota is not enhanced.

------------------------------------------------------------------------------------------------------------------------

[2020-03-27 20:25:14 #1 store] 
Database 'C:\Users\Iker\Desktop\Iker\Uni\2.maila\SI\Proiektua\bets2020\src\main\resources\bets.temp' is opened by 8888@MSI

[2020-03-27 20:25:14 #2 type] 
Type domain.Erabiltzaile is not enhanced.

[2020-03-27 20:25:14 #3 type] 
Type domain.Admin is not enhanced.

[2020-03-27 20:25:14 #4 type] 
Type domain.Bezero is not enhanced.

[2020-03-27 20:25:14 #5 type] 
Type domain.Question is not enhanced.

[2020-03-27 20:25:14 #6 type] 
Type domain.Event is not enhanced.

[2020-03-27 20:25:14 #7 type] 
Type domain.Kuota is not enhanced.

------------------------------------------------------------------------------------------------------------------------

[2020-03-27 20:27:42 #1 store] 
Database 'C:\Users\Iker\Desktop\Iker\Uni\2.maila\SI\Proiektua\bets2020\src\main\resources\bets.temp' is opened by 10876@MSI

[2020-03-27 20:27:42 #2 type] 
Type domain.Erabiltzaile is not enhanced.

[2020-03-27 20:27:42 #3 type] 
Type domain.Admin is not enhanced.

[2020-03-27 20:27:42 #4 type] 
Type domain.Bezero is not enhanced.

[2020-03-27 20:27:42 #5 type] 
Type domain.Question is not enhanced.

[2020-03-27 20:27:42 #6 type] 
Type domain.Event is not enhanced.

[2020-03-27 20:27:42 #7 type] 
Type domain.Kuota is not enhanced.

------------------------------------------------------------------------------------------------------------------------

[2020-03-27 20:29:48 #1 store] 
Database 'C:\Users\Iker\Desktop\Iker\Uni\2.maila\SI\Proiektua\bets2020\src\main\resources\bets.temp' is opened by 6472@MSI

[2020-03-27 20:29:48 #2 type] 
Type domain.Erabiltzaile is not enhanced.

[2020-03-27 20:29:48 #3 type] 
Type domain.Admin is not enhanced.

[2020-03-27 20:29:48 #4 type] 
Type domain.Bezero is not enhanced.

[2020-03-27 20:29:48 #5 type] 
Type domain.Question is not enhanced.

[2020-03-27 20:29:48 #6 type] 
Type domain.Event is not enhanced.

[2020-03-27 20:29:48 #7 type] 
Type domain.Kuota is not enhanced.

------------------------------------------------------------------------------------------------------------------------

[2020-03-27 23:08:06 #1 store] 
Database 'C:\Users\Iker\Desktop\Iker\Uni\2.maila\SI\Proiektua\bets2020\src\main\resources\bets.temp' is opened by 2532@MSI

[2020-03-27 23:08:06 #2 type] 
Type domain.Erabiltzaile is not enhanced.

[2020-03-27 23:08:06 #3 type] 
Type domain.Admin is not enhanced.

[2020-03-27 23:08:06 #4 type] 
Type domain.Bezero is not enhanced.

[2020-03-27 23:08:06 #5 type] 
Type domain.Question is not enhanced.

[2020-03-27 23:08:06 #6 type] 
Type domain.Event is not enhanced.

[2020-03-27 23:08:06 #7 type] 
Type domain.Kuota is not enhanced.

------------------------------------------------------------------------------------------------------------------------

[2020-03-27 23:35:53 #1 store] 
Database 'C:\Users\Iker\Desktop\Iker\Uni\2.maila\SI\Proiektua\bets2020\src\main\resources\bets.temp' has been recovered (tr. 107-108)

[2020-03-27 23:35:53 #2 store] 
Database 'C:\Users\Iker\Desktop\Iker\Uni\2.maila\SI\Proiektua\bets2020\src\main\resources\bets.temp' is opened by 14556@MSI

[2020-03-27 23:35:53 #3 type] 
Type domain.Erabiltzaile is not enhanced.

[2020-03-27 23:35:53 #4 type] 
Type domain.Admin is not enhanced.

[2020-03-27 23:35:53 #5 type] 
Type domain.Bezero is not enhanced.

[2020-03-27 23:35:53 #6 type] 
Type domain.Question is not enhanced.

[2020-03-27 23:35:53 #7 type] 
Type domain.Event is not enhanced.

[2020-03-27 23:35:53 #8 type] 
Type domain.Kuota is not enhanced.

------------------------------------------------------------------------------------------------------------------------

[2020-03-27 23:43:43 #1 store] 
Database 'C:\Users\Iker\Desktop\Iker\Uni\2.maila\SI\Proiektua\bets2020\src\main\resources\bets.temp' is opened by 756@MSI

[2020-03-27 23:43:43 #2 type] 
Type domain.Erabiltzaile is not enhanced.

[2020-03-27 23:43:43 #3 type] 
Type domain.Admin is not enhanced.

[2020-03-27 23:43:43 #4 type] 
Type domain.Bezero is not enhanced.

[2020-03-27 23:43:43 #5 type] 
Type domain.Question is not enhanced.

[2020-03-27 23:43:43 #6 type] 
Type domain.Event is not enhanced.

[2020-03-27 23:43:43 #7 type] 
Type domain.Kuota is not enhanced.

------------------------------------------------------------------------------------------------------------------------

[2020-03-27 23:48:10 #1 store] 
Database 'C:\Users\Iker\Desktop\Iker\Uni\2.maila\SI\Proiektua\bets2020\src\main\resources\bets.temp' is opened by 19936@MSI

[2020-03-27 23:48:10 #2 type] 
Type domain.Erabiltzaile is not enhanced.

[2020-03-27 23:48:10 #3 type] 
Type domain.Admin is not enhanced.

[2020-03-27 23:48:10 #4 type] 
Type domain.Bezero is not enhanced.

[2020-03-27 23:48:10 #5 type] 
Type domain.Question is not enhanced.

[2020-03-27 23:48:10 #6 type] 
Type domain.Event is not enhanced.

[2020-03-27 23:48:10 #7 type] 
Type domain.Kuota is not enhanced.

------------------------------------------------------------------------------------------------------------------------

[2020-03-27 23:50:09 #1 store] 
Database 'C:\Users\Iker\Desktop\Iker\Uni\2.maila\SI\Proiektua\bets2020\src\main\resources\bets.temp' is opened by 5512@MSI

[2020-03-27 23:50:09 #2 type] 
Type domain.Erabiltzaile is not enhanced.

[2020-03-27 23:50:09 #3 type] 
Type domain.Admin is not enhanced.

[2020-03-27 23:50:09 #4 type] 
Type domain.Bezero is not enhanced.

[2020-03-27 23:50:09 #5 type] 
Type domain.Question is not enhanced.

[2020-03-27 23:50:09 #6 type] 
Type domain.Event is not enhanced.

[2020-03-27 23:50:09 #7 type] 
Type domain.Kuota is not enhanced.

