------------------------------------------------------------------------------------------------------------------------

[2020-02-27 12:07:38 #1 store] 
Database 'C:\Users\Iker\Desktop\Iker\Uni\2.maila\SI\bets2020\src\main\resources\bets.temp' is opened by 11252@MSI

[2020-02-27 12:07:38 #2 type.registry] 
New type domain.Question

[2020-02-27 12:07:38 #3 type] 
Type domain.Question is not enhanced.

[2020-02-27 12:07:38 #4 type.registry] 
New type domain.Event

[2020-02-27 12:07:38 #5 type] 
Type domain.Event is not enhanced.

[2020-02-27 12:07:38 #6 type.registry] 
New type java.util.Vector<domain.Question>

[2020-02-27 12:07:38 #7 type.registry] 
New type java.util.Vector<java.lang.Object>

------------------------------------------------------------------------------------------------------------------------

[2020-02-27 12:33:01 #1 store] 
Database 'C:\Users\Iker\Desktop\Iker\Uni\2.maila\SI\bets2020\src\main\resources\bets.temp' is opened by 7948@MSI

[2020-02-27 12:33:01 #2 type.registry] 
New type domain.Question

[2020-02-27 12:33:01 #3 type] 
Type domain.Question is not enhanced.

[2020-02-27 12:33:01 #4 type.registry] 
New type domain.Event

[2020-02-27 12:33:01 #5 type] 
Type domain.Event is not enhanced.

[2020-02-27 12:33:01 #6 type.registry] 
New type java.util.Vector<domain.Question>

[2020-02-27 12:33:01 #7 type.registry] 
New type java.util.Vector<java.lang.Object>

------------------------------------------------------------------------------------------------------------------------

[2020-02-27 12:35:32 #1 store] 
Database 'C:\Users\Iker\Desktop\Iker\Uni\2.maila\SI\bets2020\src\main\resources\bets.temp' is opened by 3456@MSI

[2020-02-27 12:35:32 #2 type.registry] 
New type domain.Question

[2020-02-27 12:35:32 #3 type] 
Type domain.Question is not enhanced.

[2020-02-27 12:35:32 #4 type.registry] 
New type domain.Event

[2020-02-27 12:35:32 #5 type] 
Type domain.Event is not enhanced.

[2020-02-27 12:35:32 #6 type.registry] 
New type java.util.Vector<domain.Question>

[2020-02-27 12:35:32 #7 type.registry] 
New type java.util.Vector<java.lang.Object>

------------------------------------------------------------------------------------------------------------------------

[2020-02-27 14:07:51 #1 store] 
Database 'C:\Users\Iker\Desktop\Iker\Uni\2.maila\SI\bets2020\src\main\resources\bets.temp' is opened by 8788@MSI

[2020-02-27 14:07:51 #2 type.registry] 
New type domain.Question

[2020-02-27 14:07:51 #3 type] 
Type domain.Question is not enhanced.

[2020-02-27 14:07:51 #4 type.registry] 
New type domain.Event

[2020-02-27 14:07:51 #5 type] 
Type domain.Event is not enhanced.

[2020-02-27 14:07:51 #6 type.registry] 
New type java.util.Vector<domain.Question>

[2020-02-27 14:07:51 #7 type.registry] 
New type java.util.Vector<java.lang.Object>

------------------------------------------------------------------------------------------------------------------------

[2020-02-27 14:10:58 #1 store] 
Database 'C:\Users\Iker\Desktop\Iker\Uni\2.maila\SI\bets2020\src\main\resources\bets.temp' is opened by 9300@MSI

[2020-02-27 14:10:58 #2 type.registry] 
New type domain.Question

[2020-02-27 14:10:58 #3 type] 
Type domain.Question is not enhanced.

[2020-02-27 14:10:58 #4 type.registry] 
New type domain.Event

[2020-02-27 14:10:58 #5 type] 
Type domain.Event is not enhanced.

[2020-02-27 14:10:58 #6 type.registry] 
New type java.util.Vector<domain.Question>

[2020-02-27 14:10:58 #7 type.registry] 
New type java.util.Vector<java.lang.Object>

------------------------------------------------------------------------------------------------------------------------

[2020-02-27 14:23:57 #1 store] 
Database 'C:\Users\Iker\Desktop\Iker\Uni\2.maila\SI\bets2020\src\main\resources\bets.temp' is opened by 12932@MSI

[2020-02-27 14:23:57 #2 type.registry] 
New type domain.Question

[2020-02-27 14:23:57 #3 type] 
Type domain.Question is not enhanced.

[2020-02-27 14:23:57 #4 type.registry] 
New type domain.Event

[2020-02-27 14:23:57 #5 type] 
Type domain.Event is not enhanced.

[2020-02-27 14:23:57 #6 type.registry] 
New type java.util.Vector<domain.Question>

[2020-02-27 14:23:57 #7 type.registry] 
New type java.util.Vector<java.lang.Object>

------------------------------------------------------------------------------------------------------------------------

[2020-02-27 14:31:23 #1 store] 
Database 'C:\Users\Iker\Desktop\Iker\Uni\2.maila\SI\bets2020\src\main\resources\bets.temp' is opened by 17896@MSI

[2020-02-27 14:31:23 #2 type.registry] 
New type domain.Question

[2020-02-27 14:31:23 #3 type] 
Type domain.Question is not enhanced.

[2020-02-27 14:31:23 #4 type.registry] 
New type domain.Event

[2020-02-27 14:31:23 #5 type] 
Type domain.Event is not enhanced.

[2020-02-27 14:31:23 #6 type.registry] 
New type java.util.Vector<domain.Question>

[2020-02-27 14:31:23 #7 type.registry] 
New type java.util.Vector<java.lang.Object>

------------------------------------------------------------------------------------------------------------------------

[2020-02-27 16:25:19 #1 store] 
Database 'C:\Users\Iker\Desktop\Iker\Uni\2.maila\SI\bets2020\src\main\resources\bets.temp' has been recovered (tr. 1-5)

[2020-02-27 16:25:19 #2 store] 
Database 'C:\Users\Iker\Desktop\Iker\Uni\2.maila\SI\bets2020\src\main\resources\bets.temp' is opened by 10156@MSI

[2020-02-27 16:25:19 #3 type] 
Type domain.Question is not enhanced.

[2020-02-27 16:25:19 #4 type] 
Type domain.Event is not enhanced.

[2020-02-27 16:25:19 #5 type.registry] 
New type domain.Erabiltzaile

[2020-02-27 16:25:19 #6 type.registry] 
New type domain.Bezero

[2020-02-27 16:25:19 #7 type] 
Type domain.Erabiltzaile is not enhanced.

------------------------------------------------------------------------------------------------------------------------

[2020-02-27 20:19:53 #1 store] 
Database 'C:\Users\Iker\Desktop\Iker\Uni\2.maila\SI\bets2020\src\main\resources\bets.temp' is opened by 12276@MSI

[2020-02-27 20:19:54 #2 type.registry] 
New type domain.Erabiltzaile

[2020-02-27 20:19:54 #3 type.registry] 
New type domain.Bezero

[2020-02-27 20:19:54 #4 type] 
Type domain.Erabiltzaile is not enhanced.

------------------------------------------------------------------------------------------------------------------------

[2020-02-27 20:22:55 #1 store] 
Database 'C:\Users\Iker\Desktop\Iker\Uni\2.maila\SI\bets2020\src\main\resources\bets.temp' has been recovered (tr. 1-3)

[2020-02-27 20:22:55 #2 store] 
Database 'C:\Users\Iker\Desktop\Iker\Uni\2.maila\SI\bets2020\src\main\resources\bets.temp' is opened by 1548@MSI

[2020-02-27 20:22:55 #3 type] 
Type domain.Erabiltzaile is not enhanced.

[2020-02-27 20:22:55 #4 type.registry] 
New type domain.Admin

