------------------------------------------------------------------------------------------------------------------------

[2020-04-06 12:09:41 #1 store] 
Database 'C:\Users\Iker\Desktop\Iker\Uni\2.maila\SI\Proiektua\bets2020\src\main\resources\bets.temp' is opened by 14220@MSI

[2020-04-06 12:09:41 #2 type] 
Type domain.Erabiltzaile is not enhanced.

[2020-04-06 12:09:41 #3 type] 
Type domain.Admin is not enhanced.

[2020-04-06 12:09:41 #4 type] 
Type domain.Bezero is not enhanced.

[2020-04-06 12:09:41 #5 type] 
Type domain.Question is not enhanced.

[2020-04-06 12:09:41 #6 type] 
Type domain.Event is not enhanced.

[2020-04-06 12:09:41 #7 type] 
Type domain.Kuota is not enhanced.

[2020-04-06 12:09:41 #8 type] 
Type domain.Apustua is not enhanced.

------------------------------------------------------------------------------------------------------------------------

[2020-04-06 12:10:17 #1 store] 
Database 'C:\Users\Iker\Desktop\Iker\Uni\2.maila\SI\Proiektua\bets2020\src\main\resources\bets.temp' is opened by 18316@MSI

[2020-04-06 12:10:17 #2 type] 
Type domain.Erabiltzaile is not enhanced.

[2020-04-06 12:10:17 #3 type] 
Type domain.Admin is not enhanced.

[2020-04-06 12:10:17 #4 type] 
Type domain.Bezero is not enhanced.

[2020-04-06 12:10:17 #5 type] 
Type domain.Question is not enhanced.

[2020-04-06 12:10:17 #6 type] 
Type domain.Event is not enhanced.

[2020-04-06 12:10:17 #7 type] 
Type domain.Kuota is not enhanced.

[2020-04-06 12:10:17 #8 type] 
Type domain.Apustua is not enhanced.

