------------------------------------------------------------------------------------------------------------------------

[2020-02-29 00:00:44 #1 store] 
Database 'C:\Users\Iker\Desktop\Iker\Uni\2.maila\SI\bets2020\src\main\resources\bets.temp' is opened by 11524@MSI

[2020-02-29 00:00:44 #2 type] 
Type domain.Erabiltzaile is not enhanced.

[2020-02-29 00:00:44 #3 type] 
Type domain.Admin is not enhanced.

[2020-02-29 00:00:44 #4 type] 
Type domain.Bezero is not enhanced.

[2020-02-29 00:00:44 #5 type] 
Type domain.Question is not enhanced.

[2020-02-29 00:00:44 #6 type] 
Type domain.Event is not enhanced.

------------------------------------------------------------------------------------------------------------------------

[2020-02-29 10:21:33 #1 store] 
Database 'C:\Users\Iker\Desktop\Iker\Uni\2.maila\SI\bets2020\src\main\resources\bets.temp' is opened by 18176@MSI

[2020-02-29 10:21:33 #2 type] 
Type domain.Erabiltzaile is not enhanced.

[2020-02-29 10:21:33 #3 type] 
Type domain.Admin is not enhanced.

[2020-02-29 10:21:33 #4 type] 
Type domain.Bezero is not enhanced.

[2020-02-29 10:21:33 #5 type] 
Type domain.Question is not enhanced.

[2020-02-29 10:21:33 #6 type] 
Type domain.Event is not enhanced.

------------------------------------------------------------------------------------------------------------------------

[2020-02-29 10:22:40 #1 store] 
Database 'C:\Users\Iker\Desktop\Iker\Uni\2.maila\SI\bets2020\src\main\resources\bets.temp' is opened by 15468@MSI

[2020-02-29 10:22:40 #2 type] 
Type domain.Erabiltzaile is not enhanced.

[2020-02-29 10:22:40 #3 type] 
Type domain.Admin is not enhanced.

[2020-02-29 10:22:40 #4 type] 
Type domain.Bezero is not enhanced.

[2020-02-29 10:22:40 #5 type] 
Type domain.Question is not enhanced.

[2020-02-29 10:22:40 #6 type] 
Type domain.Event is not enhanced.

------------------------------------------------------------------------------------------------------------------------

[2020-02-29 10:25:18 #1 store] 
Database 'C:\Users\Iker\Desktop\Iker\Uni\2.maila\SI\bets2020\src\main\resources\bets.temp' is opened by 12932@MSI

[2020-02-29 10:25:18 #2 type] 
Type domain.Erabiltzaile is not enhanced.

[2020-02-29 10:25:18 #3 type] 
Type domain.Admin is not enhanced.

[2020-02-29 10:25:18 #4 type] 
Type domain.Bezero is not enhanced.

[2020-02-29 10:25:18 #5 type] 
Type domain.Question is not enhanced.

[2020-02-29 10:25:18 #6 type] 
Type domain.Event is not enhanced.

------------------------------------------------------------------------------------------------------------------------

[2020-02-29 10:27:11 #1 store] 
Database 'C:\Users\Iker\Desktop\Iker\Uni\2.maila\SI\bets2020\src\main\resources\bets.temp' is opened by 10660@MSI

[2020-02-29 10:27:12 #2 type] 
Type domain.Erabiltzaile is not enhanced.

[2020-02-29 10:27:12 #3 type] 
Type domain.Admin is not enhanced.

[2020-02-29 10:27:12 #4 type] 
Type domain.Bezero is not enhanced.

[2020-02-29 10:27:12 #5 type] 
Type domain.Question is not enhanced.

[2020-02-29 10:27:12 #6 type] 
Type domain.Event is not enhanced.

------------------------------------------------------------------------------------------------------------------------

[2020-02-29 10:29:13 #1 store] 
Database 'C:\Users\Iker\Desktop\Iker\Uni\2.maila\SI\bets2020\src\main\resources\bets.temp' is opened by 12472@MSI

[2020-02-29 10:29:13 #2 type] 
Type domain.Erabiltzaile is not enhanced.

[2020-02-29 10:29:13 #3 type] 
Type domain.Admin is not enhanced.

[2020-02-29 10:29:13 #4 type] 
Type domain.Bezero is not enhanced.

[2020-02-29 10:29:13 #5 type] 
Type domain.Question is not enhanced.

[2020-02-29 10:29:13 #6 type] 
Type domain.Event is not enhanced.

------------------------------------------------------------------------------------------------------------------------

[2020-02-29 10:38:02 #1 store] 
Database 'C:\Users\Iker\Desktop\Iker\Uni\2.maila\SI\bets2020\src\main\resources\bets.temp' is opened by 15092@MSI

[2020-02-29 10:38:02 #2 type] 
Type domain.Erabiltzaile is not enhanced.

[2020-02-29 10:38:02 #3 type] 
Type domain.Admin is not enhanced.

[2020-02-29 10:38:02 #4 type] 
Type domain.Bezero is not enhanced.

[2020-02-29 10:38:02 #5 type] 
Type domain.Question is not enhanced.

[2020-02-29 10:38:02 #6 type] 
Type domain.Event is not enhanced.

------------------------------------------------------------------------------------------------------------------------

[2020-02-29 10:39:24 #1 store] 
Database 'C:\Users\Iker\Desktop\Iker\Uni\2.maila\SI\bets2020\src\main\resources\bets.temp' is opened by 2396@MSI

[2020-02-29 10:39:24 #2 type] 
Type domain.Erabiltzaile is not enhanced.

[2020-02-29 10:39:24 #3 type] 
Type domain.Admin is not enhanced.

[2020-02-29 10:39:24 #4 type] 
Type domain.Bezero is not enhanced.

[2020-02-29 10:39:24 #5 type] 
Type domain.Question is not enhanced.

[2020-02-29 10:39:24 #6 type] 
Type domain.Event is not enhanced.

------------------------------------------------------------------------------------------------------------------------

[2020-02-29 10:48:52 #1 store] 
Database 'C:\Users\Iker\Desktop\Iker\Uni\2.maila\SI\bets2020\src\main\resources\bets.temp' is opened by 2444@MSI

[2020-02-29 10:48:52 #2 type] 
Type domain.Erabiltzaile is not enhanced.

[2020-02-29 10:48:52 #3 type] 
Type domain.Admin is not enhanced.

[2020-02-29 10:48:52 #4 type] 
Type domain.Bezero is not enhanced.

[2020-02-29 10:48:52 #5 type] 
Type domain.Question is not enhanced.

[2020-02-29 10:48:52 #6 type] 
Type domain.Event is not enhanced.

------------------------------------------------------------------------------------------------------------------------

[2020-02-29 10:49:17 #1 store] 
Database 'C:\Users\Iker\Desktop\Iker\Uni\2.maila\SI\bets2020\src\main\resources\bets.temp' is opened by 9128@MSI

[2020-02-29 10:49:18 #2 type] 
Type domain.Erabiltzaile is not enhanced.

[2020-02-29 10:49:18 #3 type] 
Type domain.Admin is not enhanced.

[2020-02-29 10:49:18 #4 type] 
Type domain.Bezero is not enhanced.

[2020-02-29 10:49:18 #5 type] 
Type domain.Question is not enhanced.

[2020-02-29 10:49:18 #6 type] 
Type domain.Event is not enhanced.

------------------------------------------------------------------------------------------------------------------------

[2020-02-29 10:53:30 #1 store] 
Database 'C:\Users\Iker\Desktop\Iker\Uni\2.maila\SI\bets2020\src\main\resources\bets.temp' is opened by 17996@MSI

[2020-02-29 10:53:30 #2 type] 
Type domain.Erabiltzaile is not enhanced.

[2020-02-29 10:53:30 #3 type] 
Type domain.Admin is not enhanced.

[2020-02-29 10:53:30 #4 type] 
Type domain.Bezero is not enhanced.

[2020-02-29 10:53:30 #5 type] 
Type domain.Question is not enhanced.

[2020-02-29 10:53:30 #6 type] 
Type domain.Event is not enhanced.

------------------------------------------------------------------------------------------------------------------------

[2020-02-29 10:59:19 #1 store] 
Database 'C:\Users\Iker\Desktop\Iker\Uni\2.maila\SI\bets2020\src\main\resources\bets.temp' is opened by 10324@MSI

[2020-02-29 10:59:19 #2 type] 
Type domain.Erabiltzaile is not enhanced.

[2020-02-29 10:59:19 #3 type] 
Type domain.Admin is not enhanced.

[2020-02-29 10:59:19 #4 type] 
Type domain.Bezero is not enhanced.

[2020-02-29 10:59:19 #5 type] 
Type domain.Question is not enhanced.

[2020-02-29 10:59:19 #6 type] 
Type domain.Event is not enhanced.

------------------------------------------------------------------------------------------------------------------------

[2020-02-29 10:59:38 #1 store] 
Database 'C:\Users\Iker\Desktop\Iker\Uni\2.maila\SI\bets2020\src\main\resources\bets.temp' is opened by 6192@MSI

[2020-02-29 10:59:38 #2 type] 
Type domain.Erabiltzaile is not enhanced.

[2020-02-29 10:59:38 #3 type] 
Type domain.Admin is not enhanced.

[2020-02-29 10:59:38 #4 type] 
Type domain.Bezero is not enhanced.

[2020-02-29 10:59:38 #5 type] 
Type domain.Question is not enhanced.

[2020-02-29 10:59:38 #6 type] 
Type domain.Event is not enhanced.

------------------------------------------------------------------------------------------------------------------------

[2020-02-29 12:04:22 #1 store] 
Database 'C:\Users\Iker\Desktop\Iker\Uni\2.maila\SI\bets2020\src\main\resources\bets.temp' is opened by 11764@MSI

[2020-02-29 12:04:22 #2 type] 
Type domain.Erabiltzaile is not enhanced.

[2020-02-29 12:04:22 #3 type] 
Type domain.Admin is not enhanced.

[2020-02-29 12:04:22 #4 type] 
Type domain.Bezero is not enhanced.

[2020-02-29 12:04:22 #5 type] 
Type domain.Question is not enhanced.

[2020-02-29 12:04:22 #6 type] 
Type domain.Event is not enhanced.

------------------------------------------------------------------------------------------------------------------------

[2020-02-29 12:07:13 #1 store] 
Database 'C:\Users\Iker\Desktop\Iker\Uni\2.maila\SI\bets2020\src\main\resources\bets.temp' is opened by 11452@MSI

[2020-02-29 12:07:13 #2 type] 
Type domain.Erabiltzaile is not enhanced.

[2020-02-29 12:07:13 #3 type] 
Type domain.Admin is not enhanced.

[2020-02-29 12:07:13 #4 type] 
Type domain.Bezero is not enhanced.

[2020-02-29 12:07:13 #5 type] 
Type domain.Question is not enhanced.

[2020-02-29 12:07:13 #6 type] 
Type domain.Event is not enhanced.

------------------------------------------------------------------------------------------------------------------------

[2020-02-29 12:10:08 #1 store] 
Database 'C:\Users\Iker\Desktop\Iker\Uni\2.maila\SI\bets2020\src\main\resources\bets.temp' is opened by 17548@MSI

[2020-02-29 12:10:08 #2 type] 
Type domain.Erabiltzaile is not enhanced.

[2020-02-29 12:10:08 #3 type] 
Type domain.Admin is not enhanced.

[2020-02-29 12:10:08 #4 type] 
Type domain.Bezero is not enhanced.

[2020-02-29 12:10:08 #5 type] 
Type domain.Question is not enhanced.

[2020-02-29 12:10:08 #6 type] 
Type domain.Event is not enhanced.

------------------------------------------------------------------------------------------------------------------------

[2020-02-29 18:54:17 #1 store] 
Database 'C:\Users\Iker\Desktop\Iker\Uni\2.maila\SI\bets2020\src\main\resources\bets.temp' is opened by 11980@MSI

[2020-02-29 18:54:17 #2 type] 
Type domain.Erabiltzaile is not enhanced.

[2020-02-29 18:54:17 #3 type] 
Type domain.Admin is not enhanced.

[2020-02-29 18:54:17 #4 type] 
Type domain.Bezero is not enhanced.

[2020-02-29 18:54:17 #5 type] 
Type domain.Question is not enhanced.

[2020-02-29 18:54:17 #6 type] 
Type domain.Event is not enhanced.

