------------------------------------------------------------------------------------------------------------------------

[2020-04-20 16:01:19 #1 store] 
Database 'C:\Users\Iker\Desktop\Iker\Uni\2.maila\SI\Proiektua\bets2020\src\main\resources\bets.temp' is opened by 13116@MSI

[2020-04-20 16:01:19 #2 type] 
Type domain.Erabiltzaile is not enhanced.

[2020-04-20 16:01:19 #3 type] 
Type domain.Admin is not enhanced.

[2020-04-20 16:01:19 #4 type] 
Type domain.Bezero is not enhanced.

[2020-04-20 16:01:19 #5 type] 
Type domain.Question is not enhanced.

[2020-04-20 16:01:19 #6 type] 
Type domain.Event is not enhanced.

[2020-04-20 16:01:19 #7 type] 
Type domain.Kuota is not enhanced.

[2020-04-20 16:01:19 #8 type] 
Type domain.Apustua is not enhanced.

[2020-04-20 16:01:19 #9 type] 
Type domain.Mugimendu is not enhanced.

------------------------------------------------------------------------------------------------------------------------

[2020-04-20 16:10:51 #1 store] 
Database 'C:\Users\Iker\Desktop\Iker\Uni\2.maila\SI\Proiektua\bets2020\src\main\resources\bets.temp' is opened by 10104@MSI

[2020-04-20 16:10:52 #2 type] 
Type domain.Erabiltzaile is not enhanced.

[2020-04-20 16:10:52 #3 type] 
Type domain.Admin is not enhanced.

[2020-04-20 16:10:52 #4 type] 
Type domain.Bezero is not enhanced.

[2020-04-20 16:10:52 #5 type] 
Type domain.Question is not enhanced.

[2020-04-20 16:10:52 #6 type] 
Type domain.Event is not enhanced.

[2020-04-20 16:10:52 #7 type] 
Type domain.Kuota is not enhanced.

[2020-04-20 16:10:52 #8 type] 
Type domain.Apustua is not enhanced.

[2020-04-20 16:10:52 #9 type] 
Type domain.Mugimendu is not enhanced.

------------------------------------------------------------------------------------------------------------------------

[2020-04-20 22:55:38 #1 store] 
Database 'C:\Users\Iker\Desktop\Iker\Uni\2.maila\SI\Proiektua\bets2020\src\main\resources\bets.temp' is opened by 7488@MSI

[2020-04-20 22:55:38 #2 type] 
Type domain.Erabiltzaile is not enhanced.

[2020-04-20 22:55:38 #3 type] 
Type domain.Admin is not enhanced.

[2020-04-20 22:55:38 #4 type] 
Type domain.Bezero is not enhanced.

[2020-04-20 22:55:38 #5 type] 
Type domain.Question is not enhanced.

[2020-04-20 22:55:38 #6 type] 
Type domain.Event is not enhanced.

[2020-04-20 22:55:38 #7 type] 
Type domain.Kuota is not enhanced.

[2020-04-20 22:55:38 #8 type] 
Type domain.Mugimendu is not enhanced.

------------------------------------------------------------------------------------------------------------------------

[2020-04-20 22:56:52 #1 store] 
Database 'C:\Users\Iker\Desktop\Iker\Uni\2.maila\SI\Proiektua\bets2020\src\main\resources\bets.temp' is opened by 18848@MSI

[2020-04-20 22:56:52 #2 type] 
Type domain.Erabiltzaile is not enhanced.

[2020-04-20 22:56:52 #3 type] 
Type domain.Admin is not enhanced.

[2020-04-20 22:56:52 #4 type] 
Type domain.Bezero is not enhanced.

[2020-04-20 22:56:52 #5 type] 
Type domain.Question is not enhanced.

[2020-04-20 22:56:52 #6 type] 
Type domain.Event is not enhanced.

[2020-04-20 22:56:52 #7 type] 
Type domain.Kuota is not enhanced.

[2020-04-20 22:56:52 #8 type] 
Type domain.Mugimendu is not enhanced.

------------------------------------------------------------------------------------------------------------------------

[2020-04-20 22:58:18 #1 store] 
Database 'C:\Users\Iker\Desktop\Iker\Uni\2.maila\SI\Proiektua\bets2020\src\main\resources\bets.temp' is opened by 16984@MSI

[2020-04-20 22:58:18 #2 type] 
Type domain.Erabiltzaile is not enhanced.

[2020-04-20 22:58:18 #3 type] 
Type domain.Admin is not enhanced.

[2020-04-20 22:58:18 #4 type] 
Type domain.Bezero is not enhanced.

[2020-04-20 22:58:18 #5 type] 
Type domain.Question is not enhanced.

[2020-04-20 22:58:18 #6 type] 
Type domain.Event is not enhanced.

[2020-04-20 22:58:18 #7 type] 
Type domain.Kuota is not enhanced.

[2020-04-20 22:58:18 #8 type] 
Type domain.Mugimendu is not enhanced.

------------------------------------------------------------------------------------------------------------------------

[2020-04-20 22:59:27 #1 store] 
Database 'C:\Users\Iker\Desktop\Iker\Uni\2.maila\SI\Proiektua\bets2020\src\main\resources\bets.temp' is opened by 20152@MSI

[2020-04-20 22:59:27 #2 type] 
Type domain.Erabiltzaile is not enhanced.

[2020-04-20 22:59:27 #3 type] 
Type domain.Admin is not enhanced.

[2020-04-20 22:59:27 #4 type] 
Type domain.Bezero is not enhanced.

[2020-04-20 22:59:27 #5 type] 
Type domain.Question is not enhanced.

[2020-04-20 22:59:27 #6 type] 
Type domain.Event is not enhanced.

[2020-04-20 22:59:27 #7 type] 
Type domain.Kuota is not enhanced.

[2020-04-20 22:59:27 #8 type] 
Type domain.Mugimendu is not enhanced.

------------------------------------------------------------------------------------------------------------------------

[2020-04-20 23:04:09 #1 store] 
Database 'C:\Users\Iker\Desktop\Iker\Uni\2.maila\SI\Proiektua\bets2020\src\main\resources\bets.temp' is opened by 5264@MSI

[2020-04-20 23:04:10 #2 type] 
Type domain.Erabiltzaile is not enhanced.

[2020-04-20 23:04:10 #3 type] 
Type domain.Admin is not enhanced.

[2020-04-20 23:04:10 #4 type] 
Type domain.Bezero is not enhanced.

[2020-04-20 23:04:10 #5 type] 
Type domain.Question is not enhanced.

[2020-04-20 23:04:10 #6 type] 
Type domain.Event is not enhanced.

[2020-04-20 23:04:10 #7 type] 
Type domain.Kuota is not enhanced.

[2020-04-20 23:04:10 #8 type] 
Type domain.Mugimendu is not enhanced.

------------------------------------------------------------------------------------------------------------------------

[2020-04-20 23:10:54 #1 store] 
Database 'C:\Users\Iker\Desktop\Iker\Uni\2.maila\SI\Proiektua\bets2020\src\main\resources\bets.temp' is opened by 19620@MSI

[2020-04-20 23:10:54 #2 type] 
Type domain.Erabiltzaile is not enhanced.

[2020-04-20 23:10:54 #3 type] 
Type domain.Admin is not enhanced.

[2020-04-20 23:10:54 #4 type] 
Type domain.Bezero is not enhanced.

[2020-04-20 23:10:54 #5 type] 
Type domain.Question is not enhanced.

[2020-04-20 23:10:54 #6 type] 
Type domain.Event is not enhanced.

[2020-04-20 23:10:54 #7 type] 
Type domain.Kuota is not enhanced.

[2020-04-20 23:10:54 #8 type] 
Type domain.Mugimendu is not enhanced.

------------------------------------------------------------------------------------------------------------------------

[2020-04-20 23:11:45 #1 store] 
Database 'C:\Users\Iker\Desktop\Iker\Uni\2.maila\SI\Proiektua\bets2020\src\main\resources\bets.temp' is opened by 7828@MSI

[2020-04-20 23:11:45 #2 type] 
Type domain.Erabiltzaile is not enhanced.

[2020-04-20 23:11:45 #3 type] 
Type domain.Admin is not enhanced.

[2020-04-20 23:11:45 #4 type] 
Type domain.Bezero is not enhanced.

[2020-04-20 23:11:45 #5 type] 
Type domain.Question is not enhanced.

[2020-04-20 23:11:45 #6 type] 
Type domain.Event is not enhanced.

[2020-04-20 23:11:45 #7 type] 
Type domain.Kuota is not enhanced.

[2020-04-20 23:11:45 #8 type] 
Type domain.Mugimendu is not enhanced.

------------------------------------------------------------------------------------------------------------------------

[2020-04-20 23:27:34 #1 store] 
Database 'C:\Users\Iker\Desktop\Iker\Uni\2.maila\SI\Proiektua\bets2020\src\main\resources\bets.temp' is opened by 3128@MSI

[2020-04-20 23:27:34 #2 type] 
Type domain.Erabiltzaile is not enhanced.

[2020-04-20 23:27:34 #3 type] 
Type domain.Admin is not enhanced.

[2020-04-20 23:27:34 #4 type] 
Type domain.Bezero is not enhanced.

[2020-04-20 23:27:34 #5 type] 
Type domain.Question is not enhanced.

[2020-04-20 23:27:34 #6 type] 
Type domain.Event is not enhanced.

[2020-04-20 23:27:34 #7 type] 
Type domain.Kuota is not enhanced.

[2020-04-20 23:27:34 #8 type] 
Type domain.Mugimendu is not enhanced.

------------------------------------------------------------------------------------------------------------------------

[2020-04-20 23:29:54 #1 store] 
Database 'C:\Users\Iker\Desktop\Iker\Uni\2.maila\SI\Proiektua\bets2020\src\main\resources\bets.temp' is opened by 18264@MSI

[2020-04-20 23:29:54 #2 type] 
Type domain.Erabiltzaile is not enhanced.

[2020-04-20 23:29:54 #3 type] 
Type domain.Admin is not enhanced.

[2020-04-20 23:29:54 #4 type] 
Type domain.Bezero is not enhanced.

[2020-04-20 23:29:54 #5 type] 
Type domain.Question is not enhanced.

[2020-04-20 23:29:54 #6 type] 
Type domain.Event is not enhanced.

[2020-04-20 23:29:54 #7 type] 
Type domain.Kuota is not enhanced.

[2020-04-20 23:29:54 #8 type] 
Type domain.Mugimendu is not enhanced.

------------------------------------------------------------------------------------------------------------------------

[2020-04-20 23:33:35 #1 store] 
Database 'C:\Users\Iker\Desktop\Iker\Uni\2.maila\SI\Proiektua\bets2020\src\main\resources\bets.temp' is opened by 8684@MSI

[2020-04-20 23:33:35 #2 type] 
Type domain.Erabiltzaile is not enhanced.

[2020-04-20 23:33:35 #3 type] 
Type domain.Admin is not enhanced.

[2020-04-20 23:33:35 #4 type] 
Type domain.Bezero is not enhanced.

[2020-04-20 23:33:35 #5 type] 
Type domain.Question is not enhanced.

[2020-04-20 23:33:35 #6 type] 
Type domain.Event is not enhanced.

[2020-04-20 23:33:35 #7 type] 
Type domain.Kuota is not enhanced.

[2020-04-20 23:33:35 #8 type] 
Type domain.Mugimendu is not enhanced.

------------------------------------------------------------------------------------------------------------------------

[2020-04-20 23:36:04 #1 store] 
Database 'C:\Users\Iker\Desktop\Iker\Uni\2.maila\SI\Proiektua\bets2020\src\main\resources\bets.temp' is opened by 11512@MSI

[2020-04-20 23:36:04 #2 type] 
Type domain.Erabiltzaile is not enhanced.

[2020-04-20 23:36:04 #3 type] 
Type domain.Admin is not enhanced.

[2020-04-20 23:36:04 #4 type] 
Type domain.Bezero is not enhanced.

[2020-04-20 23:36:04 #5 type] 
Type domain.Question is not enhanced.

[2020-04-20 23:36:04 #6 type] 
Type domain.Event is not enhanced.

[2020-04-20 23:36:04 #7 type] 
Type domain.Kuota is not enhanced.

[2020-04-20 23:36:04 #8 type] 
Type domain.Mugimendu is not enhanced.

------------------------------------------------------------------------------------------------------------------------

[2020-04-20 23:37:55 #1 store] 
Database 'C:\Users\Iker\Desktop\Iker\Uni\2.maila\SI\Proiektua\bets2020\src\main\resources\bets.temp' is opened by 17852@MSI

[2020-04-20 23:37:55 #2 type] 
Type domain.Erabiltzaile is not enhanced.

[2020-04-20 23:37:55 #3 type] 
Type domain.Admin is not enhanced.

[2020-04-20 23:37:55 #4 type] 
Type domain.Bezero is not enhanced.

[2020-04-20 23:37:55 #5 type] 
Type domain.Question is not enhanced.

[2020-04-20 23:37:55 #6 type] 
Type domain.Event is not enhanced.

[2020-04-20 23:37:55 #7 type] 
Type domain.Kuota is not enhanced.

[2020-04-20 23:37:55 #8 type] 
Type domain.Mugimendu is not enhanced.

------------------------------------------------------------------------------------------------------------------------

[2020-04-20 23:39:42 #1 store] 
Database 'C:\Users\Iker\Desktop\Iker\Uni\2.maila\SI\Proiektua\bets2020\src\main\resources\bets.temp' is opened by 5432@MSI

[2020-04-20 23:39:42 #2 type] 
Type domain.Erabiltzaile is not enhanced.

[2020-04-20 23:39:42 #3 type] 
Type domain.Admin is not enhanced.

[2020-04-20 23:39:42 #4 type] 
Type domain.Bezero is not enhanced.

[2020-04-20 23:39:42 #5 type] 
Type domain.Question is not enhanced.

[2020-04-20 23:39:42 #6 type] 
Type domain.Event is not enhanced.

[2020-04-20 23:39:42 #7 type] 
Type domain.Kuota is not enhanced.

[2020-04-20 23:39:42 #8 type] 
Type domain.Mugimendu is not enhanced.

------------------------------------------------------------------------------------------------------------------------

[2020-04-20 23:45:57 #1 store] 
Database 'C:\Users\Iker\Desktop\Iker\Uni\2.maila\SI\Proiektua\bets2020\src\main\resources\bets.temp' is opened by 19340@MSI

[2020-04-20 23:45:57 #2 type] 
Type domain.Erabiltzaile is not enhanced.

[2020-04-20 23:45:57 #3 type] 
Type domain.Admin is not enhanced.

[2020-04-20 23:45:57 #4 type] 
Type domain.Bezero is not enhanced.

[2020-04-20 23:45:57 #5 type] 
Type domain.Question is not enhanced.

[2020-04-20 23:45:57 #6 type] 
Type domain.Event is not enhanced.

[2020-04-20 23:45:57 #7 type] 
Type domain.Kuota is not enhanced.

------------------------------------------------------------------------------------------------------------------------

[2020-04-20 23:46:34 #1 store] 
Database 'C:\Users\Iker\Desktop\Iker\Uni\2.maila\SI\Proiektua\bets2020\src\main\resources\bets.temp' is opened by 20108@MSI

[2020-04-20 23:46:34 #2 type] 
Type domain.Erabiltzaile is not enhanced.

[2020-04-20 23:46:34 #3 type] 
Type domain.Admin is not enhanced.

[2020-04-20 23:46:34 #4 type] 
Type domain.Bezero is not enhanced.

[2020-04-20 23:46:34 #5 type] 
Type domain.Question is not enhanced.

[2020-04-20 23:46:34 #6 type] 
Type domain.Event is not enhanced.

[2020-04-20 23:46:34 #7 type] 
Type domain.Kuota is not enhanced.

[2020-04-20 23:46:34 #8 type] 
Type domain.Mugimendu is not enhanced.

------------------------------------------------------------------------------------------------------------------------

[2020-04-20 23:49:23 #1 store] 
Database 'C:\Users\Iker\Desktop\Iker\Uni\2.maila\SI\Proiektua\bets2020\src\main\resources\bets.temp' is opened by 20008@MSI

[2020-04-20 23:49:23 #2 type] 
Type domain.Erabiltzaile is not enhanced.

[2020-04-20 23:49:23 #3 type] 
Type domain.Admin is not enhanced.

[2020-04-20 23:49:23 #4 type] 
Type domain.Bezero is not enhanced.

[2020-04-20 23:49:23 #5 type] 
Type domain.Question is not enhanced.

[2020-04-20 23:49:23 #6 type] 
Type domain.Event is not enhanced.

[2020-04-20 23:49:23 #7 type] 
Type domain.Kuota is not enhanced.

[2020-04-20 23:49:23 #8 type] 
Type domain.Mugimendu is not enhanced.

------------------------------------------------------------------------------------------------------------------------

[2020-04-20 23:51:12 #1 store] 
Database 'C:\Users\Iker\Desktop\Iker\Uni\2.maila\SI\Proiektua\bets2020\src\main\resources\bets.temp' is opened by 2648@MSI

[2020-04-20 23:51:12 #2 type] 
Type domain.Erabiltzaile is not enhanced.

[2020-04-20 23:51:12 #3 type] 
Type domain.Admin is not enhanced.

[2020-04-20 23:51:12 #4 type] 
Type domain.Bezero is not enhanced.

[2020-04-20 23:51:12 #5 type] 
Type domain.Question is not enhanced.

[2020-04-20 23:51:12 #6 type] 
Type domain.Event is not enhanced.

[2020-04-20 23:51:12 #7 type] 
Type domain.Kuota is not enhanced.

[2020-04-20 23:51:12 #8 type] 
Type domain.Mugimendu is not enhanced.

------------------------------------------------------------------------------------------------------------------------

[2020-04-20 23:52:55 #1 store] 
Database 'C:\Users\Iker\Desktop\Iker\Uni\2.maila\SI\Proiektua\bets2020\src\main\resources\bets.temp' is opened by 3732@MSI

[2020-04-20 23:52:55 #2 type] 
Type domain.Erabiltzaile is not enhanced.

[2020-04-20 23:52:55 #3 type] 
Type domain.Admin is not enhanced.

[2020-04-20 23:52:55 #4 type] 
Type domain.Bezero is not enhanced.

[2020-04-20 23:52:55 #5 type] 
Type domain.Question is not enhanced.

[2020-04-20 23:52:55 #6 type] 
Type domain.Event is not enhanced.

[2020-04-20 23:52:55 #7 type] 
Type domain.Kuota is not enhanced.

[2020-04-20 23:52:55 #8 type] 
Type domain.Mugimendu is not enhanced.

------------------------------------------------------------------------------------------------------------------------

[2020-04-20 23:55:17 #1 store] 
Database 'C:\Users\Iker\Desktop\Iker\Uni\2.maila\SI\Proiektua\bets2020\src\main\resources\bets.temp' is opened by 9132@MSI

[2020-04-20 23:55:17 #2 type] 
Type domain.Erabiltzaile is not enhanced.

[2020-04-20 23:55:17 #3 type] 
Type domain.Admin is not enhanced.

[2020-04-20 23:55:17 #4 type] 
Type domain.Bezero is not enhanced.

[2020-04-20 23:55:17 #5 type] 
Type domain.Question is not enhanced.

[2020-04-20 23:55:17 #6 type] 
Type domain.Event is not enhanced.

[2020-04-20 23:55:17 #7 type] 
Type domain.Kuota is not enhanced.

[2020-04-20 23:55:17 #8 type] 
Type domain.Mugimendu is not enhanced.

