------------------------------------------------------------------------------------------------------------------------

[2020-03-02 16:04:28 #1 store] 
Database 'C:\Users\Iker\Desktop\Iker\Uni\2.maila\SI\bets2020\src\main\resources\bets.temp' is opened by 8752@MSI

[2020-03-02 16:04:28 #2 type] 
Type domain.Erabiltzaile is not enhanced.

[2020-03-02 16:04:28 #3 type] 
Type domain.Admin is not enhanced.

[2020-03-02 16:04:28 #4 type] 
Type domain.Bezero is not enhanced.

[2020-03-02 16:04:28 #5 type] 
Type domain.Question is not enhanced.

[2020-03-02 16:04:28 #6 type] 
Type domain.Event is not enhanced.

------------------------------------------------------------------------------------------------------------------------

[2020-03-02 16:39:48 #1 store] 
Database 'C:\Users\Iker\Desktop\Iker\Uni\2.maila\SI\bets2020\src\main\resources\bets.temp' has been recovered (tr. 22-22)

[2020-03-02 16:39:48 #2 store] 
Database 'C:\Users\Iker\Desktop\Iker\Uni\2.maila\SI\bets2020\src\main\resources\bets.temp' is opened by 9300@MSI

[2020-03-02 16:39:48 #3 type] 
Type domain.Erabiltzaile is not enhanced.

[2020-03-02 16:39:48 #4 type] 
Type domain.Admin is not enhanced.

[2020-03-02 16:39:48 #5 type] 
Type domain.Bezero is not enhanced.

[2020-03-02 16:39:48 #6 type] 
Type domain.Question is not enhanced.

[2020-03-02 16:39:48 #7 type] 
Type domain.Event is not enhanced.

------------------------------------------------------------------------------------------------------------------------

[2020-03-02 16:42:45 #1 store] 
Database 'C:\Users\Iker\Desktop\Iker\Uni\2.maila\SI\bets2020\src\main\resources\bets.temp' is opened by 9636@MSI

[2020-03-02 16:42:45 #2 type] 
Type domain.Erabiltzaile is not enhanced.

[2020-03-02 16:42:45 #3 type] 
Type domain.Admin is not enhanced.

[2020-03-02 16:42:45 #4 type] 
Type domain.Bezero is not enhanced.

[2020-03-02 16:42:45 #5 type] 
Type domain.Question is not enhanced.

[2020-03-02 16:42:45 #6 type] 
Type domain.Event is not enhanced.

------------------------------------------------------------------------------------------------------------------------

[2020-03-02 16:44:30 #1 store] 
Database 'C:\Users\Iker\Desktop\Iker\Uni\2.maila\SI\bets2020\src\main\resources\bets.temp' is opened by 12588@MSI

[2020-03-02 16:44:30 #2 type] 
Type domain.Erabiltzaile is not enhanced.

[2020-03-02 16:44:30 #3 type] 
Type domain.Admin is not enhanced.

[2020-03-02 16:44:30 #4 type] 
Type domain.Bezero is not enhanced.

[2020-03-02 16:44:30 #5 type] 
Type domain.Question is not enhanced.

[2020-03-02 16:44:30 #6 type] 
Type domain.Event is not enhanced.

------------------------------------------------------------------------------------------------------------------------

[2020-03-02 16:50:34 #1 store] 
Database 'C:\Users\Iker\Desktop\Iker\Uni\2.maila\SI\bets2020\src\main\resources\bets.temp' is opened by 20564@MSI

[2020-03-02 16:50:34 #2 type] 
Type domain.Erabiltzaile is not enhanced.

[2020-03-02 16:50:34 #3 type] 
Type domain.Admin is not enhanced.

[2020-03-02 16:50:34 #4 type] 
Type domain.Bezero is not enhanced.

[2020-03-02 16:50:34 #5 type] 
Type domain.Question is not enhanced.

[2020-03-02 16:50:34 #6 type] 
Type domain.Event is not enhanced.

------------------------------------------------------------------------------------------------------------------------

[2020-03-02 17:05:11 #1 store] 
Database 'C:\Users\Iker\Desktop\Iker\Uni\2.maila\SI\bets2020\src\main\resources\bets.temp' is opened by 12452@MSI

[2020-03-02 17:05:11 #2 type] 
Type domain.Erabiltzaile is not enhanced.

[2020-03-02 17:05:11 #3 type] 
Type domain.Admin is not enhanced.

[2020-03-02 17:05:11 #4 type] 
Type domain.Bezero is not enhanced.

[2020-03-02 17:05:11 #5 type] 
Type domain.Question is not enhanced.

[2020-03-02 17:05:11 #6 type] 
Type domain.Event is not enhanced.

------------------------------------------------------------------------------------------------------------------------

[2020-03-02 17:07:12 #1 store] 
Database 'C:\Users\Iker\Desktop\Iker\Uni\2.maila\SI\bets2020\src\main\resources\bets.temp' is opened by 12984@MSI

[2020-03-02 17:07:13 #2 type] 
Type domain.Erabiltzaile is not enhanced.

[2020-03-02 17:07:13 #3 type] 
Type domain.Admin is not enhanced.

[2020-03-02 17:07:13 #4 type] 
Type domain.Bezero is not enhanced.

[2020-03-02 17:07:13 #5 type] 
Type domain.Question is not enhanced.

[2020-03-02 17:07:13 #6 type] 
Type domain.Event is not enhanced.

------------------------------------------------------------------------------------------------------------------------

[2020-03-02 17:36:32 #1 store] 
Database 'C:\Users\Iker\Desktop\Iker\Uni\2.maila\SI\bets2020\src\main\resources\bets.temp' is opened by 5300@MSI

[2020-03-02 17:36:32 #2 type] 
Type domain.Erabiltzaile is not enhanced.

[2020-03-02 17:36:32 #3 type] 
Type domain.Admin is not enhanced.

[2020-03-02 17:36:32 #4 type] 
Type domain.Bezero is not enhanced.

[2020-03-02 17:36:32 #5 type] 
Type domain.Question is not enhanced.

[2020-03-02 17:36:32 #6 type] 
Type domain.Event is not enhanced.

------------------------------------------------------------------------------------------------------------------------

[2020-03-02 17:37:15 #1 store] 
Database 'C:\Users\Iker\Desktop\Iker\Uni\2.maila\SI\bets2020\src\main\resources\bets.temp' is opened by 4156@MSI

[2020-03-02 17:37:15 #2 type] 
Type domain.Erabiltzaile is not enhanced.

[2020-03-02 17:37:15 #3 type] 
Type domain.Admin is not enhanced.

[2020-03-02 17:37:15 #4 type] 
Type domain.Bezero is not enhanced.

[2020-03-02 17:37:15 #5 type] 
Type domain.Question is not enhanced.

[2020-03-02 17:37:15 #6 type] 
Type domain.Event is not enhanced.

------------------------------------------------------------------------------------------------------------------------

[2020-03-02 17:40:17 #1 store] 
Database 'C:\Users\Iker\Desktop\Iker\Uni\2.maila\SI\bets2020\src\main\resources\bets.temp' is opened by 17004@MSI

[2020-03-02 17:40:17 #2 type] 
Type domain.Erabiltzaile is not enhanced.

[2020-03-02 17:40:17 #3 type] 
Type domain.Admin is not enhanced.

[2020-03-02 17:40:17 #4 type] 
Type domain.Bezero is not enhanced.

[2020-03-02 17:40:17 #5 type] 
Type domain.Question is not enhanced.

[2020-03-02 17:40:17 #6 type] 
Type domain.Event is not enhanced.

------------------------------------------------------------------------------------------------------------------------

[2020-03-02 17:42:53 #1 store] 
Database 'C:\Users\Iker\Desktop\Iker\Uni\2.maila\SI\bets2020\src\main\resources\bets.temp' is opened by 17612@MSI

[2020-03-02 17:42:53 #2 type] 
Type domain.Erabiltzaile is not enhanced.

[2020-03-02 17:42:53 #3 type] 
Type domain.Admin is not enhanced.

[2020-03-02 17:42:53 #4 type] 
Type domain.Bezero is not enhanced.

[2020-03-02 17:42:53 #5 type] 
Type domain.Question is not enhanced.

[2020-03-02 17:42:53 #6 type] 
Type domain.Event is not enhanced.

------------------------------------------------------------------------------------------------------------------------

[2020-03-02 17:43:47 #1 store] 
Database 'C:\Users\Iker\Desktop\Iker\Uni\2.maila\SI\bets2020\src\main\resources\bets.temp' is opened by 8636@MSI

[2020-03-02 17:43:47 #2 type] 
Type domain.Erabiltzaile is not enhanced.

[2020-03-02 17:43:47 #3 type] 
Type domain.Admin is not enhanced.

[2020-03-02 17:43:47 #4 type] 
Type domain.Bezero is not enhanced.

[2020-03-02 17:43:47 #5 type] 
Type domain.Question is not enhanced.

[2020-03-02 17:43:47 #6 type] 
Type domain.Event is not enhanced.

------------------------------------------------------------------------------------------------------------------------

[2020-03-02 17:48:47 #1 store] 
Database 'C:\Users\Iker\Desktop\Iker\Uni\2.maila\SI\bets2020\src\main\resources\bets.temp' is opened by 15596@MSI

[2020-03-02 17:48:47 #2 type] 
Type domain.Erabiltzaile is not enhanced.

[2020-03-02 17:48:47 #3 type] 
Type domain.Admin is not enhanced.

[2020-03-02 17:48:47 #4 type] 
Type domain.Bezero is not enhanced.

[2020-03-02 17:48:47 #5 type] 
Type domain.Question is not enhanced.

[2020-03-02 17:48:47 #6 type] 
Type domain.Event is not enhanced.

------------------------------------------------------------------------------------------------------------------------

[2020-03-02 17:59:10 #1 store] 
Database 'C:\Users\Iker\Desktop\Iker\Uni\2.maila\SI\bets2020\src\main\resources\bets.temp' is opened by 12788@MSI

[2020-03-02 17:59:10 #2 type] 
Type domain.Erabiltzaile is not enhanced.

[2020-03-02 17:59:10 #3 type] 
Type domain.Admin is not enhanced.

[2020-03-02 17:59:10 #4 type] 
Type domain.Bezero is not enhanced.

[2020-03-02 17:59:10 #5 type] 
Type domain.Question is not enhanced.

[2020-03-02 17:59:10 #6 type] 
Type domain.Event is not enhanced.

------------------------------------------------------------------------------------------------------------------------

[2020-03-02 18:10:23 #1 store] 
Database 'C:\Users\Iker\Desktop\Iker\Uni\2.maila\SI\bets2020\src\main\resources\bets.temp' is opened by 10392@MSI

[2020-03-02 18:10:23 #2 type] 
Type domain.Erabiltzaile is not enhanced.

[2020-03-02 18:10:23 #3 type] 
Type domain.Admin is not enhanced.

[2020-03-02 18:10:23 #4 type] 
Type domain.Bezero is not enhanced.

[2020-03-02 18:10:23 #5 type] 
Type domain.Question is not enhanced.

[2020-03-02 18:10:23 #6 type] 
Type domain.Event is not enhanced.

------------------------------------------------------------------------------------------------------------------------

[2020-03-02 18:14:44 #1 store] 
Database 'C:\Users\Iker\Desktop\Iker\Uni\2.maila\SI\bets2020\src\main\resources\bets.temp' is opened by 11316@MSI

[2020-03-02 18:14:44 #2 type] 
Type domain.Erabiltzaile is not enhanced.

[2020-03-02 18:14:44 #3 type] 
Type domain.Admin is not enhanced.

[2020-03-02 18:14:44 #4 type] 
Type domain.Bezero is not enhanced.

[2020-03-02 18:14:44 #5 type] 
Type domain.Question is not enhanced.

[2020-03-02 18:14:44 #6 type] 
Type domain.Event is not enhanced.

------------------------------------------------------------------------------------------------------------------------

[2020-03-02 18:15:47 #1 store] 
Database 'C:\Users\Iker\Desktop\Iker\Uni\2.maila\SI\bets2020\src\main\resources\bets.temp' is opened by 12356@MSI

[2020-03-02 18:15:47 #2 type] 
Type domain.Erabiltzaile is not enhanced.

[2020-03-02 18:15:47 #3 type] 
Type domain.Admin is not enhanced.

[2020-03-02 18:15:47 #4 type] 
Type domain.Bezero is not enhanced.

[2020-03-02 18:15:47 #5 type] 
Type domain.Question is not enhanced.

[2020-03-02 18:15:47 #6 type] 
Type domain.Event is not enhanced.

------------------------------------------------------------------------------------------------------------------------

[2020-03-02 18:21:02 #1 store] 
Database 'C:\Users\Iker\Desktop\Iker\Uni\2.maila\SI\bets2020\src\main\resources\bets.temp' is opened by 6248@MSI

[2020-03-02 18:21:02 #2 type] 
Type domain.Erabiltzaile is not enhanced.

[2020-03-02 18:21:02 #3 type] 
Type domain.Admin is not enhanced.

[2020-03-02 18:21:02 #4 type] 
Type domain.Bezero is not enhanced.

[2020-03-02 18:21:02 #5 type] 
Type domain.Question is not enhanced.

[2020-03-02 18:21:02 #6 type] 
Type domain.Event is not enhanced.

------------------------------------------------------------------------------------------------------------------------

[2020-03-02 18:22:49 #1 store] 
Database 'C:\Users\Iker\Desktop\Iker\Uni\2.maila\SI\bets2020\src\main\resources\bets.temp' is opened by 19064@MSI

[2020-03-02 18:22:49 #2 type] 
Type domain.Erabiltzaile is not enhanced.

[2020-03-02 18:22:49 #3 type] 
Type domain.Admin is not enhanced.

[2020-03-02 18:22:49 #4 type] 
Type domain.Bezero is not enhanced.

[2020-03-02 18:22:49 #5 type] 
Type domain.Question is not enhanced.

[2020-03-02 18:22:49 #6 type] 
Type domain.Event is not enhanced.

------------------------------------------------------------------------------------------------------------------------

[2020-03-02 18:24:47 #1 store] 
Database 'C:\Users\Iker\Desktop\Iker\Uni\2.maila\SI\bets2020\src\main\resources\bets.temp' is opened by 9060@MSI

[2020-03-02 18:24:47 #2 type] 
Type domain.Erabiltzaile is not enhanced.

[2020-03-02 18:24:47 #3 type] 
Type domain.Admin is not enhanced.

[2020-03-02 18:24:47 #4 type] 
Type domain.Bezero is not enhanced.

[2020-03-02 18:24:47 #5 type] 
Type domain.Question is not enhanced.

[2020-03-02 18:24:47 #6 type] 
Type domain.Event is not enhanced.

------------------------------------------------------------------------------------------------------------------------

[2020-03-02 18:26:48 #1 store] 
Database 'C:\Users\Iker\Desktop\Iker\Uni\2.maila\SI\bets2020\src\main\resources\bets.temp' is opened by 1300@MSI

[2020-03-02 18:26:48 #2 type] 
Type domain.Erabiltzaile is not enhanced.

[2020-03-02 18:26:48 #3 type] 
Type domain.Admin is not enhanced.

[2020-03-02 18:26:48 #4 type] 
Type domain.Bezero is not enhanced.

[2020-03-02 18:26:48 #5 type] 
Type domain.Question is not enhanced.

[2020-03-02 18:26:48 #6 type] 
Type domain.Event is not enhanced.

------------------------------------------------------------------------------------------------------------------------

[2020-03-02 18:40:55 #1 store] 
Database 'C:\Users\Iker\Desktop\Iker\Uni\2.maila\SI\bets2020\src\main\resources\bets.temp' is opened by 8292@MSI

[2020-03-02 18:40:56 #2 type] 
Type domain.Erabiltzaile is not enhanced.

[2020-03-02 18:40:56 #3 type] 
Type domain.Admin is not enhanced.

[2020-03-02 18:40:56 #4 type] 
Type domain.Bezero is not enhanced.

[2020-03-02 18:40:56 #5 type] 
Type domain.Question is not enhanced.

[2020-03-02 18:40:56 #6 type] 
Type domain.Event is not enhanced.

------------------------------------------------------------------------------------------------------------------------

[2020-03-02 20:16:43 #1 store] 
Database 'C:\Users\Iker\Desktop\Iker\Uni\2.maila\SI\bets2020\src\main\resources\bets.temp' is opened by 19072@MSI

[2020-03-02 20:16:43 #2 type] 
Type domain.Erabiltzaile is not enhanced.

[2020-03-02 20:16:43 #3 type] 
Type domain.Admin is not enhanced.

[2020-03-02 20:16:43 #4 type] 
Type domain.Bezero is not enhanced.

[2020-03-02 20:16:43 #5 type] 
Type domain.Question is not enhanced.

[2020-03-02 20:16:43 #6 type] 
Type domain.Event is not enhanced.

------------------------------------------------------------------------------------------------------------------------

[2020-03-02 20:19:25 #1 store] 
Database 'C:\Users\Iker\Desktop\Iker\Uni\2.maila\SI\bets2020\src\main\resources\bets.temp' is opened by 22288@MSI

[2020-03-02 20:19:25 #2 type] 
Type domain.Erabiltzaile is not enhanced.

[2020-03-02 20:19:25 #3 type] 
Type domain.Admin is not enhanced.

[2020-03-02 20:19:25 #4 type] 
Type domain.Bezero is not enhanced.

[2020-03-02 20:19:26 #5 type] 
Type domain.Question is not enhanced.

[2020-03-02 20:19:26 #6 type] 
Type domain.Event is not enhanced.

------------------------------------------------------------------------------------------------------------------------

[2020-03-02 21:23:24 #1 store] 
Database 'C:\Users\Iker\Desktop\Iker\Uni\2.maila\SI\bets2020\src\main\resources\bets.temp' is opened by 5980@MSI

[2020-03-02 21:23:24 #2 type] 
Type domain.Erabiltzaile is not enhanced.

[2020-03-02 21:23:24 #3 type] 
Type domain.Admin is not enhanced.

[2020-03-02 21:23:24 #4 type] 
Type domain.Bezero is not enhanced.

[2020-03-02 21:23:24 #5 type] 
Type domain.Question is not enhanced.

[2020-03-02 21:23:24 #6 type] 
Type domain.Event is not enhanced.

------------------------------------------------------------------------------------------------------------------------

[2020-03-02 21:33:35 #1 store] 
Database 'C:\Users\Iker\Desktop\Iker\Uni\2.maila\SI\bets2020\src\main\resources\bets.temp' is opened by 8696@MSI

[2020-03-02 21:33:35 #2 type] 
Type domain.Erabiltzaile is not enhanced.

[2020-03-02 21:33:35 #3 type] 
Type domain.Admin is not enhanced.

[2020-03-02 21:33:35 #4 type] 
Type domain.Bezero is not enhanced.

[2020-03-02 21:33:35 #5 type] 
Type domain.Question is not enhanced.

[2020-03-02 21:33:35 #6 type] 
Type domain.Event is not enhanced.

------------------------------------------------------------------------------------------------------------------------

[2020-03-02 21:35:06 #1 store] 
Database 'C:\Users\Iker\Desktop\Iker\Uni\2.maila\SI\bets2020\src\main\resources\bets.temp' is opened by 14524@MSI

[2020-03-02 21:35:06 #2 type] 
Type domain.Erabiltzaile is not enhanced.

[2020-03-02 21:35:06 #3 type] 
Type domain.Admin is not enhanced.

[2020-03-02 21:35:06 #4 type] 
Type domain.Bezero is not enhanced.

[2020-03-02 21:35:06 #5 type] 
Type domain.Question is not enhanced.

[2020-03-02 21:35:06 #6 type] 
Type domain.Event is not enhanced.

------------------------------------------------------------------------------------------------------------------------

[2020-03-02 21:37:37 #1 store] 
Database 'C:\Users\Iker\Desktop\Iker\Uni\2.maila\SI\bets2020\src\main\resources\bets.temp' has been recovered (tr. 31-31)

[2020-03-02 21:37:37 #2 store] 
Database 'C:\Users\Iker\Desktop\Iker\Uni\2.maila\SI\bets2020\src\main\resources\bets.temp' is opened by 12608@MSI

[2020-03-02 21:37:37 #3 type] 
Type domain.Erabiltzaile is not enhanced.

[2020-03-02 21:37:37 #4 type] 
Type domain.Admin is not enhanced.

[2020-03-02 21:37:37 #5 type] 
Type domain.Bezero is not enhanced.

[2020-03-02 21:37:37 #6 type] 
Type domain.Question is not enhanced.

[2020-03-02 21:37:37 #7 type] 
Type domain.Event is not enhanced.

