------------------------------------------------------------------------------------------------------------------------

[2020-10-18 11:56:08 #1 store] 
Database 'C:\Users\Xabier Larrea\git\Bets2021_SI2\src\main\resources\bets.temp' is opened by 11064@Xabier-PC

[2020-10-18 11:56:08 #2 type] 
Type domain.Kuota is not enhanced.

[2020-10-18 11:56:08 #3 type] 
Type domain.Question is not enhanced.

[2020-10-18 11:56:08 #4 type] 
Type domain.Event is not enhanced.

[2020-10-18 11:56:08 #5 type] 
Type domain.Erabiltzaile is not enhanced.

[2020-10-18 11:56:08 #6 type] 
Type domain.Admin is not enhanced.

[2020-10-18 11:56:08 #7 type] 
Type domain.Mugimendu is not enhanced.

[2020-10-18 11:56:08 #8 type] 
Type domain.Apustua is not enhanced.

[2020-10-18 11:56:08 #9 type] 
Type domain.Bezero is not enhanced.

[2020-10-18 11:56:08 #10 type] 
Type domain.DiruMug is not enhanced.

------------------------------------------------------------------------------------------------------------------------

[2020-10-18 12:07:17 #1 store] 
Database 'C:\Users\Xabier Larrea\git\Bets2021_SI2\src\main\resources\bets.temp' is opened by 5084@Xabier-PC

[2020-10-18 12:07:17 #2 type] 
Type domain.Kuota is not enhanced.

[2020-10-18 12:07:17 #3 type] 
Type domain.Question is not enhanced.

[2020-10-18 12:07:17 #4 type] 
Type domain.Event is not enhanced.

[2020-10-18 12:07:17 #5 type] 
Type domain.Erabiltzaile is not enhanced.

[2020-10-18 12:07:17 #6 type] 
Type domain.Admin is not enhanced.

[2020-10-18 12:07:17 #7 type] 
Type domain.Mugimendu is not enhanced.

[2020-10-18 12:07:17 #8 type] 
Type domain.Apustua is not enhanced.

[2020-10-18 12:07:17 #9 type] 
Type domain.Bezero is not enhanced.

[2020-10-18 12:07:17 #10 type] 
Type domain.DiruMug is not enhanced.

------------------------------------------------------------------------------------------------------------------------

[2020-10-18 12:15:01 #1 store] 
Database 'C:\Users\Xabier Larrea\git\Bets2021_SI2\src\main\resources\bets.temp' is opened by 10064@Xabier-PC

[2020-10-18 12:15:01 #2 type] 
Type domain.Kuota is not enhanced.

[2020-10-18 12:15:01 #3 type] 
Type domain.Question is not enhanced.

[2020-10-18 12:15:01 #4 type] 
Type domain.Event is not enhanced.

[2020-10-18 12:15:01 #5 type] 
Type domain.Erabiltzaile is not enhanced.

[2020-10-18 12:15:01 #6 type] 
Type domain.Admin is not enhanced.

[2020-10-18 12:15:01 #7 type] 
Type domain.Mugimendu is not enhanced.

[2020-10-18 12:15:01 #8 type] 
Type domain.Apustua is not enhanced.

[2020-10-18 12:15:01 #9 type] 
Type domain.Bezero is not enhanced.

[2020-10-18 12:15:01 #10 type] 
Type domain.DiruMug is not enhanced.

