------------------------------------------------------------------------------------------------------------------------

[2020-04-15 11:17:57 #1 store] 
Database 'C:\Users\Iker\Desktop\Iker\Uni\2.maila\SI\Proiektua\bets2020\src\main\resources\bets.temp' is opened by 13564@MSI

[2020-04-15 11:17:58 #2 type] 
Type domain.Erabiltzaile is not enhanced.

[2020-04-15 11:17:58 #3 type] 
Type domain.Admin is not enhanced.

[2020-04-15 11:17:58 #4 type] 
Type domain.Bezero is not enhanced.

[2020-04-15 11:17:58 #5 type] 
Type domain.Question is not enhanced.

[2020-04-15 11:17:58 #6 type] 
Type domain.Event is not enhanced.

[2020-04-15 11:17:58 #7 type] 
Type domain.Kuota is not enhanced.

[2020-04-15 11:17:58 #8 type] 
Type domain.Apustua is not enhanced.

[2020-04-15 11:17:58 #9 type] 
Type domain.Mugimendu is not enhanced.

------------------------------------------------------------------------------------------------------------------------

[2020-04-15 11:21:08 #1 store] 
Database 'C:\Users\Iker\Desktop\Iker\Uni\2.maila\SI\Proiektua\bets2020\src\main\resources\bets.temp' has been recovered (tr. 235-235)

[2020-04-15 11:21:08 #2 store] 
Database 'C:\Users\Iker\Desktop\Iker\Uni\2.maila\SI\Proiektua\bets2020\src\main\resources\bets.temp' is opened by 9332@MSI

[2020-04-15 11:21:08 #3 type] 
Type domain.Erabiltzaile is not enhanced.

[2020-04-15 11:21:08 #4 type] 
Type domain.Admin is not enhanced.

[2020-04-15 11:21:08 #5 type] 
Type domain.Bezero is not enhanced.

[2020-04-15 11:21:08 #6 type] 
Type domain.Question is not enhanced.

[2020-04-15 11:21:08 #7 type] 
Type domain.Event is not enhanced.

[2020-04-15 11:21:08 #8 type] 
Type domain.Kuota is not enhanced.

[2020-04-15 11:21:08 #9 type] 
Type domain.Apustua is not enhanced.

[2020-04-15 11:21:08 #10 type] 
Type domain.Mugimendu is not enhanced.

------------------------------------------------------------------------------------------------------------------------

[2020-04-15 11:24:07 #1 store] 
Database 'C:\Users\Iker\Desktop\Iker\Uni\2.maila\SI\Proiektua\bets2020\src\main\resources\bets.temp' is opened by 22464@MSI

[2020-04-15 11:24:07 #2 type] 
Type domain.Erabiltzaile is not enhanced.

[2020-04-15 11:24:07 #3 type] 
Type domain.Admin is not enhanced.

[2020-04-15 11:24:07 #4 type] 
Type domain.Bezero is not enhanced.

[2020-04-15 11:24:07 #5 type] 
Type domain.Question is not enhanced.

[2020-04-15 11:24:07 #6 type] 
Type domain.Event is not enhanced.

[2020-04-15 11:24:07 #7 type] 
Type domain.Kuota is not enhanced.

[2020-04-15 11:24:07 #8 type] 
Type domain.Apustua is not enhanced.

[2020-04-15 11:24:07 #9 type] 
Type domain.Mugimendu is not enhanced.

------------------------------------------------------------------------------------------------------------------------

[2020-04-15 11:25:47 #1 store] 
Database 'C:\Users\Iker\Desktop\Iker\Uni\2.maila\SI\Proiektua\bets2020\src\main\resources\bets.temp' is opened by 15732@MSI

[2020-04-15 11:25:47 #2 type] 
Type domain.Erabiltzaile is not enhanced.

[2020-04-15 11:25:47 #3 type] 
Type domain.Admin is not enhanced.

[2020-04-15 11:25:47 #4 type] 
Type domain.Bezero is not enhanced.

[2020-04-15 11:25:47 #5 type] 
Type domain.Question is not enhanced.

[2020-04-15 11:25:47 #6 type] 
Type domain.Event is not enhanced.

[2020-04-15 11:25:47 #7 type] 
Type domain.Kuota is not enhanced.

[2020-04-15 11:25:47 #8 type] 
Type domain.Apustua is not enhanced.

[2020-04-15 11:25:48 #9 type] 
Type domain.Mugimendu is not enhanced.

------------------------------------------------------------------------------------------------------------------------

[2020-04-15 11:34:54 #1 store] 
Database 'C:\Users\Iker\Desktop\Iker\Uni\2.maila\SI\Proiektua\bets2020\src\main\resources\bets.temp' is opened by 19628@MSI

[2020-04-15 11:34:54 #2 type] 
Type domain.Erabiltzaile is not enhanced.

[2020-04-15 11:34:54 #3 type] 
Type domain.Admin is not enhanced.

[2020-04-15 11:34:54 #4 type] 
Type domain.Bezero is not enhanced.

[2020-04-15 11:34:54 #5 type] 
Type domain.Question is not enhanced.

[2020-04-15 11:34:54 #6 type] 
Type domain.Event is not enhanced.

[2020-04-15 11:34:54 #7 type] 
Type domain.Kuota is not enhanced.

[2020-04-15 11:34:54 #8 type] 
Type domain.Apustua is not enhanced.

[2020-04-15 11:34:54 #9 type] 
Type domain.Mugimendu is not enhanced.

------------------------------------------------------------------------------------------------------------------------

[2020-04-15 11:37:54 #1 store] 
Database 'C:\Users\Iker\Desktop\Iker\Uni\2.maila\SI\Proiektua\bets2020\src\main\resources\bets.temp' is opened by 18316@MSI

[2020-04-15 11:37:54 #2 type] 
Type domain.Erabiltzaile is not enhanced.

[2020-04-15 11:37:54 #3 type] 
Type domain.Admin is not enhanced.

[2020-04-15 11:37:54 #4 type] 
Type domain.Bezero is not enhanced.

[2020-04-15 11:37:54 #5 type] 
Type domain.Question is not enhanced.

[2020-04-15 11:37:54 #6 type] 
Type domain.Event is not enhanced.

[2020-04-15 11:37:54 #7 type] 
Type domain.Kuota is not enhanced.

[2020-04-15 11:37:54 #8 type] 
Type domain.Apustua is not enhanced.

[2020-04-15 11:37:54 #9 type] 
Type domain.Mugimendu is not enhanced.

------------------------------------------------------------------------------------------------------------------------

[2020-04-15 12:48:32 #1 store] 
Database 'C:\Users\Iker\Desktop\Iker\Uni\2.maila\SI\Proiektua\bets2020\src\main\resources\bets.temp' is opened by 20988@MSI

[2020-04-15 12:48:32 #2 type] 
Type domain.Erabiltzaile is not enhanced.

[2020-04-15 12:48:32 #3 type] 
Type domain.Admin is not enhanced.

[2020-04-15 12:48:32 #4 type] 
Type domain.Bezero is not enhanced.

[2020-04-15 12:48:32 #5 type] 
Type domain.Question is not enhanced.

[2020-04-15 12:48:32 #6 type] 
Type domain.Event is not enhanced.

[2020-04-15 12:48:32 #7 type] 
Type domain.Kuota is not enhanced.

[2020-04-15 12:48:32 #8 type] 
Type domain.Apustua is not enhanced.

[2020-04-15 12:48:32 #9 type] 
Type domain.Mugimendu is not enhanced.

------------------------------------------------------------------------------------------------------------------------

[2020-04-15 12:51:33 #1 store] 
Database 'C:\Users\Iker\Desktop\Iker\Uni\2.maila\SI\Proiektua\bets2020\src\main\resources\bets.temp' is opened by 16912@MSI

[2020-04-15 12:51:33 #2 type] 
Type domain.Erabiltzaile is not enhanced.

[2020-04-15 12:51:33 #3 type] 
Type domain.Admin is not enhanced.

[2020-04-15 12:51:33 #4 type] 
Type domain.Bezero is not enhanced.

[2020-04-15 12:51:33 #5 type] 
Type domain.Question is not enhanced.

[2020-04-15 12:51:33 #6 type] 
Type domain.Event is not enhanced.

[2020-04-15 12:51:33 #7 type] 
Type domain.Kuota is not enhanced.

[2020-04-15 12:51:33 #8 type] 
Type domain.Apustua is not enhanced.

[2020-04-15 12:51:33 #9 type] 
Type domain.Mugimendu is not enhanced.

------------------------------------------------------------------------------------------------------------------------

[2020-04-15 12:54:25 #1 store] 
Database 'C:\Users\Iker\Desktop\Iker\Uni\2.maila\SI\Proiektua\bets2020\src\main\resources\bets.temp' is opened by 8348@MSI

[2020-04-15 12:54:26 #2 type] 
Type domain.Erabiltzaile is not enhanced.

[2020-04-15 12:54:26 #3 type] 
Type domain.Admin is not enhanced.

[2020-04-15 12:54:26 #4 type] 
Type domain.Bezero is not enhanced.

[2020-04-15 12:54:26 #5 type] 
Type domain.Question is not enhanced.

[2020-04-15 12:54:26 #6 type] 
Type domain.Event is not enhanced.

[2020-04-15 12:54:26 #7 type] 
Type domain.Kuota is not enhanced.

[2020-04-15 12:54:26 #8 type] 
Type domain.Apustua is not enhanced.

[2020-04-15 12:54:26 #9 type] 
Type domain.Mugimendu is not enhanced.

------------------------------------------------------------------------------------------------------------------------

[2020-04-15 12:55:54 #1 store] 
Database 'C:\Users\Iker\Desktop\Iker\Uni\2.maila\SI\Proiektua\bets2020\src\main\resources\bets.temp' is opened by 11404@MSI

[2020-04-15 12:55:54 #2 type] 
Type domain.Erabiltzaile is not enhanced.

[2020-04-15 12:55:54 #3 type] 
Type domain.Admin is not enhanced.

[2020-04-15 12:55:54 #4 type] 
Type domain.Bezero is not enhanced.

[2020-04-15 12:55:54 #5 type] 
Type domain.Question is not enhanced.

[2020-04-15 12:55:54 #6 type] 
Type domain.Event is not enhanced.

[2020-04-15 12:55:54 #7 type] 
Type domain.Kuota is not enhanced.

[2020-04-15 12:55:54 #8 type] 
Type domain.Apustua is not enhanced.

[2020-04-15 12:55:54 #9 type] 
Type domain.Mugimendu is not enhanced.

------------------------------------------------------------------------------------------------------------------------

[2020-04-15 12:56:29 #1 store] 
Database 'C:\Users\Iker\Desktop\Iker\Uni\2.maila\SI\Proiektua\bets2020\src\main\resources\bets.temp' is opened by 9524@MSI

[2020-04-15 12:56:29 #2 type] 
Type domain.Erabiltzaile is not enhanced.

[2020-04-15 12:56:29 #3 type] 
Type domain.Admin is not enhanced.

[2020-04-15 12:56:29 #4 type] 
Type domain.Bezero is not enhanced.

[2020-04-15 12:56:29 #5 type] 
Type domain.Question is not enhanced.

[2020-04-15 12:56:29 #6 type] 
Type domain.Event is not enhanced.

[2020-04-15 12:56:29 #7 type] 
Type domain.Kuota is not enhanced.

[2020-04-15 12:56:29 #8 type] 
Type domain.Apustua is not enhanced.

[2020-04-15 12:56:29 #9 type] 
Type domain.Mugimendu is not enhanced.

------------------------------------------------------------------------------------------------------------------------

[2020-04-15 12:58:23 #1 store] 
Database 'C:\Users\Iker\Desktop\Iker\Uni\2.maila\SI\Proiektua\bets2020\src\main\resources\bets.temp' is opened by 1924@MSI

[2020-04-15 12:58:23 #2 type] 
Type domain.Erabiltzaile is not enhanced.

[2020-04-15 12:58:23 #3 type] 
Type domain.Admin is not enhanced.

[2020-04-15 12:58:23 #4 type] 
Type domain.Bezero is not enhanced.

[2020-04-15 12:58:23 #5 type] 
Type domain.Question is not enhanced.

[2020-04-15 12:58:23 #6 type] 
Type domain.Event is not enhanced.

[2020-04-15 12:58:23 #7 type] 
Type domain.Kuota is not enhanced.

[2020-04-15 12:58:23 #8 type] 
Type domain.Apustua is not enhanced.

[2020-04-15 12:58:23 #9 type] 
Type domain.Mugimendu is not enhanced.

------------------------------------------------------------------------------------------------------------------------

[2020-04-15 13:09:24 #1 store] 
Database 'C:\Users\Iker\Desktop\Iker\Uni\2.maila\SI\Proiektua\bets2020\src\main\resources\bets.temp' is opened by 20364@MSI

[2020-04-15 13:09:24 #2 type] 
Type domain.Erabiltzaile is not enhanced.

[2020-04-15 13:09:24 #3 type] 
Type domain.Admin is not enhanced.

[2020-04-15 13:09:24 #4 type] 
Type domain.Bezero is not enhanced.

[2020-04-15 13:09:24 #5 type] 
Type domain.Question is not enhanced.

[2020-04-15 13:09:24 #6 type] 
Type domain.Event is not enhanced.

[2020-04-15 13:09:24 #7 type] 
Type domain.Kuota is not enhanced.

[2020-04-15 13:09:24 #8 type] 
Type domain.Apustua is not enhanced.

[2020-04-15 13:09:24 #9 type] 
Type domain.Mugimendu is not enhanced.

------------------------------------------------------------------------------------------------------------------------

[2020-04-15 13:14:17 #1 store] 
Database 'C:\Users\Iker\Desktop\Iker\Uni\2.maila\SI\Proiektua\bets2020\src\main\resources\bets.temp' is opened by 21116@MSI

[2020-04-15 13:14:17 #2 type] 
Type domain.Erabiltzaile is not enhanced.

[2020-04-15 13:14:17 #3 type] 
Type domain.Admin is not enhanced.

[2020-04-15 13:14:17 #4 type] 
Type domain.Bezero is not enhanced.

[2020-04-15 13:14:17 #5 type] 
Type domain.Question is not enhanced.

[2020-04-15 13:14:17 #6 type] 
Type domain.Event is not enhanced.

[2020-04-15 13:14:17 #7 type] 
Type domain.Kuota is not enhanced.

[2020-04-15 13:14:17 #8 type] 
Type domain.Apustua is not enhanced.

[2020-04-15 13:14:17 #9 type] 
Type domain.Mugimendu is not enhanced.

------------------------------------------------------------------------------------------------------------------------

[2020-04-15 13:15:55 #1 store] 
Database 'C:\Users\Iker\Desktop\Iker\Uni\2.maila\SI\Proiektua\bets2020\src\main\resources\bets.temp' is opened by 8120@MSI

[2020-04-15 13:15:55 #2 type] 
Type domain.Erabiltzaile is not enhanced.

[2020-04-15 13:15:55 #3 type] 
Type domain.Admin is not enhanced.

[2020-04-15 13:15:55 #4 type] 
Type domain.Bezero is not enhanced.

[2020-04-15 13:15:55 #5 type] 
Type domain.Question is not enhanced.

[2020-04-15 13:15:55 #6 type] 
Type domain.Event is not enhanced.

[2020-04-15 13:15:55 #7 type] 
Type domain.Kuota is not enhanced.

[2020-04-15 13:15:55 #8 type] 
Type domain.Apustua is not enhanced.

[2020-04-15 13:15:55 #9 type] 
Type domain.Mugimendu is not enhanced.

------------------------------------------------------------------------------------------------------------------------

[2020-04-15 17:17:48 #1 store] 
Database 'C:\Users\Iker\Desktop\Iker\Uni\2.maila\SI\Proiektua\bets2020\src\main\resources\bets.temp' is opened by 10052@MSI

[2020-04-15 17:17:48 #2 type] 
Type domain.Erabiltzaile is not enhanced.

[2020-04-15 17:17:48 #3 type] 
Type domain.Admin is not enhanced.

[2020-04-15 17:17:48 #4 type] 
Type domain.Bezero is not enhanced.

[2020-04-15 17:17:48 #5 type] 
Type domain.Question is not enhanced.

[2020-04-15 17:17:48 #6 type] 
Type domain.Event is not enhanced.

[2020-04-15 17:17:48 #7 type] 
Type domain.Kuota is not enhanced.

[2020-04-15 17:17:48 #8 type] 
Type domain.Apustua is not enhanced.

[2020-04-15 17:17:48 #9 type] 
Type domain.Mugimendu is not enhanced.

------------------------------------------------------------------------------------------------------------------------

[2020-04-15 17:22:50 #1 store] 
Database 'C:\Users\Iker\Desktop\Iker\Uni\2.maila\SI\Proiektua\bets2020\src\main\resources\bets.temp' is opened by 4776@MSI

[2020-04-15 17:22:50 #2 type] 
Type domain.Erabiltzaile is not enhanced.

[2020-04-15 17:22:50 #3 type] 
Type domain.Admin is not enhanced.

[2020-04-15 17:22:50 #4 type] 
Type domain.Bezero is not enhanced.

[2020-04-15 17:22:50 #5 type] 
Type domain.Question is not enhanced.

[2020-04-15 17:22:50 #6 type] 
Type domain.Event is not enhanced.

[2020-04-15 17:22:50 #7 type] 
Type domain.Kuota is not enhanced.

[2020-04-15 17:22:50 #8 type] 
Type domain.Apustua is not enhanced.

[2020-04-15 17:22:50 #9 type] 
Type domain.Mugimendu is not enhanced.

------------------------------------------------------------------------------------------------------------------------

[2020-04-15 17:25:51 #1 store] 
Database 'C:\Users\Iker\Desktop\Iker\Uni\2.maila\SI\Proiektua\bets2020\src\main\resources\bets.temp' is opened by 1292@MSI

[2020-04-15 17:25:52 #2 type] 
Type domain.Erabiltzaile is not enhanced.

[2020-04-15 17:25:52 #3 type] 
Type domain.Admin is not enhanced.

[2020-04-15 17:25:52 #4 type] 
Type domain.Bezero is not enhanced.

[2020-04-15 17:25:52 #5 type] 
Type domain.Question is not enhanced.

[2020-04-15 17:25:52 #6 type] 
Type domain.Event is not enhanced.

[2020-04-15 17:25:52 #7 type] 
Type domain.Kuota is not enhanced.

[2020-04-15 17:25:52 #8 type] 
Type domain.Apustua is not enhanced.

[2020-04-15 17:25:52 #9 type] 
Type domain.Mugimendu is not enhanced.

------------------------------------------------------------------------------------------------------------------------

[2020-04-15 17:33:15 #1 store] 
Database 'C:\Users\Iker\Desktop\Iker\Uni\2.maila\SI\Proiektua\bets2020\src\main\resources\bets.temp' is opened by 21512@MSI

[2020-04-15 17:33:15 #2 type] 
Type domain.Erabiltzaile is not enhanced.

[2020-04-15 17:33:15 #3 type] 
Type domain.Admin is not enhanced.

[2020-04-15 17:33:15 #4 type] 
Type domain.Bezero is not enhanced.

[2020-04-15 17:33:15 #5 type] 
Type domain.Question is not enhanced.

[2020-04-15 17:33:15 #6 type] 
Type domain.Event is not enhanced.

[2020-04-15 17:33:15 #7 type] 
Type domain.Kuota is not enhanced.

[2020-04-15 17:33:15 #8 type] 
Type domain.Apustua is not enhanced.

[2020-04-15 17:33:15 #9 type] 
Type domain.Mugimendu is not enhanced.

------------------------------------------------------------------------------------------------------------------------

[2020-04-15 17:34:07 #1 store] 
Database 'C:\Users\Iker\Desktop\Iker\Uni\2.maila\SI\Proiektua\bets2020\src\main\resources\bets.temp' is opened by 6980@MSI

[2020-04-15 17:34:07 #2 type] 
Type domain.Erabiltzaile is not enhanced.

[2020-04-15 17:34:07 #3 type] 
Type domain.Admin is not enhanced.

[2020-04-15 17:34:07 #4 type] 
Type domain.Bezero is not enhanced.

[2020-04-15 17:34:07 #5 type] 
Type domain.Question is not enhanced.

[2020-04-15 17:34:07 #6 type] 
Type domain.Event is not enhanced.

[2020-04-15 17:34:07 #7 type] 
Type domain.Kuota is not enhanced.

[2020-04-15 17:34:07 #8 type] 
Type domain.Apustua is not enhanced.

[2020-04-15 17:34:07 #9 type] 
Type domain.Mugimendu is not enhanced.

------------------------------------------------------------------------------------------------------------------------

[2020-04-15 17:35:01 #1 store] 
Database 'C:\Users\Iker\Desktop\Iker\Uni\2.maila\SI\Proiektua\bets2020\src\main\resources\bets.temp' is opened by 21952@MSI

[2020-04-15 17:35:01 #2 type] 
Type domain.Erabiltzaile is not enhanced.

[2020-04-15 17:35:01 #3 type] 
Type domain.Admin is not enhanced.

[2020-04-15 17:35:01 #4 type] 
Type domain.Bezero is not enhanced.

[2020-04-15 17:35:01 #5 type] 
Type domain.Question is not enhanced.

[2020-04-15 17:35:01 #6 type] 
Type domain.Event is not enhanced.

[2020-04-15 17:35:01 #7 type] 
Type domain.Kuota is not enhanced.

[2020-04-15 17:35:01 #8 type] 
Type domain.Apustua is not enhanced.

[2020-04-15 17:35:01 #9 type] 
Type domain.Mugimendu is not enhanced.

------------------------------------------------------------------------------------------------------------------------

[2020-04-15 17:38:12 #1 store] 
Database 'C:\Users\Iker\Desktop\Iker\Uni\2.maila\SI\Proiektua\bets2020\src\main\resources\bets.temp' is opened by 16632@MSI

[2020-04-15 17:38:12 #2 type] 
Type domain.Erabiltzaile is not enhanced.

[2020-04-15 17:38:12 #3 type] 
Type domain.Admin is not enhanced.

[2020-04-15 17:38:12 #4 type] 
Type domain.Bezero is not enhanced.

[2020-04-15 17:38:12 #5 type] 
Type domain.Question is not enhanced.

[2020-04-15 17:38:12 #6 type] 
Type domain.Event is not enhanced.

[2020-04-15 17:38:12 #7 type] 
Type domain.Kuota is not enhanced.

[2020-04-15 17:38:12 #8 type] 
Type domain.Apustua is not enhanced.

[2020-04-15 17:38:12 #9 type] 
Type domain.Mugimendu is not enhanced.

------------------------------------------------------------------------------------------------------------------------

[2020-04-15 17:42:59 #1 store] 
Database 'C:\Users\Iker\Desktop\Iker\Uni\2.maila\SI\Proiektua\bets2020\src\main\resources\bets.temp' is opened by 2648@MSI

[2020-04-15 17:42:59 #2 type] 
Type domain.Erabiltzaile is not enhanced.

[2020-04-15 17:42:59 #3 type] 
Type domain.Admin is not enhanced.

[2020-04-15 17:42:59 #4 type] 
Type domain.Bezero is not enhanced.

[2020-04-15 17:42:59 #5 type] 
Type domain.Question is not enhanced.

[2020-04-15 17:42:59 #6 type] 
Type domain.Event is not enhanced.

[2020-04-15 17:42:59 #7 type] 
Type domain.Kuota is not enhanced.

[2020-04-15 17:42:59 #8 type] 
Type domain.Apustua is not enhanced.

[2020-04-15 17:42:59 #9 type] 
Type domain.Mugimendu is not enhanced.

------------------------------------------------------------------------------------------------------------------------

[2020-04-15 17:44:03 #1 store] 
Database 'C:\Users\Iker\Desktop\Iker\Uni\2.maila\SI\Proiektua\bets2020\src\main\resources\bets.temp' has been recovered (tr. 240-240)

[2020-04-15 17:44:03 #2 store] 
Database 'C:\Users\Iker\Desktop\Iker\Uni\2.maila\SI\Proiektua\bets2020\src\main\resources\bets.temp' is opened by 1556@MSI

[2020-04-15 17:44:03 #3 type] 
Type domain.Erabiltzaile is not enhanced.

[2020-04-15 17:44:03 #4 type] 
Type domain.Admin is not enhanced.

[2020-04-15 17:44:03 #5 type] 
Type domain.Bezero is not enhanced.

[2020-04-15 17:44:03 #6 type] 
Type domain.Question is not enhanced.

[2020-04-15 17:44:03 #7 type] 
Type domain.Event is not enhanced.

[2020-04-15 17:44:03 #8 type] 
Type domain.Kuota is not enhanced.

[2020-04-15 17:44:03 #9 type] 
Type domain.Apustua is not enhanced.

[2020-04-15 17:44:03 #10 type] 
Type domain.Mugimendu is not enhanced.

------------------------------------------------------------------------------------------------------------------------

[2020-04-15 17:46:16 #1 store] 
Database 'C:\Users\Iker\Desktop\Iker\Uni\2.maila\SI\Proiektua\bets2020\src\main\resources\bets.temp' is opened by 9760@MSI

[2020-04-15 17:46:16 #2 type] 
Type domain.Erabiltzaile is not enhanced.

[2020-04-15 17:46:16 #3 type] 
Type domain.Admin is not enhanced.

[2020-04-15 17:46:16 #4 type] 
Type domain.Bezero is not enhanced.

[2020-04-15 17:46:16 #5 type] 
Type domain.Question is not enhanced.

[2020-04-15 17:46:16 #6 type] 
Type domain.Event is not enhanced.

[2020-04-15 17:46:16 #7 type] 
Type domain.Kuota is not enhanced.

[2020-04-15 17:46:16 #8 type] 
Type domain.Apustua is not enhanced.

[2020-04-15 17:46:16 #9 type] 
Type domain.Mugimendu is not enhanced.

------------------------------------------------------------------------------------------------------------------------

[2020-04-15 18:01:49 #1 store] 
Database 'C:\Users\Iker\Desktop\Iker\Uni\2.maila\SI\Proiektua\bets2020\src\main\resources\bets.temp' is opened by 15484@MSI

[2020-04-15 18:01:49 #2 type] 
Type domain.Erabiltzaile is not enhanced.

[2020-04-15 18:01:49 #3 type] 
Type domain.Admin is not enhanced.

[2020-04-15 18:01:49 #4 type] 
Type domain.Bezero is not enhanced.

[2020-04-15 18:01:49 #5 type] 
Type domain.Question is not enhanced.

[2020-04-15 18:01:49 #6 type] 
Type domain.Event is not enhanced.

[2020-04-15 18:01:49 #7 type] 
Type domain.Kuota is not enhanced.

[2020-04-15 18:01:49 #8 type] 
Type domain.Apustua is not enhanced.

[2020-04-15 18:01:49 #9 type] 
Type domain.Mugimendu is not enhanced.

------------------------------------------------------------------------------------------------------------------------

[2020-04-15 18:02:55 #1 store] 
Database 'C:\Users\Iker\Desktop\Iker\Uni\2.maila\SI\Proiektua\bets2020\src\main\resources\bets.temp' is opened by 10668@MSI

[2020-04-15 18:02:55 #2 type] 
Type domain.Erabiltzaile is not enhanced.

[2020-04-15 18:02:55 #3 type] 
Type domain.Admin is not enhanced.

[2020-04-15 18:02:55 #4 type] 
Type domain.Bezero is not enhanced.

[2020-04-15 18:02:55 #5 type] 
Type domain.Question is not enhanced.

[2020-04-15 18:02:55 #6 type] 
Type domain.Event is not enhanced.

[2020-04-15 18:02:55 #7 type] 
Type domain.Kuota is not enhanced.

[2020-04-15 18:02:55 #8 type] 
Type domain.Apustua is not enhanced.

[2020-04-15 18:02:55 #9 type] 
Type domain.Mugimendu is not enhanced.

