------------------------------------------------------------------------------------------------------------------------

[2020-03-31 12:05:13 #1 store] 
Database 'C:\Users\Iker\Desktop\Iker\Uni\2.maila\SI\Proiektua\bets2020\src\main\resources\bets.temp' is opened by 13280@MSI

[2020-03-31 12:05:13 #2 type] 
Type domain.Erabiltzaile is not enhanced.

[2020-03-31 12:05:13 #3 type] 
Type domain.Admin is not enhanced.

[2020-03-31 12:05:13 #4 type] 
Type domain.Bezero is not enhanced.

[2020-03-31 12:05:13 #5 type] 
Type domain.Question is not enhanced.

[2020-03-31 12:05:13 #6 type] 
Type domain.Event is not enhanced.

[2020-03-31 12:05:13 #7 type] 
Type domain.Kuota is not enhanced.

[2020-03-31 12:05:13 #8 type] 
Type domain.Apustua is not enhanced.

------------------------------------------------------------------------------------------------------------------------

[2020-03-31 12:08:30 #1 store] 
Database 'C:\Users\Iker\Desktop\Iker\Uni\2.maila\SI\Proiektua\bets2020\src\main\resources\bets.temp' has been recovered (tr. 193-193)

[2020-03-31 12:08:30 #2 store] 
Database 'C:\Users\Iker\Desktop\Iker\Uni\2.maila\SI\Proiektua\bets2020\src\main\resources\bets.temp' is opened by 18568@MSI

[2020-03-31 12:08:30 #3 type] 
Type domain.Erabiltzaile is not enhanced.

[2020-03-31 12:08:30 #4 type] 
Type domain.Admin is not enhanced.

[2020-03-31 12:08:30 #5 type] 
Type domain.Bezero is not enhanced.

[2020-03-31 12:08:30 #6 type] 
Type domain.Question is not enhanced.

[2020-03-31 12:08:30 #7 type] 
Type domain.Event is not enhanced.

[2020-03-31 12:08:30 #8 type] 
Type domain.Kuota is not enhanced.

[2020-03-31 12:08:30 #9 type] 
Type domain.Apustua is not enhanced.

------------------------------------------------------------------------------------------------------------------------

[2020-03-31 12:09:56 #1 store] 
Database 'C:\Users\Iker\Desktop\Iker\Uni\2.maila\SI\Proiektua\bets2020\src\main\resources\bets.temp' has been recovered (tr. 194-194)

[2020-03-31 12:09:56 #2 store] 
Database 'C:\Users\Iker\Desktop\Iker\Uni\2.maila\SI\Proiektua\bets2020\src\main\resources\bets.temp' is opened by 9360@MSI

[2020-03-31 12:09:56 #3 type] 
Type domain.Erabiltzaile is not enhanced.

[2020-03-31 12:09:56 #4 type] 
Type domain.Admin is not enhanced.

[2020-03-31 12:09:56 #5 type] 
Type domain.Bezero is not enhanced.

[2020-03-31 12:09:56 #6 type] 
Type domain.Question is not enhanced.

[2020-03-31 12:09:56 #7 type] 
Type domain.Event is not enhanced.

[2020-03-31 12:09:56 #8 type] 
Type domain.Kuota is not enhanced.

[2020-03-31 12:09:56 #9 type] 
Type domain.Apustua is not enhanced.

------------------------------------------------------------------------------------------------------------------------

[2020-03-31 12:19:20 #1 store] 
Database 'C:\Users\Iker\Desktop\Iker\Uni\2.maila\SI\Proiektua\bets2020\src\main\resources\bets.temp' is opened by 6844@MSI

[2020-03-31 12:19:20 #2 type] 
Type domain.Erabiltzaile is not enhanced.

[2020-03-31 12:19:20 #3 type] 
Type domain.Admin is not enhanced.

[2020-03-31 12:19:20 #4 type] 
Type domain.Bezero is not enhanced.

[2020-03-31 12:19:20 #5 type] 
Type domain.Question is not enhanced.

[2020-03-31 12:19:20 #6 type] 
Type domain.Event is not enhanced.

[2020-03-31 12:19:20 #7 type] 
Type domain.Kuota is not enhanced.

[2020-03-31 12:19:20 #8 type] 
Type domain.Apustua is not enhanced.

------------------------------------------------------------------------------------------------------------------------

[2020-03-31 12:20:33 #1 store] 
Database 'C:\Users\Iker\Desktop\Iker\Uni\2.maila\SI\Proiektua\bets2020\src\main\resources\bets.temp' is opened by 18656@MSI

[2020-03-31 12:20:33 #2 type] 
Type domain.Erabiltzaile is not enhanced.

[2020-03-31 12:20:33 #3 type] 
Type domain.Admin is not enhanced.

[2020-03-31 12:20:33 #4 type] 
Type domain.Bezero is not enhanced.

[2020-03-31 12:20:33 #5 type] 
Type domain.Question is not enhanced.

[2020-03-31 12:20:33 #6 type] 
Type domain.Event is not enhanced.

[2020-03-31 12:20:33 #7 type] 
Type domain.Kuota is not enhanced.

[2020-03-31 12:20:33 #8 type] 
Type domain.Apustua is not enhanced.

------------------------------------------------------------------------------------------------------------------------

[2020-03-31 15:31:47 #1 store] 
Database 'C:\Users\Iker\Desktop\Iker\Uni\2.maila\SI\Proiektua\bets2020\src\main\resources\bets.temp' is opened by 6476@MSI

[2020-03-31 15:31:47 #2 type] 
Type domain.Erabiltzaile is not enhanced.

[2020-03-31 15:31:47 #3 type] 
Type domain.Admin is not enhanced.

[2020-03-31 15:31:47 #4 type] 
Type domain.Bezero is not enhanced.

[2020-03-31 15:31:47 #5 type] 
Type domain.Question is not enhanced.

[2020-03-31 15:31:47 #6 type] 
Type domain.Event is not enhanced.

[2020-03-31 15:31:47 #7 type] 
Type domain.Kuota is not enhanced.

[2020-03-31 15:31:47 #8 type] 
Type domain.Apustua is not enhanced.

------------------------------------------------------------------------------------------------------------------------

[2020-03-31 16:10:20 #1 store] 
Database 'C:\Users\Iker\Desktop\Iker\Uni\2.maila\SI\Proiektua\bets2020\src\main\resources\bets.temp' is opened by 14372@MSI

[2020-03-31 16:10:21 #2 type] 
Type domain.Erabiltzaile is not enhanced.

[2020-03-31 16:10:21 #3 type] 
Type domain.Admin is not enhanced.

[2020-03-31 16:10:21 #4 type] 
Type domain.Bezero is not enhanced.

[2020-03-31 16:10:21 #5 type] 
Type domain.Question is not enhanced.

[2020-03-31 16:10:21 #6 type] 
Type domain.Event is not enhanced.

[2020-03-31 16:10:21 #7 type] 
Type domain.Kuota is not enhanced.

[2020-03-31 16:10:21 #8 type] 
Type domain.Apustua is not enhanced.

------------------------------------------------------------------------------------------------------------------------

[2020-03-31 16:20:00 #1 store] 
Database 'C:\Users\Iker\Desktop\Iker\Uni\2.maila\SI\Proiektua\bets2020\src\main\resources\bets.temp' has been recovered (tr. 195-195)

[2020-03-31 16:20:01 #2 store] 
Database 'C:\Users\Iker\Desktop\Iker\Uni\2.maila\SI\Proiektua\bets2020\src\main\resources\bets.temp' is opened by 14712@MSI

[2020-03-31 16:20:01 #3 type] 
Type domain.Erabiltzaile is not enhanced.

[2020-03-31 16:20:01 #4 type] 
Type domain.Admin is not enhanced.

[2020-03-31 16:20:01 #5 type] 
Type domain.Bezero is not enhanced.

[2020-03-31 16:20:01 #6 type] 
Type domain.Question is not enhanced.

[2020-03-31 16:20:01 #7 type] 
Type domain.Event is not enhanced.

[2020-03-31 16:20:01 #8 type] 
Type domain.Kuota is not enhanced.

[2020-03-31 16:20:01 #9 type] 
Type domain.Apustua is not enhanced.

------------------------------------------------------------------------------------------------------------------------

[2020-03-31 16:37:48 #1 store] 
Database 'C:\Users\Iker\Desktop\Iker\Uni\2.maila\SI\Proiektua\bets2020\src\main\resources\bets.temp' has been recovered (tr. 196-196)

[2020-03-31 16:37:48 #2 store] 
Database 'C:\Users\Iker\Desktop\Iker\Uni\2.maila\SI\Proiektua\bets2020\src\main\resources\bets.temp' is opened by 13120@MSI

[2020-03-31 16:37:48 #3 type] 
Type domain.Erabiltzaile is not enhanced.

[2020-03-31 16:37:48 #4 type] 
Type domain.Admin is not enhanced.

[2020-03-31 16:37:48 #5 type] 
Type domain.Bezero is not enhanced.

[2020-03-31 16:37:48 #6 type] 
Type domain.Question is not enhanced.

[2020-03-31 16:37:48 #7 type] 
Type domain.Event is not enhanced.

[2020-03-31 16:37:48 #8 type] 
Type domain.Kuota is not enhanced.

[2020-03-31 16:37:48 #9 type] 
Type domain.Apustua is not enhanced.

------------------------------------------------------------------------------------------------------------------------

[2020-03-31 16:40:58 #1 store] 
Database 'C:\Users\Iker\Desktop\Iker\Uni\2.maila\SI\Proiektua\bets2020\src\main\resources\bets.temp' is opened by 15840@MSI

[2020-03-31 16:40:58 #2 type] 
Type domain.Erabiltzaile is not enhanced.

[2020-03-31 16:40:58 #3 type] 
Type domain.Admin is not enhanced.

[2020-03-31 16:40:58 #4 type] 
Type domain.Bezero is not enhanced.

[2020-03-31 16:40:58 #5 type] 
Type domain.Question is not enhanced.

[2020-03-31 16:40:58 #6 type] 
Type domain.Event is not enhanced.

[2020-03-31 16:40:58 #7 type] 
Type domain.Kuota is not enhanced.

[2020-03-31 16:40:58 #8 type] 
Type domain.Apustua is not enhanced.

------------------------------------------------------------------------------------------------------------------------

[2020-03-31 16:46:34 #1 store] 
Database 'C:\Users\Iker\Desktop\Iker\Uni\2.maila\SI\Proiektua\bets2020\src\main\resources\bets.temp' is opened by 2648@MSI

[2020-03-31 16:46:34 #2 type] 
Type domain.Erabiltzaile is not enhanced.

[2020-03-31 16:46:34 #3 type] 
Type domain.Admin is not enhanced.

[2020-03-31 16:46:34 #4 type] 
Type domain.Bezero is not enhanced.

[2020-03-31 16:46:34 #5 type] 
Type domain.Question is not enhanced.

[2020-03-31 16:46:34 #6 type] 
Type domain.Event is not enhanced.

[2020-03-31 16:46:34 #7 type] 
Type domain.Kuota is not enhanced.

[2020-03-31 16:46:34 #8 type] 
Type domain.Apustua is not enhanced.

------------------------------------------------------------------------------------------------------------------------

[2020-03-31 16:53:20 #1 store] 
Database 'C:\Users\Iker\Desktop\Iker\Uni\2.maila\SI\Proiektua\bets2020\src\main\resources\bets.temp' is opened by 6296@MSI

[2020-03-31 16:53:21 #2 type] 
Type domain.Erabiltzaile is not enhanced.

[2020-03-31 16:53:21 #3 type] 
Type domain.Admin is not enhanced.

[2020-03-31 16:53:21 #4 type] 
Type domain.Bezero is not enhanced.

[2020-03-31 16:53:21 #5 type] 
Type domain.Question is not enhanced.

[2020-03-31 16:53:21 #6 type] 
Type domain.Event is not enhanced.

[2020-03-31 16:53:21 #7 type] 
Type domain.Kuota is not enhanced.

[2020-03-31 16:53:21 #8 type] 
Type domain.Apustua is not enhanced.

------------------------------------------------------------------------------------------------------------------------

[2020-03-31 16:54:33 #1 store] 
Database 'C:\Users\Iker\Desktop\Iker\Uni\2.maila\SI\Proiektua\bets2020\src\main\resources\bets.temp' is opened by 20092@MSI

[2020-03-31 16:54:33 #2 type] 
Type domain.Erabiltzaile is not enhanced.

[2020-03-31 16:54:33 #3 type] 
Type domain.Admin is not enhanced.

[2020-03-31 16:54:33 #4 type] 
Type domain.Bezero is not enhanced.

[2020-03-31 16:54:33 #5 type] 
Type domain.Question is not enhanced.

[2020-03-31 16:54:33 #6 type] 
Type domain.Event is not enhanced.

[2020-03-31 16:54:33 #7 type] 
Type domain.Kuota is not enhanced.

[2020-03-31 16:54:33 #8 type] 
Type domain.Apustua is not enhanced.

------------------------------------------------------------------------------------------------------------------------

[2020-03-31 17:46:42 #1 store] 
Database 'C:\Users\Iker\Desktop\Iker\Uni\2.maila\SI\Proiektua\bets2020\src\main\resources\bets.temp' is opened by 4644@MSI

[2020-03-31 17:46:42 #2 type] 
Type domain.Erabiltzaile is not enhanced.

[2020-03-31 17:46:42 #3 type] 
Type domain.Admin is not enhanced.

[2020-03-31 17:46:42 #4 type] 
Type domain.Bezero is not enhanced.

[2020-03-31 17:46:42 #5 type] 
Type domain.Question is not enhanced.

[2020-03-31 17:46:42 #6 type] 
Type domain.Event is not enhanced.

[2020-03-31 17:46:42 #7 type] 
Type domain.Kuota is not enhanced.

[2020-03-31 17:46:42 #8 type] 
Type domain.Apustua is not enhanced.

------------------------------------------------------------------------------------------------------------------------

[2020-03-31 18:45:39 #1 store] 
Database 'C:\Users\Iker\Desktop\Iker\Uni\2.maila\SI\Proiektua\bets2020\src\main\resources\bets.temp' is opened by 15796@MSI

[2020-03-31 18:45:39 #2 type] 
Type domain.Erabiltzaile is not enhanced.

[2020-03-31 18:45:39 #3 type] 
Type domain.Admin is not enhanced.

[2020-03-31 18:45:39 #4 type] 
Type domain.Bezero is not enhanced.

[2020-03-31 18:45:39 #5 type] 
Type domain.Question is not enhanced.

[2020-03-31 18:45:39 #6 type] 
Type domain.Event is not enhanced.

[2020-03-31 18:45:39 #7 type] 
Type domain.Kuota is not enhanced.

[2020-03-31 18:45:39 #8 type] 
Type domain.Apustua is not enhanced.

------------------------------------------------------------------------------------------------------------------------

[2020-03-31 18:54:55 #1 store] 
Database 'C:\Users\Iker\Desktop\Iker\Uni\2.maila\SI\Proiektua\bets2020\src\main\resources\bets.temp' is opened by 7940@MSI

[2020-03-31 18:54:55 #2 type] 
Type domain.Erabiltzaile is not enhanced.

[2020-03-31 18:54:55 #3 type] 
Type domain.Admin is not enhanced.

[2020-03-31 18:54:55 #4 type] 
Type domain.Bezero is not enhanced.

[2020-03-31 18:54:55 #5 type] 
Type domain.Question is not enhanced.

[2020-03-31 18:54:55 #6 type] 
Type domain.Event is not enhanced.

[2020-03-31 18:54:55 #7 type] 
Type domain.Kuota is not enhanced.

[2020-03-31 18:54:55 #8 type] 
Type domain.Apustua is not enhanced.

------------------------------------------------------------------------------------------------------------------------

[2020-03-31 18:59:19 #1 store] 
Database 'C:\Users\Iker\Desktop\Iker\Uni\2.maila\SI\Proiektua\bets2020\src\main\resources\bets.temp' is opened by 12612@MSI

[2020-03-31 18:59:19 #2 type] 
Type domain.Erabiltzaile is not enhanced.

[2020-03-31 18:59:19 #3 type] 
Type domain.Admin is not enhanced.

[2020-03-31 18:59:19 #4 type] 
Type domain.Bezero is not enhanced.

[2020-03-31 18:59:19 #5 type] 
Type domain.Question is not enhanced.

[2020-03-31 18:59:19 #6 type] 
Type domain.Event is not enhanced.

[2020-03-31 18:59:19 #7 type] 
Type domain.Kuota is not enhanced.

[2020-03-31 18:59:19 #8 type] 
Type domain.Apustua is not enhanced.

------------------------------------------------------------------------------------------------------------------------

[2020-03-31 19:04:42 #1 store] 
Database 'C:\Users\Iker\Desktop\Iker\Uni\2.maila\SI\Proiektua\bets2020\src\main\resources\bets.temp' is opened by 9176@MSI

[2020-03-31 19:04:43 #2 type] 
Type domain.Erabiltzaile is not enhanced.

[2020-03-31 19:04:43 #3 type] 
Type domain.Admin is not enhanced.

[2020-03-31 19:04:43 #4 type] 
Type domain.Bezero is not enhanced.

[2020-03-31 19:04:43 #5 type] 
Type domain.Question is not enhanced.

[2020-03-31 19:04:43 #6 type] 
Type domain.Event is not enhanced.

[2020-03-31 19:04:43 #7 type] 
Type domain.Kuota is not enhanced.

[2020-03-31 19:04:43 #8 type] 
Type domain.Apustua is not enhanced.

------------------------------------------------------------------------------------------------------------------------

[2020-03-31 19:06:15 #1 store] 
Database 'C:\Users\Iker\Desktop\Iker\Uni\2.maila\SI\Proiektua\bets2020\src\main\resources\bets.temp' is opened by 20396@MSI

[2020-03-31 19:06:15 #2 type] 
Type domain.Erabiltzaile is not enhanced.

[2020-03-31 19:06:15 #3 type] 
Type domain.Admin is not enhanced.

[2020-03-31 19:06:15 #4 type] 
Type domain.Bezero is not enhanced.

[2020-03-31 19:06:15 #5 type] 
Type domain.Question is not enhanced.

[2020-03-31 19:06:15 #6 type] 
Type domain.Event is not enhanced.

[2020-03-31 19:06:15 #7 type] 
Type domain.Kuota is not enhanced.

[2020-03-31 19:06:15 #8 type] 
Type domain.Apustua is not enhanced.

