------------------------------------------------------------------------------------------------------------------------

[2020-04-13 16:37:51 #1 store] 
Database 'C:\Users\Iker\Desktop\Iker\Uni\2.maila\SI\Proiektua\bets2020\src\main\resources\bets.temp' is opened by 5964@MSI

[2020-04-13 16:37:51 #2 type] 
Type domain.Erabiltzaile is not enhanced.

[2020-04-13 16:37:51 #3 type] 
Type domain.Admin is not enhanced.

[2020-04-13 16:37:51 #4 type] 
Type domain.Bezero is not enhanced.

[2020-04-13 16:37:51 #5 type] 
Type domain.Question is not enhanced.

[2020-04-13 16:37:51 #6 type] 
Type domain.Event is not enhanced.

[2020-04-13 16:37:51 #7 type] 
Type domain.Kuota is not enhanced.

[2020-04-13 16:37:51 #8 type] 
Type domain.Apustua is not enhanced.

[2020-04-13 16:37:51 #9 type] 
Type domain.Mugimendu is not enhanced.

------------------------------------------------------------------------------------------------------------------------

[2020-04-13 16:44:52 #1 store] 
Database 'C:\Users\Iker\Desktop\Iker\Uni\2.maila\SI\Proiektua\bets2020\src\main\resources\bets.temp' has been recovered (tr. 206-206)

[2020-04-13 16:44:52 #2 store] 
Database 'C:\Users\Iker\Desktop\Iker\Uni\2.maila\SI\Proiektua\bets2020\src\main\resources\bets.temp' is opened by 3200@MSI

[2020-04-13 16:44:52 #3 type] 
Type domain.Erabiltzaile is not enhanced.

[2020-04-13 16:44:52 #4 type] 
Type domain.Admin is not enhanced.

[2020-04-13 16:44:52 #5 type] 
Type domain.Bezero is not enhanced.

[2020-04-13 16:44:52 #6 type] 
Type domain.Question is not enhanced.

[2020-04-13 16:44:52 #7 type] 
Type domain.Event is not enhanced.

[2020-04-13 16:44:52 #8 type] 
Type domain.Kuota is not enhanced.

[2020-04-13 16:44:52 #9 type] 
Type domain.Apustua is not enhanced.

[2020-04-13 16:44:52 #10 type] 
Type domain.Mugimendu is not enhanced.

------------------------------------------------------------------------------------------------------------------------

[2020-04-13 17:20:58 #1 store] 
Database 'C:\Users\Iker\Desktop\Iker\Uni\2.maila\SI\Proiektua\bets2020\src\main\resources\bets.temp' is opened by 13364@MSI

[2020-04-13 17:20:58 #2 type] 
Type domain.Erabiltzaile is not enhanced.

[2020-04-13 17:20:58 #3 type] 
Type domain.Admin is not enhanced.

[2020-04-13 17:20:58 #4 type] 
Type domain.Bezero is not enhanced.

[2020-04-13 17:20:58 #5 type] 
Type domain.Question is not enhanced.

[2020-04-13 17:20:58 #6 type] 
Type domain.Event is not enhanced.

[2020-04-13 17:20:58 #7 type] 
Type domain.Kuota is not enhanced.

[2020-04-13 17:20:58 #8 type] 
Type domain.Apustua is not enhanced.

[2020-04-13 17:20:58 #9 type] 
Type domain.Mugimendu is not enhanced.

------------------------------------------------------------------------------------------------------------------------

[2020-04-13 17:29:44 #1 store] 
Database 'C:\Users\Iker\Desktop\Iker\Uni\2.maila\SI\Proiektua\bets2020\src\main\resources\bets.temp' is opened by 11348@MSI

[2020-04-13 17:29:44 #2 type] 
Type domain.Erabiltzaile is not enhanced.

[2020-04-13 17:29:44 #3 type] 
Type domain.Admin is not enhanced.

[2020-04-13 17:29:44 #4 type] 
Type domain.Bezero is not enhanced.

[2020-04-13 17:29:44 #5 type] 
Type domain.Question is not enhanced.

[2020-04-13 17:29:44 #6 type] 
Type domain.Event is not enhanced.

[2020-04-13 17:29:44 #7 type] 
Type domain.Kuota is not enhanced.

[2020-04-13 17:29:44 #8 type] 
Type domain.Apustua is not enhanced.

[2020-04-13 17:29:44 #9 type] 
Type domain.Mugimendu is not enhanced.

------------------------------------------------------------------------------------------------------------------------

[2020-04-13 17:32:26 #1 store] 
Database 'C:\Users\Iker\Desktop\Iker\Uni\2.maila\SI\Proiektua\bets2020\src\main\resources\bets.temp' is opened by 20204@MSI

[2020-04-13 17:32:26 #2 type] 
Type domain.Erabiltzaile is not enhanced.

[2020-04-13 17:32:26 #3 type] 
Type domain.Admin is not enhanced.

[2020-04-13 17:32:26 #4 type] 
Type domain.Bezero is not enhanced.

[2020-04-13 17:32:26 #5 type] 
Type domain.Question is not enhanced.

[2020-04-13 17:32:26 #6 type] 
Type domain.Event is not enhanced.

[2020-04-13 17:32:26 #7 type] 
Type domain.Kuota is not enhanced.

[2020-04-13 17:32:26 #8 type] 
Type domain.Apustua is not enhanced.

[2020-04-13 17:32:26 #9 type] 
Type domain.Mugimendu is not enhanced.

------------------------------------------------------------------------------------------------------------------------

[2020-04-13 17:37:31 #1 store] 
Database 'C:\Users\Iker\Desktop\Iker\Uni\2.maila\SI\Proiektua\bets2020\src\main\resources\bets.temp' is opened by 18584@MSI

[2020-04-13 17:37:31 #2 type] 
Type domain.Erabiltzaile is not enhanced.

[2020-04-13 17:37:31 #3 type] 
Type domain.Admin is not enhanced.

[2020-04-13 17:37:31 #4 type] 
Type domain.Bezero is not enhanced.

[2020-04-13 17:37:31 #5 type] 
Type domain.Question is not enhanced.

[2020-04-13 17:37:31 #6 type] 
Type domain.Event is not enhanced.

[2020-04-13 17:37:31 #7 type] 
Type domain.Kuota is not enhanced.

[2020-04-13 17:37:31 #8 type] 
Type domain.Apustua is not enhanced.

[2020-04-13 17:37:31 #9 type] 
Type domain.Mugimendu is not enhanced.

------------------------------------------------------------------------------------------------------------------------

[2020-04-13 19:17:48 #1 store] 
Database 'C:\Users\Iker\Desktop\Iker\Uni\2.maila\SI\Proiektua\bets2020\src\main\resources\bets.temp' is opened by 19120@MSI

[2020-04-13 19:17:48 #2 type] 
Type domain.Erabiltzaile is not enhanced.

[2020-04-13 19:17:48 #3 type] 
Type domain.Admin is not enhanced.

[2020-04-13 19:17:48 #4 type] 
Type domain.Bezero is not enhanced.

[2020-04-13 19:17:48 #5 type] 
Type domain.Question is not enhanced.

[2020-04-13 19:17:48 #6 type] 
Type domain.Event is not enhanced.

[2020-04-13 19:17:48 #7 type] 
Type domain.Kuota is not enhanced.

[2020-04-13 19:17:48 #8 type] 
Type domain.Apustua is not enhanced.

[2020-04-13 19:17:48 #9 type] 
Type domain.Mugimendu is not enhanced.

