------------------------------------------------------------------------------------------------------------------------

[2020-05-02 11:42:45 #1 store] 
Database 'C:\Users\Iker\Desktop\Iker\Uni\2.maila\SI\Proiektua\bets2020\src\main\resources\bets.temp' is opened by 20476@MSI

[2020-05-02 11:42:45 #2 type] 
Type domain.Kuota is not enhanced.

[2020-05-02 11:42:45 #3 type] 
Type domain.Question is not enhanced.

[2020-05-02 11:42:45 #4 type] 
Type domain.Event is not enhanced.

[2020-05-02 11:42:45 #5 type] 
Type domain.Erabiltzaile is not enhanced.

[2020-05-02 11:42:45 #6 type] 
Type domain.Admin is not enhanced.

[2020-05-02 11:42:45 #7 type] 
Type domain.Mugimendu is not enhanced.

[2020-05-02 11:42:45 #8 type] 
Type domain.Apustua is not enhanced.

[2020-05-02 11:42:45 #9 type] 
Type domain.Bezero is not enhanced.

[2020-05-02 11:42:45 #10 type] 
Type domain.DiruMug is not enhanced.

------------------------------------------------------------------------------------------------------------------------

[2020-05-02 11:46:20 #1 store] 
Database 'C:\Users\Iker\Desktop\Iker\Uni\2.maila\SI\Proiektua\bets2020\src\main\resources\bets.temp' is opened by 14704@MSI

[2020-05-02 11:46:21 #2 type] 
Type domain.Kuota is not enhanced.

[2020-05-02 11:46:21 #3 type] 
Type domain.Question is not enhanced.

[2020-05-02 11:46:21 #4 type] 
Type domain.Event is not enhanced.

[2020-05-02 11:46:21 #5 type] 
Type domain.Erabiltzaile is not enhanced.

[2020-05-02 11:46:21 #6 type] 
Type domain.Admin is not enhanced.

[2020-05-02 11:46:21 #7 type] 
Type domain.Mugimendu is not enhanced.

[2020-05-02 11:46:21 #8 type] 
Type domain.Apustua is not enhanced.

[2020-05-02 11:46:21 #9 type] 
Type domain.Bezero is not enhanced.

[2020-05-02 11:46:21 #10 type] 
Type domain.DiruMug is not enhanced.

------------------------------------------------------------------------------------------------------------------------

[2020-05-02 12:01:53 #1 store] 
Database 'C:\Users\Iker\Desktop\Iker\Uni\2.maila\SI\Proiektua\bets2020\src\main\resources\bets.temp' is opened by 12924@MSI

[2020-05-02 12:01:53 #2 type] 
Type domain.Kuota is not enhanced.

[2020-05-02 12:01:53 #3 type] 
Type domain.Question is not enhanced.

[2020-05-02 12:01:53 #4 type] 
Type domain.Event is not enhanced.

[2020-05-02 12:01:53 #5 type] 
Type domain.Erabiltzaile is not enhanced.

[2020-05-02 12:01:53 #6 type] 
Type domain.Admin is not enhanced.

[2020-05-02 12:01:53 #7 type] 
Type domain.Mugimendu is not enhanced.

[2020-05-02 12:01:53 #8 type] 
Type domain.Apustua is not enhanced.

[2020-05-02 12:01:53 #9 type] 
Type domain.Bezero is not enhanced.

[2020-05-02 12:01:53 #10 type] 
Type domain.DiruMug is not enhanced.

------------------------------------------------------------------------------------------------------------------------

[2020-05-02 13:05:05 #1 store] 
Database 'C:\Users\Iker\Desktop\Iker\Uni\2.maila\SI\Proiektua\bets2020\src\main\resources\bets.temp' is opened by 3520@MSI

[2020-05-02 13:05:06 #2 type] 
Type domain.Kuota is not enhanced.

[2020-05-02 13:05:06 #3 type] 
Type domain.Question is not enhanced.

[2020-05-02 13:05:06 #4 type] 
Type domain.Event is not enhanced.

[2020-05-02 13:05:06 #5 type] 
Type domain.Erabiltzaile is not enhanced.

[2020-05-02 13:05:06 #6 type] 
Type domain.Admin is not enhanced.

[2020-05-02 13:05:06 #7 type] 
Type domain.Mugimendu is not enhanced.

[2020-05-02 13:05:06 #8 type] 
Type domain.Apustua is not enhanced.

[2020-05-02 13:05:06 #9 type] 
Type domain.Bezero is not enhanced.

[2020-05-02 13:05:06 #10 type] 
Type domain.DiruMug is not enhanced.

------------------------------------------------------------------------------------------------------------------------

[2020-05-02 13:15:00 #1 store] 
Database 'C:\Users\Iker\Desktop\Iker\Uni\2.maila\SI\Proiektua\bets2020\src\main\resources\bets.temp' is opened by 15428@MSI

[2020-05-02 13:15:00 #2 type] 
Type domain.Kuota is not enhanced.

[2020-05-02 13:15:00 #3 type] 
Type domain.Question is not enhanced.

[2020-05-02 13:15:00 #4 type] 
Type domain.Event is not enhanced.

[2020-05-02 13:15:00 #5 type] 
Type domain.Erabiltzaile is not enhanced.

[2020-05-02 13:15:00 #6 type] 
Type domain.Admin is not enhanced.

[2020-05-02 13:15:00 #7 type] 
Type domain.Mugimendu is not enhanced.

[2020-05-02 13:15:00 #8 type] 
Type domain.Apustua is not enhanced.

[2020-05-02 13:15:01 #9 type] 
Type domain.Bezero is not enhanced.

[2020-05-02 13:15:01 #10 type] 
Type domain.DiruMug is not enhanced.

------------------------------------------------------------------------------------------------------------------------

[2020-05-02 13:42:43 #1 store] 
Database 'C:\Users\Iker\Desktop\Iker\Uni\2.maila\SI\Proiektua\bets2020\src\main\resources\bets.temp' is opened by 20488@MSI

[2020-05-02 13:42:44 #2 type] 
Type domain.Kuota is not enhanced.

[2020-05-02 13:42:44 #3 type] 
Type domain.Question is not enhanced.

[2020-05-02 13:42:44 #4 type] 
Type domain.Event is not enhanced.

[2020-05-02 13:42:44 #5 type] 
Type domain.Erabiltzaile is not enhanced.

[2020-05-02 13:42:44 #6 type] 
Type domain.Admin is not enhanced.

[2020-05-02 13:42:44 #7 type] 
Type domain.Mugimendu is not enhanced.

[2020-05-02 13:42:44 #8 type] 
Type domain.Apustua is not enhanced.

[2020-05-02 13:42:44 #9 type] 
Type domain.Bezero is not enhanced.

[2020-05-02 13:42:44 #10 type] 
Type domain.DiruMug is not enhanced.

------------------------------------------------------------------------------------------------------------------------

[2020-05-02 13:51:24 #1 store] 
Database 'C:\Users\Iker\Desktop\Iker\Uni\2.maila\SI\Proiektua\bets2020\src\main\resources\bets.temp' is opened by 10920@MSI

[2020-05-02 13:51:24 #2 type] 
Type domain.Kuota is not enhanced.

[2020-05-02 13:51:24 #3 type] 
Type domain.Question is not enhanced.

[2020-05-02 13:51:24 #4 type] 
Type domain.Event is not enhanced.

[2020-05-02 13:51:24 #5 type] 
Type domain.Erabiltzaile is not enhanced.

[2020-05-02 13:51:24 #6 type] 
Type domain.Admin is not enhanced.

[2020-05-02 13:51:24 #7 type] 
Type domain.Mugimendu is not enhanced.

[2020-05-02 13:51:24 #8 type] 
Type domain.Apustua is not enhanced.

[2020-05-02 13:51:24 #9 type] 
Type domain.Bezero is not enhanced.

[2020-05-02 13:51:24 #10 type] 
Type domain.DiruMug is not enhanced.

------------------------------------------------------------------------------------------------------------------------

[2020-05-02 13:57:23 #1 store] 
Database 'C:\Users\Iker\Desktop\Iker\Uni\2.maila\SI\Proiektua\bets2020\src\main\resources\bets.temp' is opened by 11888@MSI

[2020-05-02 13:57:23 #2 type] 
Type domain.Kuota is not enhanced.

[2020-05-02 13:57:23 #3 type] 
Type domain.Question is not enhanced.

[2020-05-02 13:57:23 #4 type] 
Type domain.Event is not enhanced.

[2020-05-02 13:57:23 #5 type] 
Type domain.Erabiltzaile is not enhanced.

[2020-05-02 13:57:23 #6 type] 
Type domain.Admin is not enhanced.

[2020-05-02 13:57:23 #7 type] 
Type domain.Mugimendu is not enhanced.

[2020-05-02 13:57:23 #8 type] 
Type domain.Apustua is not enhanced.

[2020-05-02 13:57:23 #9 type] 
Type domain.Bezero is not enhanced.

[2020-05-02 13:57:23 #10 type] 
Type domain.DiruMug is not enhanced.

------------------------------------------------------------------------------------------------------------------------

[2020-05-02 14:00:01 #1 store] 
Database 'C:\Users\Iker\Desktop\Iker\Uni\2.maila\SI\Proiektua\bets2020\src\main\resources\bets.temp' has been recovered (tr. 54-54)

[2020-05-02 14:00:01 #2 store] 
Database 'C:\Users\Iker\Desktop\Iker\Uni\2.maila\SI\Proiektua\bets2020\src\main\resources\bets.temp' is opened by 1928@MSI

[2020-05-02 14:00:02 #3 type] 
Type domain.Kuota is not enhanced.

[2020-05-02 14:00:02 #4 type] 
Type domain.Question is not enhanced.

[2020-05-02 14:00:02 #5 type] 
Type domain.Event is not enhanced.

[2020-05-02 14:00:02 #6 type] 
Type domain.Erabiltzaile is not enhanced.

[2020-05-02 14:00:02 #7 type] 
Type domain.Admin is not enhanced.

[2020-05-02 14:00:02 #8 type] 
Type domain.Mugimendu is not enhanced.

[2020-05-02 14:00:02 #9 type] 
Type domain.Apustua is not enhanced.

[2020-05-02 14:00:02 #10 type] 
Type domain.Bezero is not enhanced.

[2020-05-02 14:00:02 #11 type] 
Type domain.DiruMug is not enhanced.

------------------------------------------------------------------------------------------------------------------------

[2020-05-02 14:06:32 #1 store] 
Database 'C:\Users\Iker\Desktop\Iker\Uni\2.maila\SI\Proiektua\bets2020\src\main\resources\bets.temp' is opened by 1468@MSI

[2020-05-02 14:06:32 #2 type] 
Type domain.Kuota is not enhanced.

[2020-05-02 14:06:32 #3 type] 
Type domain.Question is not enhanced.

[2020-05-02 14:06:32 #4 type] 
Type domain.Event is not enhanced.

[2020-05-02 14:06:32 #5 type] 
Type domain.Erabiltzaile is not enhanced.

[2020-05-02 14:06:32 #6 type] 
Type domain.Admin is not enhanced.

[2020-05-02 14:06:32 #7 type] 
Type domain.Mugimendu is not enhanced.

[2020-05-02 14:06:32 #8 type] 
Type domain.Apustua is not enhanced.

[2020-05-02 14:06:32 #9 type] 
Type domain.Bezero is not enhanced.

[2020-05-02 14:06:32 #10 type] 
Type domain.DiruMug is not enhanced.

------------------------------------------------------------------------------------------------------------------------

[2020-05-02 16:20:23 #1 store] 
Database 'C:\Users\Iker\Desktop\Iker\Uni\2.maila\SI\Proiektua\bets2020\src\main\resources\bets.temp' is opened by 4672@MSI

[2020-05-02 16:20:23 #2 type] 
Type domain.Kuota is not enhanced.

[2020-05-02 16:20:23 #3 type] 
Type domain.Question is not enhanced.

[2020-05-02 16:20:23 #4 type] 
Type domain.Event is not enhanced.

[2020-05-02 16:20:23 #5 type] 
Type domain.Erabiltzaile is not enhanced.

[2020-05-02 16:20:23 #6 type] 
Type domain.Admin is not enhanced.

[2020-05-02 16:20:23 #7 type] 
Type domain.Mugimendu is not enhanced.

[2020-05-02 16:20:23 #8 type] 
Type domain.Apustua is not enhanced.

[2020-05-02 16:20:23 #9 type] 
Type domain.Bezero is not enhanced.

[2020-05-02 16:20:23 #10 type] 
Type domain.DiruMug is not enhanced.

------------------------------------------------------------------------------------------------------------------------

[2020-05-02 18:41:19 #1 store] 
Database 'C:\Users\Iker\Desktop\Iker\Uni\2.maila\SI\Proiektua\bets2020\src\main\resources\bets.temp' is opened by 7396@MSI

[2020-05-02 18:41:19 #2 type] 
Type domain.Kuota is not enhanced.

[2020-05-02 18:41:19 #3 type] 
Type domain.Question is not enhanced.

[2020-05-02 18:41:19 #4 type] 
Type domain.Event is not enhanced.

[2020-05-02 18:41:19 #5 type] 
Type domain.Erabiltzaile is not enhanced.

[2020-05-02 18:41:19 #6 type] 
Type domain.Admin is not enhanced.

[2020-05-02 18:41:19 #7 type] 
Type domain.Mugimendu is not enhanced.

[2020-05-02 18:41:19 #8 type] 
Type domain.Apustua is not enhanced.

[2020-05-02 18:41:19 #9 type] 
Type domain.Bezero is not enhanced.

[2020-05-02 18:41:19 #10 type] 
Type domain.DiruMug is not enhanced.

------------------------------------------------------------------------------------------------------------------------

[2020-05-02 18:43:34 #1 store] 
Database 'C:\Users\Iker\Desktop\Iker\Uni\2.maila\SI\Proiektua\bets2020\src\main\resources\bets.temp' is opened by 12304@MSI

[2020-05-02 18:43:35 #2 type] 
Type domain.Kuota is not enhanced.

[2020-05-02 18:43:35 #3 type] 
Type domain.Question is not enhanced.

[2020-05-02 18:43:35 #4 type] 
Type domain.Event is not enhanced.

[2020-05-02 18:43:35 #5 type] 
Type domain.Erabiltzaile is not enhanced.

[2020-05-02 18:43:35 #6 type] 
Type domain.Admin is not enhanced.

[2020-05-02 18:43:35 #7 type] 
Type domain.Mugimendu is not enhanced.

[2020-05-02 18:43:35 #8 type] 
Type domain.Apustua is not enhanced.

[2020-05-02 18:43:35 #9 type] 
Type domain.Bezero is not enhanced.

[2020-05-02 18:43:35 #10 type] 
Type domain.DiruMug is not enhanced.

------------------------------------------------------------------------------------------------------------------------

[2020-05-02 18:52:09 #1 store] 
Database 'C:\Users\Iker\Desktop\Iker\Uni\2.maila\SI\Proiektua\bets2020\src\main\resources\bets.temp' is opened by 9332@MSI

[2020-05-02 18:52:09 #2 type] 
Type domain.Kuota is not enhanced.

[2020-05-02 18:52:09 #3 type] 
Type domain.Question is not enhanced.

[2020-05-02 18:52:09 #4 type] 
Type domain.Event is not enhanced.

[2020-05-02 18:52:09 #5 type] 
Type domain.Erabiltzaile is not enhanced.

[2020-05-02 18:52:09 #6 type] 
Type domain.Admin is not enhanced.

[2020-05-02 18:52:09 #7 type] 
Type domain.Mugimendu is not enhanced.

[2020-05-02 18:52:09 #8 type] 
Type domain.Apustua is not enhanced.

[2020-05-02 18:52:09 #9 type] 
Type domain.Bezero is not enhanced.

[2020-05-02 18:52:09 #10 type] 
Type domain.DiruMug is not enhanced.

