------------------------------------------------------------------------------------------------------------------------

[2020-03-30 15:58:13 #1 store] 
Database 'C:\Users\Iker\Desktop\Iker\Uni\2.maila\SI\Proiektua\bets2020\src\main\resources\bets.temp' is opened by 11224@MSI

[2020-03-30 15:58:13 #2 type] 
Type domain.Erabiltzaile is not enhanced.

[2020-03-30 15:58:13 #3 type] 
Type domain.Admin is not enhanced.

[2020-03-30 15:58:13 #4 type] 
Type domain.Bezero is not enhanced.

[2020-03-30 15:58:13 #5 type] 
Type domain.Question is not enhanced.

[2020-03-30 15:58:13 #6 type] 
Type domain.Event is not enhanced.

[2020-03-30 15:58:13 #7 type] 
Type domain.Kuota is not enhanced.

[2020-03-30 15:58:13 #8 type] 
Type domain.Apustua is not enhanced.

------------------------------------------------------------------------------------------------------------------------

[2020-03-30 15:59:08 #1 store] 
Database 'C:\Users\Iker\Desktop\Iker\Uni\2.maila\SI\Proiektua\bets2020\src\main\resources\bets.temp' is opened by 15988@MSI

[2020-03-30 15:59:08 #2 type] 
Type domain.Erabiltzaile is not enhanced.

[2020-03-30 15:59:08 #3 type] 
Type domain.Admin is not enhanced.

[2020-03-30 15:59:08 #4 type] 
Type domain.Bezero is not enhanced.

[2020-03-30 15:59:08 #5 type] 
Type domain.Question is not enhanced.

[2020-03-30 15:59:08 #6 type] 
Type domain.Event is not enhanced.

[2020-03-30 15:59:08 #7 type] 
Type domain.Kuota is not enhanced.

[2020-03-30 15:59:08 #8 type] 
Type domain.Apustua is not enhanced.

