------------------------------------------------------------------------------------------------------------------------

[2020-03-01 12:46:05 #1 store] 
Database 'C:\Users\Iker\Desktop\Iker\Uni\2.maila\SI\bets2020\src\main\resources\bets.temp' is opened by 20392@MSI

[2020-03-01 12:46:05 #2 type] 
Type domain.Erabiltzaile is not enhanced.

[2020-03-01 12:46:05 #3 type] 
Type domain.Admin is not enhanced.

[2020-03-01 12:46:05 #4 type] 
Type domain.Bezero is not enhanced.

[2020-03-01 12:46:05 #5 type] 
Type domain.Question is not enhanced.

[2020-03-01 12:46:05 #6 type] 
Type domain.Event is not enhanced.

------------------------------------------------------------------------------------------------------------------------

[2020-03-01 12:49:40 #1 store] 
Database 'C:\Users\Iker\Desktop\Iker\Uni\2.maila\SI\bets2020\src\main\resources\bets.temp' is opened by 17264@MSI

[2020-03-01 12:49:40 #2 type] 
Type domain.Erabiltzaile is not enhanced.

[2020-03-01 12:49:40 #3 type] 
Type domain.Admin is not enhanced.

[2020-03-01 12:49:40 #4 type] 
Type domain.Bezero is not enhanced.

[2020-03-01 12:49:40 #5 type] 
Type domain.Question is not enhanced.

[2020-03-01 12:49:40 #6 type] 
Type domain.Event is not enhanced.

------------------------------------------------------------------------------------------------------------------------

[2020-03-01 12:54:09 #1 store] 
Database 'C:\Users\Iker\Desktop\Iker\Uni\2.maila\SI\bets2020\src\main\resources\bets.temp' is opened by 18780@MSI

[2020-03-01 12:54:09 #2 type] 
Type domain.Erabiltzaile is not enhanced.

[2020-03-01 12:54:09 #3 type] 
Type domain.Admin is not enhanced.

[2020-03-01 12:54:09 #4 type] 
Type domain.Bezero is not enhanced.

[2020-03-01 12:54:09 #5 type] 
Type domain.Question is not enhanced.

[2020-03-01 12:54:09 #6 type] 
Type domain.Event is not enhanced.

------------------------------------------------------------------------------------------------------------------------

[2020-03-01 12:55:29 #1 store] 
Database 'C:\Users\Iker\Desktop\Iker\Uni\2.maila\SI\bets2020\src\main\resources\bets.temp' is opened by 4060@MSI

[2020-03-01 12:55:29 #2 type] 
Type domain.Erabiltzaile is not enhanced.

[2020-03-01 12:55:29 #3 type] 
Type domain.Admin is not enhanced.

[2020-03-01 12:55:29 #4 type] 
Type domain.Bezero is not enhanced.

[2020-03-01 12:55:29 #5 type] 
Type domain.Question is not enhanced.

[2020-03-01 12:55:29 #6 type] 
Type domain.Event is not enhanced.

------------------------------------------------------------------------------------------------------------------------

[2020-03-01 13:06:16 #1 store] 
Database 'C:\Users\Iker\Desktop\Iker\Uni\2.maila\SI\bets2020\src\main\resources\bets.temp' is opened by 14676@MSI

[2020-03-01 13:06:16 #2 type] 
Type domain.Erabiltzaile is not enhanced.

[2020-03-01 13:06:16 #3 type] 
Type domain.Admin is not enhanced.

[2020-03-01 13:06:16 #4 type] 
Type domain.Bezero is not enhanced.

[2020-03-01 13:06:16 #5 type] 
Type domain.Question is not enhanced.

[2020-03-01 13:06:16 #6 type] 
Type domain.Event is not enhanced.

