------------------------------------------------------------------------------------------------------------------------

[2020-04-18 11:49:56 #1 store] 
Database 'C:\Users\Iker\Desktop\Iker\Uni\2.maila\SI\Proiektua\bets2020\src\main\resources\bets.temp' is opened by 4736@MSI

[2020-04-18 11:49:56 #2 type] 
Type domain.Erabiltzaile is not enhanced.

[2020-04-18 11:49:56 #3 type] 
Type domain.Admin is not enhanced.

[2020-04-18 11:49:56 #4 type] 
Type domain.Bezero is not enhanced.

[2020-04-18 11:49:56 #5 type] 
Type domain.Question is not enhanced.

[2020-04-18 11:49:56 #6 type] 
Type domain.Event is not enhanced.

[2020-04-18 11:49:56 #7 type] 
Type domain.Kuota is not enhanced.

[2020-04-18 11:49:56 #8 type] 
Type domain.Apustua is not enhanced.

[2020-04-18 11:49:56 #9 type] 
Type domain.Mugimendu is not enhanced.

------------------------------------------------------------------------------------------------------------------------

[2020-04-18 11:50:51 #1 store] 
Database 'C:\Users\Iker\Desktop\Iker\Uni\2.maila\SI\Proiektua\bets2020\src\main\resources\bets.temp' is opened by 4240@MSI

[2020-04-18 11:50:51 #2 type] 
Type domain.Erabiltzaile is not enhanced.

[2020-04-18 11:50:51 #3 type] 
Type domain.Admin is not enhanced.

[2020-04-18 11:50:51 #4 type] 
Type domain.Bezero is not enhanced.

[2020-04-18 11:50:51 #5 type] 
Type domain.Question is not enhanced.

[2020-04-18 11:50:51 #6 type] 
Type domain.Event is not enhanced.

[2020-04-18 11:50:51 #7 type] 
Type domain.Kuota is not enhanced.

[2020-04-18 11:50:51 #8 type] 
Type domain.Apustua is not enhanced.

[2020-04-18 11:50:51 #9 type] 
Type domain.Mugimendu is not enhanced.

------------------------------------------------------------------------------------------------------------------------

[2020-04-18 11:52:54 #1 store] 
Database 'C:\Users\Iker\Desktop\Iker\Uni\2.maila\SI\Proiektua\bets2020\src\main\resources\bets.temp' is opened by 11556@MSI

[2020-04-18 11:52:55 #2 type] 
Type domain.Erabiltzaile is not enhanced.

[2020-04-18 11:52:55 #3 type] 
Type domain.Admin is not enhanced.

[2020-04-18 11:52:55 #4 type] 
Type domain.Bezero is not enhanced.

[2020-04-18 11:52:55 #5 type] 
Type domain.Question is not enhanced.

[2020-04-18 11:52:55 #6 type] 
Type domain.Event is not enhanced.

[2020-04-18 11:52:55 #7 type] 
Type domain.Kuota is not enhanced.

[2020-04-18 11:52:55 #8 type] 
Type domain.Apustua is not enhanced.

[2020-04-18 11:52:55 #9 type] 
Type domain.Mugimendu is not enhanced.

------------------------------------------------------------------------------------------------------------------------

[2020-04-18 11:54:03 #1 store] 
Database 'C:\Users\Iker\Desktop\Iker\Uni\2.maila\SI\Proiektua\bets2020\src\main\resources\bets.temp' is opened by 3076@MSI

[2020-04-18 11:54:03 #2 type] 
Type domain.Erabiltzaile is not enhanced.

[2020-04-18 11:54:03 #3 type] 
Type domain.Admin is not enhanced.

[2020-04-18 11:54:03 #4 type] 
Type domain.Bezero is not enhanced.

[2020-04-18 11:54:03 #5 type] 
Type domain.Question is not enhanced.

[2020-04-18 11:54:03 #6 type] 
Type domain.Event is not enhanced.

[2020-04-18 11:54:03 #7 type] 
Type domain.Kuota is not enhanced.

[2020-04-18 11:54:03 #8 type] 
Type domain.Apustua is not enhanced.

[2020-04-18 11:54:03 #9 type] 
Type domain.Mugimendu is not enhanced.

------------------------------------------------------------------------------------------------------------------------

[2020-04-18 12:17:12 #1 store] 
Database 'C:\Users\Iker\Desktop\Iker\Uni\2.maila\SI\Proiektua\bets2020\src\main\resources\bets.temp' is opened by 4908@MSI

[2020-04-18 12:17:12 #2 type] 
Type domain.Erabiltzaile is not enhanced.

[2020-04-18 12:17:12 #3 type] 
Type domain.Admin is not enhanced.

[2020-04-18 12:17:12 #4 type] 
Type domain.Bezero is not enhanced.

[2020-04-18 12:17:12 #5 type] 
Type domain.Question is not enhanced.

[2020-04-18 12:17:12 #6 type] 
Type domain.Event is not enhanced.

[2020-04-18 12:17:12 #7 type] 
Type domain.Kuota is not enhanced.

[2020-04-18 12:17:12 #8 type] 
Type domain.Apustua is not enhanced.

[2020-04-18 12:17:12 #9 type] 
Type domain.Mugimendu is not enhanced.

------------------------------------------------------------------------------------------------------------------------

[2020-04-18 12:24:59 #1 store] 
Database 'C:\Users\Iker\Desktop\Iker\Uni\2.maila\SI\Proiektua\bets2020\src\main\resources\bets.temp' is opened by 16640@MSI

[2020-04-18 12:24:59 #2 type] 
Type domain.Erabiltzaile is not enhanced.

[2020-04-18 12:24:59 #3 type] 
Type domain.Admin is not enhanced.

[2020-04-18 12:24:59 #4 type] 
Type domain.Bezero is not enhanced.

[2020-04-18 12:24:59 #5 type] 
Type domain.Question is not enhanced.

[2020-04-18 12:24:59 #6 type] 
Type domain.Event is not enhanced.

[2020-04-18 12:24:59 #7 type] 
Type domain.Kuota is not enhanced.

[2020-04-18 12:24:59 #8 type] 
Type domain.Apustua is not enhanced.

[2020-04-18 12:24:59 #9 type] 
Type domain.Mugimendu is not enhanced.

------------------------------------------------------------------------------------------------------------------------

[2020-04-18 12:28:10 #1 store] 
Database 'C:\Users\Iker\Desktop\Iker\Uni\2.maila\SI\Proiektua\bets2020\src\main\resources\bets.temp' is opened by 18068@MSI

[2020-04-18 12:28:10 #2 type] 
Type domain.Erabiltzaile is not enhanced.

[2020-04-18 12:28:10 #3 type] 
Type domain.Admin is not enhanced.

[2020-04-18 12:28:10 #4 type] 
Type domain.Bezero is not enhanced.

[2020-04-18 12:28:10 #5 type] 
Type domain.Question is not enhanced.

[2020-04-18 12:28:10 #6 type] 
Type domain.Event is not enhanced.

[2020-04-18 12:28:10 #7 type] 
Type domain.Kuota is not enhanced.

[2020-04-18 12:28:10 #8 type] 
Type domain.Apustua is not enhanced.

[2020-04-18 12:28:10 #9 type] 
Type domain.Mugimendu is not enhanced.

------------------------------------------------------------------------------------------------------------------------

[2020-04-18 12:28:38 #1 store] 
Database 'C:\Users\Iker\Desktop\Iker\Uni\2.maila\SI\Proiektua\bets2020\src\main\resources\bets.temp' is opened by 16060@MSI

[2020-04-18 12:28:38 #2 type] 
Type domain.Erabiltzaile is not enhanced.

[2020-04-18 12:28:38 #3 type] 
Type domain.Admin is not enhanced.

[2020-04-18 12:28:38 #4 type] 
Type domain.Bezero is not enhanced.

[2020-04-18 12:28:38 #5 type] 
Type domain.Question is not enhanced.

[2020-04-18 12:28:38 #6 type] 
Type domain.Event is not enhanced.

[2020-04-18 12:28:38 #7 type] 
Type domain.Kuota is not enhanced.

[2020-04-18 12:28:38 #8 type] 
Type domain.Apustua is not enhanced.

[2020-04-18 12:28:38 #9 type] 
Type domain.Mugimendu is not enhanced.

------------------------------------------------------------------------------------------------------------------------

[2020-04-18 12:30:09 #1 store] 
Database 'C:\Users\Iker\Desktop\Iker\Uni\2.maila\SI\Proiektua\bets2020\src\main\resources\bets.temp' is opened by 10420@MSI

[2020-04-18 12:30:09 #2 type] 
Type domain.Erabiltzaile is not enhanced.

[2020-04-18 12:30:09 #3 type] 
Type domain.Admin is not enhanced.

[2020-04-18 12:30:09 #4 type] 
Type domain.Bezero is not enhanced.

[2020-04-18 12:30:09 #5 type] 
Type domain.Question is not enhanced.

[2020-04-18 12:30:09 #6 type] 
Type domain.Event is not enhanced.

[2020-04-18 12:30:09 #7 type] 
Type domain.Kuota is not enhanced.

[2020-04-18 12:30:09 #8 type] 
Type domain.Apustua is not enhanced.

[2020-04-18 12:30:09 #9 type] 
Type domain.Mugimendu is not enhanced.

------------------------------------------------------------------------------------------------------------------------

[2020-04-18 12:33:11 #1 store] 
Database 'C:\Users\Iker\Desktop\Iker\Uni\2.maila\SI\Proiektua\bets2020\src\main\resources\bets.temp' is opened by 15992@MSI

[2020-04-18 12:33:12 #2 type] 
Type domain.Erabiltzaile is not enhanced.

[2020-04-18 12:33:12 #3 type] 
Type domain.Admin is not enhanced.

[2020-04-18 12:33:12 #4 type] 
Type domain.Bezero is not enhanced.

[2020-04-18 12:33:12 #5 type] 
Type domain.Question is not enhanced.

[2020-04-18 12:33:12 #6 type] 
Type domain.Event is not enhanced.

[2020-04-18 12:33:12 #7 type] 
Type domain.Kuota is not enhanced.

[2020-04-18 12:33:12 #8 type] 
Type domain.Apustua is not enhanced.

[2020-04-18 12:33:12 #9 type] 
Type domain.Mugimendu is not enhanced.

------------------------------------------------------------------------------------------------------------------------

[2020-04-18 12:40:11 #1 store] 
Database 'C:\Users\Iker\Desktop\Iker\Uni\2.maila\SI\Proiektua\bets2020\src\main\resources\bets.temp' is opened by 14796@MSI

[2020-04-18 12:40:11 #2 type] 
Type domain.Erabiltzaile is not enhanced.

[2020-04-18 12:40:11 #3 type] 
Type domain.Admin is not enhanced.

[2020-04-18 12:40:11 #4 type] 
Type domain.Bezero is not enhanced.

[2020-04-18 12:40:11 #5 type] 
Type domain.Question is not enhanced.

[2020-04-18 12:40:11 #6 type] 
Type domain.Event is not enhanced.

[2020-04-18 12:40:11 #7 type] 
Type domain.Kuota is not enhanced.

[2020-04-18 12:40:11 #8 type] 
Type domain.Apustua is not enhanced.

[2020-04-18 12:40:11 #9 type] 
Type domain.Mugimendu is not enhanced.

------------------------------------------------------------------------------------------------------------------------

[2020-04-18 12:44:52 #1 store] 
Database 'C:\Users\Iker\Desktop\Iker\Uni\2.maila\SI\Proiektua\bets2020\src\main\resources\bets.temp' is opened by 12132@MSI

[2020-04-18 12:44:52 #2 type] 
Type domain.Erabiltzaile is not enhanced.

[2020-04-18 12:44:52 #3 type] 
Type domain.Admin is not enhanced.

[2020-04-18 12:44:52 #4 type] 
Type domain.Bezero is not enhanced.

[2020-04-18 12:44:52 #5 type] 
Type domain.Question is not enhanced.

[2020-04-18 12:44:52 #6 type] 
Type domain.Event is not enhanced.

[2020-04-18 12:44:52 #7 type] 
Type domain.Kuota is not enhanced.

[2020-04-18 12:44:52 #8 type] 
Type domain.Apustua is not enhanced.

[2020-04-18 12:44:52 #9 type] 
Type domain.Mugimendu is not enhanced.

------------------------------------------------------------------------------------------------------------------------

[2020-04-18 12:46:14 #1 store] 
Database 'C:\Users\Iker\Desktop\Iker\Uni\2.maila\SI\Proiektua\bets2020\src\main\resources\bets.temp' is opened by 4760@MSI

[2020-04-18 12:46:14 #2 type] 
Type domain.Erabiltzaile is not enhanced.

[2020-04-18 12:46:14 #3 type] 
Type domain.Admin is not enhanced.

[2020-04-18 12:46:14 #4 type] 
Type domain.Bezero is not enhanced.

[2020-04-18 12:46:14 #5 type] 
Type domain.Question is not enhanced.

[2020-04-18 12:46:14 #6 type] 
Type domain.Event is not enhanced.

[2020-04-18 12:46:14 #7 type] 
Type domain.Kuota is not enhanced.

[2020-04-18 12:46:14 #8 type] 
Type domain.Apustua is not enhanced.

[2020-04-18 12:46:14 #9 type] 
Type domain.Mugimendu is not enhanced.

------------------------------------------------------------------------------------------------------------------------

[2020-04-18 12:47:22 #1 store] 
Database 'C:\Users\Iker\Desktop\Iker\Uni\2.maila\SI\Proiektua\bets2020\src\main\resources\bets.temp' is opened by 1784@MSI

[2020-04-18 12:47:23 #2 type] 
Type domain.Erabiltzaile is not enhanced.

[2020-04-18 12:47:23 #3 type] 
Type domain.Admin is not enhanced.

[2020-04-18 12:47:23 #4 type] 
Type domain.Bezero is not enhanced.

[2020-04-18 12:47:23 #5 type] 
Type domain.Question is not enhanced.

[2020-04-18 12:47:23 #6 type] 
Type domain.Event is not enhanced.

[2020-04-18 12:47:23 #7 type] 
Type domain.Kuota is not enhanced.

[2020-04-18 12:47:23 #8 type] 
Type domain.Apustua is not enhanced.

[2020-04-18 12:47:23 #9 type] 
Type domain.Mugimendu is not enhanced.

------------------------------------------------------------------------------------------------------------------------

[2020-04-18 12:48:33 #1 store] 
Database 'C:\Users\Iker\Desktop\Iker\Uni\2.maila\SI\Proiektua\bets2020\src\main\resources\bets.temp' is opened by 15828@MSI

[2020-04-18 12:48:34 #2 type] 
Type domain.Erabiltzaile is not enhanced.

[2020-04-18 12:48:34 #3 type] 
Type domain.Admin is not enhanced.

[2020-04-18 12:48:34 #4 type] 
Type domain.Bezero is not enhanced.

[2020-04-18 12:48:34 #5 type] 
Type domain.Question is not enhanced.

[2020-04-18 12:48:34 #6 type] 
Type domain.Event is not enhanced.

[2020-04-18 12:48:34 #7 type] 
Type domain.Kuota is not enhanced.

[2020-04-18 12:48:34 #8 type] 
Type domain.Apustua is not enhanced.

[2020-04-18 12:48:34 #9 type] 
Type domain.Mugimendu is not enhanced.

------------------------------------------------------------------------------------------------------------------------

[2020-04-18 12:50:48 #1 store] 
Database 'C:\Users\Iker\Desktop\Iker\Uni\2.maila\SI\Proiektua\bets2020\src\main\resources\bets.temp' is opened by 6408@MSI

[2020-04-18 12:50:48 #2 type] 
Type domain.Erabiltzaile is not enhanced.

[2020-04-18 12:50:48 #3 type] 
Type domain.Admin is not enhanced.

[2020-04-18 12:50:48 #4 type] 
Type domain.Bezero is not enhanced.

[2020-04-18 12:50:48 #5 type] 
Type domain.Question is not enhanced.

[2020-04-18 12:50:48 #6 type] 
Type domain.Event is not enhanced.

[2020-04-18 12:50:48 #7 type] 
Type domain.Kuota is not enhanced.

[2020-04-18 12:50:48 #8 type] 
Type domain.Apustua is not enhanced.

[2020-04-18 12:50:48 #9 type] 
Type domain.Mugimendu is not enhanced.

------------------------------------------------------------------------------------------------------------------------

[2020-04-18 12:52:49 #1 store] 
Database 'C:\Users\Iker\Desktop\Iker\Uni\2.maila\SI\Proiektua\bets2020\src\main\resources\bets.temp' is opened by 1944@MSI

[2020-04-18 12:52:49 #2 type] 
Type domain.Erabiltzaile is not enhanced.

[2020-04-18 12:52:49 #3 type] 
Type domain.Admin is not enhanced.

[2020-04-18 12:52:49 #4 type] 
Type domain.Bezero is not enhanced.

[2020-04-18 12:52:49 #5 type] 
Type domain.Question is not enhanced.

[2020-04-18 12:52:49 #6 type] 
Type domain.Event is not enhanced.

[2020-04-18 12:52:49 #7 type] 
Type domain.Kuota is not enhanced.

[2020-04-18 12:52:49 #8 type] 
Type domain.Apustua is not enhanced.

[2020-04-18 12:52:49 #9 type] 
Type domain.Mugimendu is not enhanced.

------------------------------------------------------------------------------------------------------------------------

[2020-04-18 12:53:52 #1 store] 
Database 'C:\Users\Iker\Desktop\Iker\Uni\2.maila\SI\Proiektua\bets2020\src\main\resources\bets.temp' is opened by 5808@MSI

[2020-04-18 12:53:52 #2 type] 
Type domain.Erabiltzaile is not enhanced.

[2020-04-18 12:53:52 #3 type] 
Type domain.Admin is not enhanced.

[2020-04-18 12:53:52 #4 type] 
Type domain.Bezero is not enhanced.

[2020-04-18 12:53:52 #5 type] 
Type domain.Question is not enhanced.

[2020-04-18 12:53:52 #6 type] 
Type domain.Event is not enhanced.

[2020-04-18 12:53:52 #7 type] 
Type domain.Kuota is not enhanced.

[2020-04-18 12:53:52 #8 type] 
Type domain.Apustua is not enhanced.

[2020-04-18 12:53:52 #9 type] 
Type domain.Mugimendu is not enhanced.

------------------------------------------------------------------------------------------------------------------------

[2020-04-18 13:50:14 #1 store] 
Database 'C:\Users\Iker\Desktop\Iker\Uni\2.maila\SI\Proiektua\bets2020\src\main\resources\bets.temp' is opened by 11052@MSI

[2020-04-18 13:50:14 #2 type] 
Type domain.Erabiltzaile is not enhanced.

[2020-04-18 13:50:14 #3 type] 
Type domain.Admin is not enhanced.

[2020-04-18 13:50:14 #4 type] 
Type domain.Bezero is not enhanced.

[2020-04-18 13:50:14 #5 type] 
Type domain.Question is not enhanced.

[2020-04-18 13:50:14 #6 type] 
Type domain.Event is not enhanced.

[2020-04-18 13:50:14 #7 type] 
Type domain.Kuota is not enhanced.

[2020-04-18 13:50:14 #8 type] 
Type domain.Apustua is not enhanced.

[2020-04-18 13:50:14 #9 type] 
Type domain.Mugimendu is not enhanced.

------------------------------------------------------------------------------------------------------------------------

[2020-04-18 13:53:22 #1 store] 
Database 'C:\Users\Iker\Desktop\Iker\Uni\2.maila\SI\Proiektua\bets2020\src\main\resources\bets.temp' has been recovered (tr. 312-312)

[2020-04-18 13:53:22 #2 store] 
Database 'C:\Users\Iker\Desktop\Iker\Uni\2.maila\SI\Proiektua\bets2020\src\main\resources\bets.temp' is opened by 17508@MSI

[2020-04-18 13:53:22 #3 type] 
Type domain.Erabiltzaile is not enhanced.

[2020-04-18 13:53:22 #4 type] 
Type domain.Admin is not enhanced.

[2020-04-18 13:53:22 #5 type] 
Type domain.Bezero is not enhanced.

[2020-04-18 13:53:22 #6 type] 
Type domain.Question is not enhanced.

[2020-04-18 13:53:22 #7 type] 
Type domain.Event is not enhanced.

[2020-04-18 13:53:22 #8 type] 
Type domain.Kuota is not enhanced.

[2020-04-18 13:53:22 #9 type] 
Type domain.Apustua is not enhanced.

[2020-04-18 13:53:22 #10 type] 
Type domain.Mugimendu is not enhanced.

