------------------------------------------------------------------------------------------------------------------------

[2020-04-16 11:44:16 #1 store] 
Database 'C:\Users\Iker\Desktop\Iker\Uni\2.maila\SI\Proiektua\bets2020\src\main\resources\bets.temp' is opened by 21588@MSI

[2020-04-16 11:44:16 #2 type] 
Type domain.Erabiltzaile is not enhanced.

[2020-04-16 11:44:16 #3 type] 
Type domain.Admin is not enhanced.

[2020-04-16 11:44:16 #4 type] 
Type domain.Bezero is not enhanced.

[2020-04-16 11:44:16 #5 type] 
Type domain.Question is not enhanced.

[2020-04-16 11:44:16 #6 type] 
Type domain.Event is not enhanced.

[2020-04-16 11:44:16 #7 type] 
Type domain.Kuota is not enhanced.

[2020-04-16 11:44:16 #8 type] 
Type domain.Apustua is not enhanced.

[2020-04-16 11:44:16 #9 type] 
Type domain.Mugimendu is not enhanced.

------------------------------------------------------------------------------------------------------------------------

[2020-04-16 11:46:31 #1 store] 
Database 'C:\Users\Iker\Desktop\Iker\Uni\2.maila\SI\Proiektua\bets2020\src\main\resources\bets.temp' is opened by 20584@MSI

[2020-04-16 11:46:31 #2 type] 
Type domain.Erabiltzaile is not enhanced.

[2020-04-16 11:46:31 #3 type] 
Type domain.Admin is not enhanced.

[2020-04-16 11:46:31 #4 type] 
Type domain.Bezero is not enhanced.

[2020-04-16 11:46:31 #5 type] 
Type domain.Question is not enhanced.

[2020-04-16 11:46:31 #6 type] 
Type domain.Event is not enhanced.

[2020-04-16 11:46:31 #7 type] 
Type domain.Kuota is not enhanced.

[2020-04-16 11:46:31 #8 type] 
Type domain.Apustua is not enhanced.

[2020-04-16 11:46:31 #9 type] 
Type domain.Mugimendu is not enhanced.

------------------------------------------------------------------------------------------------------------------------

[2020-04-16 11:47:34 #1 store] 
Database 'C:\Users\Iker\Desktop\Iker\Uni\2.maila\SI\Proiektua\bets2020\src\main\resources\bets.temp' has been recovered (tr. 264-264)

[2020-04-16 11:47:34 #2 store] 
Database 'C:\Users\Iker\Desktop\Iker\Uni\2.maila\SI\Proiektua\bets2020\src\main\resources\bets.temp' is opened by 8300@MSI

[2020-04-16 11:47:34 #3 type] 
Type domain.Erabiltzaile is not enhanced.

[2020-04-16 11:47:34 #4 type] 
Type domain.Admin is not enhanced.

[2020-04-16 11:47:34 #5 type] 
Type domain.Bezero is not enhanced.

[2020-04-16 11:47:34 #6 type] 
Type domain.Question is not enhanced.

[2020-04-16 11:47:34 #7 type] 
Type domain.Event is not enhanced.

[2020-04-16 11:47:34 #8 type] 
Type domain.Kuota is not enhanced.

[2020-04-16 11:47:34 #9 type] 
Type domain.Apustua is not enhanced.

[2020-04-16 11:47:34 #10 type] 
Type domain.Mugimendu is not enhanced.

------------------------------------------------------------------------------------------------------------------------

[2020-04-16 11:49:41 #1 store] 
Database 'C:\Users\Iker\Desktop\Iker\Uni\2.maila\SI\Proiektua\bets2020\src\main\resources\bets.temp' is opened by 8404@MSI

[2020-04-16 11:49:41 #2 type] 
Type domain.Erabiltzaile is not enhanced.

[2020-04-16 11:49:41 #3 type] 
Type domain.Admin is not enhanced.

[2020-04-16 11:49:41 #4 type] 
Type domain.Bezero is not enhanced.

[2020-04-16 11:49:41 #5 type] 
Type domain.Question is not enhanced.

[2020-04-16 11:49:41 #6 type] 
Type domain.Event is not enhanced.

[2020-04-16 11:49:41 #7 type] 
Type domain.Kuota is not enhanced.

[2020-04-16 11:49:41 #8 type] 
Type domain.Apustua is not enhanced.

[2020-04-16 11:49:41 #9 type] 
Type domain.Mugimendu is not enhanced.

------------------------------------------------------------------------------------------------------------------------

[2020-04-16 11:51:08 #1 store] 
Database 'C:\Users\Iker\Desktop\Iker\Uni\2.maila\SI\Proiektua\bets2020\src\main\resources\bets.temp' is opened by 8148@MSI

[2020-04-16 11:51:08 #2 type] 
Type domain.Erabiltzaile is not enhanced.

[2020-04-16 11:51:08 #3 type] 
Type domain.Admin is not enhanced.

[2020-04-16 11:51:08 #4 type] 
Type domain.Bezero is not enhanced.

[2020-04-16 11:51:08 #5 type] 
Type domain.Question is not enhanced.

[2020-04-16 11:51:08 #6 type] 
Type domain.Event is not enhanced.

[2020-04-16 11:51:08 #7 type] 
Type domain.Kuota is not enhanced.

[2020-04-16 11:51:08 #8 type] 
Type domain.Apustua is not enhanced.

[2020-04-16 11:51:08 #9 type] 
Type domain.Mugimendu is not enhanced.

------------------------------------------------------------------------------------------------------------------------

[2020-04-16 12:02:36 #1 store] 
Database 'C:\Users\Iker\Desktop\Iker\Uni\2.maila\SI\Proiektua\bets2020\src\main\resources\bets.temp' is opened by 920@MSI

[2020-04-16 12:02:36 #2 type] 
Type domain.Erabiltzaile is not enhanced.

[2020-04-16 12:02:36 #3 type] 
Type domain.Admin is not enhanced.

[2020-04-16 12:02:36 #4 type] 
Type domain.Bezero is not enhanced.

[2020-04-16 12:02:36 #5 type] 
Type domain.Question is not enhanced.

[2020-04-16 12:02:36 #6 type] 
Type domain.Event is not enhanced.

[2020-04-16 12:02:36 #7 type] 
Type domain.Kuota is not enhanced.

[2020-04-16 12:02:36 #8 type] 
Type domain.Apustua is not enhanced.

[2020-04-16 12:02:36 #9 type] 
Type domain.Mugimendu is not enhanced.

------------------------------------------------------------------------------------------------------------------------

[2020-04-16 12:03:23 #1 store] 
Database 'C:\Users\Iker\Desktop\Iker\Uni\2.maila\SI\Proiektua\bets2020\src\main\resources\bets.temp' has been recovered (tr. 274-274)

[2020-04-16 12:03:23 #2 store] 
Database 'C:\Users\Iker\Desktop\Iker\Uni\2.maila\SI\Proiektua\bets2020\src\main\resources\bets.temp' is opened by 20920@MSI

[2020-04-16 12:03:23 #3 type] 
Type domain.Erabiltzaile is not enhanced.

[2020-04-16 12:03:23 #4 type] 
Type domain.Admin is not enhanced.

[2020-04-16 12:03:23 #5 type] 
Type domain.Bezero is not enhanced.

[2020-04-16 12:03:23 #6 type] 
Type domain.Question is not enhanced.

[2020-04-16 12:03:23 #7 type] 
Type domain.Event is not enhanced.

[2020-04-16 12:03:23 #8 type] 
Type domain.Kuota is not enhanced.

[2020-04-16 12:03:23 #9 type] 
Type domain.Apustua is not enhanced.

[2020-04-16 12:03:23 #10 type] 
Type domain.Mugimendu is not enhanced.

------------------------------------------------------------------------------------------------------------------------

[2020-04-16 12:05:12 #1 store] 
Database 'C:\Users\Iker\Desktop\Iker\Uni\2.maila\SI\Proiektua\bets2020\src\main\resources\bets.temp' is opened by 2832@MSI

[2020-04-16 12:05:12 #2 type] 
Type domain.Erabiltzaile is not enhanced.

[2020-04-16 12:05:12 #3 type] 
Type domain.Admin is not enhanced.

[2020-04-16 12:05:12 #4 type] 
Type domain.Bezero is not enhanced.

[2020-04-16 12:05:12 #5 type] 
Type domain.Question is not enhanced.

[2020-04-16 12:05:12 #6 type] 
Type domain.Event is not enhanced.

[2020-04-16 12:05:12 #7 type] 
Type domain.Kuota is not enhanced.

[2020-04-16 12:05:12 #8 type] 
Type domain.Apustua is not enhanced.

[2020-04-16 12:05:12 #9 type] 
Type domain.Mugimendu is not enhanced.

------------------------------------------------------------------------------------------------------------------------

[2020-04-16 12:06:06 #1 store] 
Database 'C:\Users\Iker\Desktop\Iker\Uni\2.maila\SI\Proiektua\bets2020\src\main\resources\bets.temp' is opened by 11000@MSI

[2020-04-16 12:06:06 #2 type] 
Type domain.Erabiltzaile is not enhanced.

[2020-04-16 12:06:06 #3 type] 
Type domain.Admin is not enhanced.

[2020-04-16 12:06:06 #4 type] 
Type domain.Bezero is not enhanced.

[2020-04-16 12:06:06 #5 type] 
Type domain.Question is not enhanced.

[2020-04-16 12:06:06 #6 type] 
Type domain.Event is not enhanced.

[2020-04-16 12:06:06 #7 type] 
Type domain.Kuota is not enhanced.

[2020-04-16 12:06:06 #8 type] 
Type domain.Apustua is not enhanced.

[2020-04-16 12:06:06 #9 type] 
Type domain.Mugimendu is not enhanced.

------------------------------------------------------------------------------------------------------------------------

[2020-04-16 12:10:01 #1 store] 
Database 'C:\Users\Iker\Desktop\Iker\Uni\2.maila\SI\Proiektua\bets2020\src\main\resources\bets.temp' is opened by 2732@MSI

[2020-04-16 12:10:01 #2 type] 
Type domain.Erabiltzaile is not enhanced.

[2020-04-16 12:10:01 #3 type] 
Type domain.Admin is not enhanced.

[2020-04-16 12:10:01 #4 type] 
Type domain.Bezero is not enhanced.

[2020-04-16 12:10:01 #5 type] 
Type domain.Question is not enhanced.

[2020-04-16 12:10:01 #6 type] 
Type domain.Event is not enhanced.

[2020-04-16 12:10:01 #7 type] 
Type domain.Kuota is not enhanced.

[2020-04-16 12:10:01 #8 type] 
Type domain.Apustua is not enhanced.

[2020-04-16 12:10:01 #9 type] 
Type domain.Mugimendu is not enhanced.

------------------------------------------------------------------------------------------------------------------------

[2020-04-16 12:10:53 #1 store] 
Database 'C:\Users\Iker\Desktop\Iker\Uni\2.maila\SI\Proiektua\bets2020\src\main\resources\bets.temp' is opened by 19156@MSI

[2020-04-16 12:10:53 #2 type] 
Type domain.Erabiltzaile is not enhanced.

[2020-04-16 12:10:53 #3 type] 
Type domain.Admin is not enhanced.

[2020-04-16 12:10:53 #4 type] 
Type domain.Bezero is not enhanced.

[2020-04-16 12:10:53 #5 type] 
Type domain.Question is not enhanced.

[2020-04-16 12:10:53 #6 type] 
Type domain.Event is not enhanced.

[2020-04-16 12:10:53 #7 type] 
Type domain.Kuota is not enhanced.

[2020-04-16 12:10:53 #8 type] 
Type domain.Apustua is not enhanced.

[2020-04-16 12:10:53 #9 type] 
Type domain.Mugimendu is not enhanced.

------------------------------------------------------------------------------------------------------------------------

[2020-04-16 12:12:59 #1 store] 
Database 'C:\Users\Iker\Desktop\Iker\Uni\2.maila\SI\Proiektua\bets2020\src\main\resources\bets.temp' has been recovered (tr. 276-276)

[2020-04-16 12:12:59 #2 store] 
Database 'C:\Users\Iker\Desktop\Iker\Uni\2.maila\SI\Proiektua\bets2020\src\main\resources\bets.temp' is opened by 15772@MSI

[2020-04-16 12:12:59 #3 type] 
Type domain.Erabiltzaile is not enhanced.

[2020-04-16 12:12:59 #4 type] 
Type domain.Admin is not enhanced.

[2020-04-16 12:12:59 #5 type] 
Type domain.Bezero is not enhanced.

[2020-04-16 12:12:59 #6 type] 
Type domain.Question is not enhanced.

[2020-04-16 12:12:59 #7 type] 
Type domain.Event is not enhanced.

[2020-04-16 12:12:59 #8 type] 
Type domain.Kuota is not enhanced.

[2020-04-16 12:12:59 #9 type] 
Type domain.Apustua is not enhanced.

[2020-04-16 12:12:59 #10 type] 
Type domain.Mugimendu is not enhanced.

------------------------------------------------------------------------------------------------------------------------

[2020-04-16 12:16:01 #1 store] 
Database 'C:\Users\Iker\Desktop\Iker\Uni\2.maila\SI\Proiektua\bets2020\src\main\resources\bets.temp' is opened by 8164@MSI

[2020-04-16 12:16:01 #2 type] 
Type domain.Erabiltzaile is not enhanced.

[2020-04-16 12:16:01 #3 type] 
Type domain.Admin is not enhanced.

[2020-04-16 12:16:01 #4 type] 
Type domain.Bezero is not enhanced.

[2020-04-16 12:16:01 #5 type] 
Type domain.Question is not enhanced.

[2020-04-16 12:16:01 #6 type] 
Type domain.Event is not enhanced.

[2020-04-16 12:16:01 #7 type] 
Type domain.Kuota is not enhanced.

[2020-04-16 12:16:01 #8 type] 
Type domain.Apustua is not enhanced.

[2020-04-16 12:16:01 #9 type] 
Type domain.Mugimendu is not enhanced.

------------------------------------------------------------------------------------------------------------------------

[2020-04-16 12:17:22 #1 store] 
Database 'C:\Users\Iker\Desktop\Iker\Uni\2.maila\SI\Proiektua\bets2020\src\main\resources\bets.temp' is opened by 18052@MSI

[2020-04-16 12:17:22 #2 type] 
Type domain.Erabiltzaile is not enhanced.

[2020-04-16 12:17:22 #3 type] 
Type domain.Admin is not enhanced.

[2020-04-16 12:17:22 #4 type] 
Type domain.Bezero is not enhanced.

[2020-04-16 12:17:22 #5 type] 
Type domain.Question is not enhanced.

[2020-04-16 12:17:22 #6 type] 
Type domain.Event is not enhanced.

[2020-04-16 12:17:22 #7 type] 
Type domain.Kuota is not enhanced.

[2020-04-16 12:17:22 #8 type] 
Type domain.Apustua is not enhanced.

[2020-04-16 12:17:22 #9 type] 
Type domain.Mugimendu is not enhanced.

------------------------------------------------------------------------------------------------------------------------

[2020-04-16 12:18:24 #1 store] 
Database 'C:\Users\Iker\Desktop\Iker\Uni\2.maila\SI\Proiektua\bets2020\src\main\resources\bets.temp' is opened by 17464@MSI

[2020-04-16 12:18:24 #2 type] 
Type domain.Erabiltzaile is not enhanced.

[2020-04-16 12:18:24 #3 type] 
Type domain.Admin is not enhanced.

[2020-04-16 12:18:24 #4 type] 
Type domain.Bezero is not enhanced.

[2020-04-16 12:18:24 #5 type] 
Type domain.Question is not enhanced.

[2020-04-16 12:18:24 #6 type] 
Type domain.Event is not enhanced.

[2020-04-16 12:18:24 #7 type] 
Type domain.Kuota is not enhanced.

[2020-04-16 12:18:24 #8 type] 
Type domain.Apustua is not enhanced.

[2020-04-16 12:18:24 #9 type] 
Type domain.Mugimendu is not enhanced.

------------------------------------------------------------------------------------------------------------------------

[2020-04-16 12:20:05 #1 store] 
Database 'C:\Users\Iker\Desktop\Iker\Uni\2.maila\SI\Proiektua\bets2020\src\main\resources\bets.temp' is opened by 10520@MSI

[2020-04-16 12:20:05 #2 type] 
Type domain.Erabiltzaile is not enhanced.

[2020-04-16 12:20:05 #3 type] 
Type domain.Admin is not enhanced.

[2020-04-16 12:20:05 #4 type] 
Type domain.Bezero is not enhanced.

[2020-04-16 12:20:05 #5 type] 
Type domain.Question is not enhanced.

[2020-04-16 12:20:05 #6 type] 
Type domain.Event is not enhanced.

[2020-04-16 12:20:05 #7 type] 
Type domain.Kuota is not enhanced.

[2020-04-16 12:20:05 #8 type] 
Type domain.Apustua is not enhanced.

[2020-04-16 12:20:05 #9 type] 
Type domain.Mugimendu is not enhanced.

------------------------------------------------------------------------------------------------------------------------

[2020-04-16 12:23:06 #1 store] 
Database 'C:\Users\Iker\Desktop\Iker\Uni\2.maila\SI\Proiektua\bets2020\src\main\resources\bets.temp' is opened by 15672@MSI

[2020-04-16 12:23:06 #2 type] 
Type domain.Erabiltzaile is not enhanced.

[2020-04-16 12:23:06 #3 type] 
Type domain.Admin is not enhanced.

[2020-04-16 12:23:06 #4 type] 
Type domain.Bezero is not enhanced.

[2020-04-16 12:23:06 #5 type] 
Type domain.Question is not enhanced.

[2020-04-16 12:23:06 #6 type] 
Type domain.Event is not enhanced.

[2020-04-16 12:23:06 #7 type] 
Type domain.Kuota is not enhanced.

[2020-04-16 12:23:06 #8 type] 
Type domain.Apustua is not enhanced.

[2020-04-16 12:23:06 #9 type] 
Type domain.Mugimendu is not enhanced.

------------------------------------------------------------------------------------------------------------------------

[2020-04-16 12:24:34 #1 store] 
Database 'C:\Users\Iker\Desktop\Iker\Uni\2.maila\SI\Proiektua\bets2020\src\main\resources\bets.temp' has been recovered (tr. 300-300)

[2020-04-16 12:24:34 #2 store] 
Database 'C:\Users\Iker\Desktop\Iker\Uni\2.maila\SI\Proiektua\bets2020\src\main\resources\bets.temp' is opened by 5488@MSI

[2020-04-16 12:24:34 #3 type] 
Type domain.Erabiltzaile is not enhanced.

[2020-04-16 12:24:34 #4 type] 
Type domain.Admin is not enhanced.

[2020-04-16 12:24:34 #5 type] 
Type domain.Bezero is not enhanced.

[2020-04-16 12:24:34 #6 type] 
Type domain.Question is not enhanced.

[2020-04-16 12:24:34 #7 type] 
Type domain.Event is not enhanced.

[2020-04-16 12:24:34 #8 type] 
Type domain.Kuota is not enhanced.

[2020-04-16 12:24:34 #9 type] 
Type domain.Apustua is not enhanced.

[2020-04-16 12:24:34 #10 type] 
Type domain.Mugimendu is not enhanced.

------------------------------------------------------------------------------------------------------------------------

[2020-04-16 12:27:31 #1 store] 
Database 'C:\Users\Iker\Desktop\Iker\Uni\2.maila\SI\Proiektua\bets2020\src\main\resources\bets.temp' is opened by 17860@MSI

[2020-04-16 12:27:31 #2 type] 
Type domain.Erabiltzaile is not enhanced.

[2020-04-16 12:27:31 #3 type] 
Type domain.Admin is not enhanced.

[2020-04-16 12:27:31 #4 type] 
Type domain.Bezero is not enhanced.

[2020-04-16 12:27:31 #5 type] 
Type domain.Question is not enhanced.

[2020-04-16 12:27:31 #6 type] 
Type domain.Event is not enhanced.

[2020-04-16 12:27:31 #7 type] 
Type domain.Kuota is not enhanced.

[2020-04-16 12:27:31 #8 type] 
Type domain.Apustua is not enhanced.

[2020-04-16 12:27:31 #9 type] 
Type domain.Mugimendu is not enhanced.

------------------------------------------------------------------------------------------------------------------------

[2020-04-16 12:30:11 #1 store] 
Database 'C:\Users\Iker\Desktop\Iker\Uni\2.maila\SI\Proiektua\bets2020\src\main\resources\bets.temp' has been recovered (tr. 304-304)

[2020-04-16 12:30:11 #2 store] 
Database 'C:\Users\Iker\Desktop\Iker\Uni\2.maila\SI\Proiektua\bets2020\src\main\resources\bets.temp' is opened by 8248@MSI

[2020-04-16 12:30:11 #3 type] 
Type domain.Erabiltzaile is not enhanced.

[2020-04-16 12:30:11 #4 type] 
Type domain.Admin is not enhanced.

[2020-04-16 12:30:11 #5 type] 
Type domain.Bezero is not enhanced.

[2020-04-16 12:30:11 #6 type] 
Type domain.Question is not enhanced.

[2020-04-16 12:30:11 #7 type] 
Type domain.Event is not enhanced.

[2020-04-16 12:30:11 #8 type] 
Type domain.Kuota is not enhanced.

[2020-04-16 12:30:11 #9 type] 
Type domain.Apustua is not enhanced.

[2020-04-16 12:30:11 #10 type] 
Type domain.Mugimendu is not enhanced.

------------------------------------------------------------------------------------------------------------------------

[2020-04-16 12:31:40 #1 store] 
Database 'C:\Users\Iker\Desktop\Iker\Uni\2.maila\SI\Proiektua\bets2020\src\main\resources\bets.temp' is opened by 19028@MSI

[2020-04-16 12:31:40 #2 type] 
Type domain.Erabiltzaile is not enhanced.

[2020-04-16 12:31:40 #3 type] 
Type domain.Admin is not enhanced.

[2020-04-16 12:31:40 #4 type] 
Type domain.Bezero is not enhanced.

[2020-04-16 12:31:40 #5 type] 
Type domain.Question is not enhanced.

[2020-04-16 12:31:40 #6 type] 
Type domain.Event is not enhanced.

[2020-04-16 12:31:40 #7 type] 
Type domain.Kuota is not enhanced.

[2020-04-16 12:31:40 #8 type] 
Type domain.Apustua is not enhanced.

[2020-04-16 12:31:40 #9 type] 
Type domain.Mugimendu is not enhanced.

------------------------------------------------------------------------------------------------------------------------

[2020-04-16 12:37:20 #1 store] 
Database 'C:\Users\Iker\Desktop\Iker\Uni\2.maila\SI\Proiektua\bets2020\src\main\resources\bets.temp' is opened by 16988@MSI

[2020-04-16 12:37:20 #2 type] 
Type domain.Erabiltzaile is not enhanced.

[2020-04-16 12:37:20 #3 type] 
Type domain.Admin is not enhanced.

[2020-04-16 12:37:20 #4 type] 
Type domain.Bezero is not enhanced.

[2020-04-16 12:37:20 #5 type] 
Type domain.Question is not enhanced.

[2020-04-16 12:37:20 #6 type] 
Type domain.Event is not enhanced.

[2020-04-16 12:37:20 #7 type] 
Type domain.Kuota is not enhanced.

[2020-04-16 12:37:20 #8 type] 
Type domain.Apustua is not enhanced.

[2020-04-16 12:37:20 #9 type] 
Type domain.Mugimendu is not enhanced.

------------------------------------------------------------------------------------------------------------------------

[2020-04-16 12:42:39 #1 store] 
Database 'C:\Users\Iker\Desktop\Iker\Uni\2.maila\SI\Proiektua\bets2020\src\main\resources\bets.temp' is opened by 10168@MSI

[2020-04-16 12:42:39 #2 type] 
Type domain.Erabiltzaile is not enhanced.

[2020-04-16 12:42:39 #3 type] 
Type domain.Admin is not enhanced.

[2020-04-16 12:42:39 #4 type] 
Type domain.Bezero is not enhanced.

[2020-04-16 12:42:39 #5 type] 
Type domain.Question is not enhanced.

[2020-04-16 12:42:39 #6 type] 
Type domain.Event is not enhanced.

[2020-04-16 12:42:39 #7 type] 
Type domain.Kuota is not enhanced.

[2020-04-16 12:42:39 #8 type] 
Type domain.Apustua is not enhanced.

[2020-04-16 12:42:39 #9 type] 
Type domain.Mugimendu is not enhanced.

------------------------------------------------------------------------------------------------------------------------

[2020-04-16 12:44:40 #1 store] 
Database 'C:\Users\Iker\Desktop\Iker\Uni\2.maila\SI\Proiektua\bets2020\src\main\resources\bets.temp' has been recovered (tr. 308-308)

[2020-04-16 12:44:40 #2 store] 
Database 'C:\Users\Iker\Desktop\Iker\Uni\2.maila\SI\Proiektua\bets2020\src\main\resources\bets.temp' is opened by 11992@MSI

[2020-04-16 12:44:40 #3 type] 
Type domain.Erabiltzaile is not enhanced.

[2020-04-16 12:44:40 #4 type] 
Type domain.Admin is not enhanced.

[2020-04-16 12:44:40 #5 type] 
Type domain.Bezero is not enhanced.

[2020-04-16 12:44:40 #6 type] 
Type domain.Question is not enhanced.

[2020-04-16 12:44:40 #7 type] 
Type domain.Event is not enhanced.

[2020-04-16 12:44:40 #8 type] 
Type domain.Kuota is not enhanced.

[2020-04-16 12:44:40 #9 type] 
Type domain.Apustua is not enhanced.

[2020-04-16 12:44:40 #10 type] 
Type domain.Mugimendu is not enhanced.

------------------------------------------------------------------------------------------------------------------------

[2020-04-16 13:08:17 #1 store] 
Database 'C:\Users\Iker\Desktop\Iker\Uni\2.maila\SI\Proiektua\bets2020\src\main\resources\bets.temp' has been recovered (tr. 309-310)

[2020-04-16 13:08:17 #2 store] 
Database 'C:\Users\Iker\Desktop\Iker\Uni\2.maila\SI\Proiektua\bets2020\src\main\resources\bets.temp' is opened by 3192@MSI

[2020-04-16 13:08:17 #3 type] 
Type domain.Erabiltzaile is not enhanced.

[2020-04-16 13:08:17 #4 type] 
Type domain.Admin is not enhanced.

[2020-04-16 13:08:17 #5 type] 
Type domain.Bezero is not enhanced.

[2020-04-16 13:08:17 #6 type] 
Type domain.Question is not enhanced.

[2020-04-16 13:08:17 #7 type] 
Type domain.Event is not enhanced.

[2020-04-16 13:08:17 #8 type] 
Type domain.Kuota is not enhanced.

[2020-04-16 13:08:17 #9 type] 
Type domain.Apustua is not enhanced.

[2020-04-16 13:08:17 #10 type] 
Type domain.Mugimendu is not enhanced.

------------------------------------------------------------------------------------------------------------------------

[2020-04-16 13:09:33 #1 store] 
Database 'C:\Users\Iker\Desktop\Iker\Uni\2.maila\SI\Proiektua\bets2020\src\main\resources\bets.temp' is opened by 17540@MSI

[2020-04-16 13:09:33 #2 type] 
Type domain.Erabiltzaile is not enhanced.

[2020-04-16 13:09:33 #3 type] 
Type domain.Admin is not enhanced.

[2020-04-16 13:09:33 #4 type] 
Type domain.Bezero is not enhanced.

[2020-04-16 13:09:33 #5 type] 
Type domain.Question is not enhanced.

[2020-04-16 13:09:33 #6 type] 
Type domain.Event is not enhanced.

[2020-04-16 13:09:33 #7 type] 
Type domain.Kuota is not enhanced.

[2020-04-16 13:09:33 #8 type] 
Type domain.Apustua is not enhanced.

[2020-04-16 13:09:33 #9 type] 
Type domain.Mugimendu is not enhanced.

