------------------------------------------------------------------------------------------------------------------------

[2020-02-28 10:06:50 #1 store] 
Database 'C:\Users\Iker\Desktop\Iker\Uni\2.maila\SI\bets2020\src\main\resources\bets.temp' has been recovered (tr. 4-4)

[2020-02-28 10:06:50 #2 store] 
Database 'C:\Users\Iker\Desktop\Iker\Uni\2.maila\SI\bets2020\src\main\resources\bets.temp' is opened by 3536@MSI

[2020-02-28 10:06:50 #3 type] 
Type domain.Erabiltzaile is not enhanced.

------------------------------------------------------------------------------------------------------------------------

[2020-02-28 10:07:34 #1 store] 
Database 'C:\Users\Iker\Desktop\Iker\Uni\2.maila\SI\bets2020\src\main\resources\bets.temp' is opened by 17344@MSI

[2020-02-28 10:07:34 #2 type.registry] 
New type domain.Erabiltzaile

[2020-02-28 10:07:34 #3 type.registry] 
New type domain.Admin

[2020-02-28 10:07:34 #4 type] 
Type domain.Erabiltzaile is not enhanced.

------------------------------------------------------------------------------------------------------------------------

[2020-02-28 10:08:39 #1 store] 
Database 'C:\Users\Iker\Desktop\Iker\Uni\2.maila\SI\bets2020\src\main\resources\bets.temp' has been recovered (tr. 1-3)

[2020-02-28 10:08:39 #2 store] 
Database 'C:\Users\Iker\Desktop\Iker\Uni\2.maila\SI\bets2020\src\main\resources\bets.temp' is opened by 7956@MSI

[2020-02-28 10:08:39 #3 type] 
Type domain.Erabiltzaile is not enhanced.

[2020-02-28 10:08:39 #4 type.registry] 
New type domain.Bezero

------------------------------------------------------------------------------------------------------------------------

[2020-02-28 10:22:22 #1 store] 
Database 'C:\Users\Iker\Desktop\Iker\Uni\2.maila\SI\bets2020\src\main\resources\bets.temp' has been recovered (tr. 4-4)

[2020-02-28 10:22:22 #2 store] 
Database 'C:\Users\Iker\Desktop\Iker\Uni\2.maila\SI\bets2020\src\main\resources\bets.temp' is opened by 712@MSI

[2020-02-28 10:22:22 #3 type] 
Type domain.Erabiltzaile is not enhanced.

------------------------------------------------------------------------------------------------------------------------

[2020-02-28 10:25:23 #1 store] 
Database 'C:\Users\Iker\Desktop\Iker\Uni\2.maila\SI\bets2020\src\main\resources\bets.temp' is opened by 16544@MSI

[2020-02-28 10:25:23 #2 type] 
Type domain.Erabiltzaile is not enhanced.

------------------------------------------------------------------------------------------------------------------------

[2020-02-28 10:27:01 #1 store] 
Database 'C:\Users\Iker\Desktop\Iker\Uni\2.maila\SI\bets2020\src\main\resources\bets.temp' is opened by 16436@MSI

[2020-02-28 10:27:01 #2 type] 
Type domain.Erabiltzaile is not enhanced.

------------------------------------------------------------------------------------------------------------------------

[2020-02-28 10:29:49 #1 store] 
Database 'C:\Users\Iker\Desktop\Iker\Uni\2.maila\SI\bets2020\src\main\resources\bets.temp' is opened by 12780@MSI

[2020-02-28 10:29:49 #2 type] 
Type domain.Erabiltzaile is not enhanced.

[2020-02-28 10:29:49 #3 type] 
Type domain.Bezero is not enhanced.

------------------------------------------------------------------------------------------------------------------------

[2020-02-28 10:30:20 #1 store] 
Database 'C:\Users\Iker\Desktop\Iker\Uni\2.maila\SI\bets2020\src\main\resources\bets.temp' is opened by 2952@MSI

[2020-02-28 10:30:20 #2 type.registry] 
New type domain.Erabiltzaile

[2020-02-28 10:30:20 #3 type.registry] 
New type domain.Admin

[2020-02-28 10:30:20 #4 type] 
Type domain.Erabiltzaile is not enhanced.

------------------------------------------------------------------------------------------------------------------------

[2020-02-28 10:31:49 #1 store] 
Database 'C:\Users\Iker\Desktop\Iker\Uni\2.maila\SI\bets2020\src\main\resources\bets.temp' is opened by 1400@MSI

[2020-02-28 10:31:49 #2 type.registry] 
New type domain.Erabiltzaile

[2020-02-28 10:31:49 #3 type.registry] 
New type domain.Admin

[2020-02-28 10:31:49 #4 type] 
Type domain.Erabiltzaile is not enhanced.

[2020-02-28 10:31:49 #5 type] 
Type domain.Admin is not enhanced.

[2020-02-28 10:31:49 #6 type.registry] 
New type domain.Bezero

[2020-02-28 10:31:49 #7 type] 
Type domain.Bezero is not enhanced.

[2020-02-28 10:31:49 #8 type.registry] 
New type domain.Question

[2020-02-28 10:31:49 #9 type] 
Type domain.Question is not enhanced.

[2020-02-28 10:31:49 #10 type.registry] 
New type domain.Event

[2020-02-28 10:31:49 #11 type] 
Type domain.Event is not enhanced.

[2020-02-28 10:31:49 #12 type.registry] 
New type java.util.Vector<domain.Question>

[2020-02-28 10:31:49 #13 type.registry] 
New type java.util.Vector<java.lang.Object>

------------------------------------------------------------------------------------------------------------------------

[2020-02-28 10:32:27 #1 store] 
Database 'C:\Users\Iker\Desktop\Iker\Uni\2.maila\SI\bets2020\src\main\resources\bets.temp' has been recovered (tr. 1-7)

[2020-02-28 10:32:27 #2 store] 
Database 'C:\Users\Iker\Desktop\Iker\Uni\2.maila\SI\bets2020\src\main\resources\bets.temp' is opened by 6636@MSI

[2020-02-28 10:32:27 #3 type] 
Type domain.Erabiltzaile is not enhanced.

[2020-02-28 10:32:27 #4 type] 
Type domain.Admin is not enhanced.

[2020-02-28 10:32:27 #5 type] 
Type domain.Bezero is not enhanced.

[2020-02-28 10:32:27 #6 type] 
Type domain.Question is not enhanced.

[2020-02-28 10:32:27 #7 type] 
Type domain.Event is not enhanced.

------------------------------------------------------------------------------------------------------------------------

[2020-02-28 11:09:30 #1 store] 
Database 'C:\Users\Iker\Desktop\Iker\Uni\2.maila\SI\bets2020\src\main\resources\bets.temp' is opened by 17028@MSI

[2020-02-28 11:09:30 #2 type] 
Type domain.Erabiltzaile is not enhanced.

[2020-02-28 11:09:30 #3 type] 
Type domain.Admin is not enhanced.

[2020-02-28 11:09:30 #4 type] 
Type domain.Bezero is not enhanced.

[2020-02-28 11:09:30 #5 type] 
Type domain.Question is not enhanced.

[2020-02-28 11:09:30 #6 type] 
Type domain.Event is not enhanced.

------------------------------------------------------------------------------------------------------------------------

[2020-02-28 11:10:48 #1 store] 
Database 'C:\Users\Iker\Desktop\Iker\Uni\2.maila\SI\bets2020\src\main\resources\bets.temp' is opened by 18188@MSI

[2020-02-28 11:10:48 #2 type] 
Type domain.Erabiltzaile is not enhanced.

[2020-02-28 11:10:48 #3 type] 
Type domain.Admin is not enhanced.

[2020-02-28 11:10:48 #4 type] 
Type domain.Bezero is not enhanced.

[2020-02-28 11:10:48 #5 type] 
Type domain.Question is not enhanced.

[2020-02-28 11:10:48 #6 type] 
Type domain.Event is not enhanced.

------------------------------------------------------------------------------------------------------------------------

[2020-02-28 11:14:06 #1 store] 
Database 'C:\Users\Iker\Desktop\Iker\Uni\2.maila\SI\bets2020\src\main\resources\bets.temp' is opened by 2984@MSI

[2020-02-28 11:14:06 #2 type] 
Type domain.Erabiltzaile is not enhanced.

[2020-02-28 11:14:06 #3 type] 
Type domain.Admin is not enhanced.

[2020-02-28 11:14:06 #4 type] 
Type domain.Bezero is not enhanced.

[2020-02-28 11:14:06 #5 type] 
Type domain.Question is not enhanced.

[2020-02-28 11:14:06 #6 type] 
Type domain.Event is not enhanced.

------------------------------------------------------------------------------------------------------------------------

[2020-02-28 17:09:19 #1 store] 
Database 'C:\Users\Iker\Desktop\Iker\Uni\2.maila\SI\bets2020\src\main\resources\bets.temp' is opened by 17120@MSI

[2020-02-28 17:09:19 #2 type] 
Type domain.Erabiltzaile is not enhanced.

[2020-02-28 17:09:19 #3 type] 
Type domain.Admin is not enhanced.

[2020-02-28 17:09:19 #4 type] 
Type domain.Bezero is not enhanced.

[2020-02-28 17:09:19 #5 type] 
Type domain.Question is not enhanced.

[2020-02-28 17:09:19 #6 type] 
Type domain.Event is not enhanced.

------------------------------------------------------------------------------------------------------------------------

[2020-02-28 17:30:05 #1 store] 
Database 'C:\Users\Iker\Desktop\Iker\Uni\2.maila\SI\bets2020\src\main\resources\bets.temp' is opened by 13056@MSI

[2020-02-28 17:30:05 #2 type] 
Type domain.Erabiltzaile is not enhanced.

[2020-02-28 17:30:05 #3 type] 
Type domain.Admin is not enhanced.

[2020-02-28 17:30:05 #4 type] 
Type domain.Bezero is not enhanced.

[2020-02-28 17:30:05 #5 type] 
Type domain.Question is not enhanced.

[2020-02-28 17:30:05 #6 type] 
Type domain.Event is not enhanced.

------------------------------------------------------------------------------------------------------------------------

[2020-02-28 17:31:49 #1 store] 
Database 'C:\Users\Iker\Desktop\Iker\Uni\2.maila\SI\bets2020\src\main\resources\bets.temp' is opened by 5984@MSI

[2020-02-28 17:31:50 #2 type] 
Type domain.Erabiltzaile is not enhanced.

[2020-02-28 17:31:50 #3 type] 
Type domain.Admin is not enhanced.

[2020-02-28 17:31:50 #4 type] 
Type domain.Bezero is not enhanced.

[2020-02-28 17:31:50 #5 type] 
Type domain.Question is not enhanced.

[2020-02-28 17:31:50 #6 type] 
Type domain.Event is not enhanced.

------------------------------------------------------------------------------------------------------------------------

[2020-02-28 17:32:08 #1 store] 
Database 'C:\Users\Iker\Desktop\Iker\Uni\2.maila\SI\bets2020\src\main\resources\bets.temp' is opened by 17380@MSI

[2020-02-28 17:32:09 #2 type] 
Type domain.Erabiltzaile is not enhanced.

[2020-02-28 17:32:09 #3 type] 
Type domain.Admin is not enhanced.

[2020-02-28 17:32:09 #4 type] 
Type domain.Bezero is not enhanced.

[2020-02-28 17:32:09 #5 type] 
Type domain.Question is not enhanced.

[2020-02-28 17:32:09 #6 type] 
Type domain.Event is not enhanced.

------------------------------------------------------------------------------------------------------------------------

[2020-02-28 17:57:55 #1 store] 
Database 'C:\Users\Iker\Desktop\Iker\Uni\2.maila\SI\bets2020\src\main\resources\bets.temp' is opened by 12224@MSI

[2020-02-28 17:57:55 #2 type] 
Type domain.Erabiltzaile is not enhanced.

[2020-02-28 17:57:55 #3 type] 
Type domain.Admin is not enhanced.

[2020-02-28 17:57:55 #4 type] 
Type domain.Bezero is not enhanced.

[2020-02-28 17:57:55 #5 type] 
Type domain.Question is not enhanced.

[2020-02-28 17:57:55 #6 type] 
Type domain.Event is not enhanced.

------------------------------------------------------------------------------------------------------------------------

[2020-02-28 17:59:07 #1 store] 
Database 'C:\Users\Iker\Desktop\Iker\Uni\2.maila\SI\bets2020\src\main\resources\bets.temp' is opened by 4956@MSI

[2020-02-28 17:59:07 #2 type] 
Type domain.Erabiltzaile is not enhanced.

[2020-02-28 17:59:07 #3 type] 
Type domain.Admin is not enhanced.

[2020-02-28 17:59:07 #4 type] 
Type domain.Bezero is not enhanced.

[2020-02-28 17:59:07 #5 type] 
Type domain.Question is not enhanced.

[2020-02-28 17:59:07 #6 type] 
Type domain.Event is not enhanced.

------------------------------------------------------------------------------------------------------------------------

[2020-02-28 18:00:16 #1 store] 
Database 'C:\Users\Iker\Desktop\Iker\Uni\2.maila\SI\bets2020\src\main\resources\bets.temp' is opened by 6364@MSI

[2020-02-28 18:00:16 #2 type] 
Type domain.Erabiltzaile is not enhanced.

[2020-02-28 18:00:16 #3 type] 
Type domain.Admin is not enhanced.

[2020-02-28 18:00:16 #4 type] 
Type domain.Bezero is not enhanced.

[2020-02-28 18:00:16 #5 type] 
Type domain.Question is not enhanced.

[2020-02-28 18:00:16 #6 type] 
Type domain.Event is not enhanced.

------------------------------------------------------------------------------------------------------------------------

[2020-02-28 18:01:37 #1 store] 
Database 'C:\Users\Iker\Desktop\Iker\Uni\2.maila\SI\bets2020\src\main\resources\bets.temp' is opened by 6580@MSI

[2020-02-28 18:01:37 #2 type] 
Type domain.Erabiltzaile is not enhanced.

[2020-02-28 18:01:37 #3 type] 
Type domain.Admin is not enhanced.

[2020-02-28 18:01:37 #4 type] 
Type domain.Bezero is not enhanced.

[2020-02-28 18:01:37 #5 type] 
Type domain.Question is not enhanced.

[2020-02-28 18:01:37 #6 type] 
Type domain.Event is not enhanced.

------------------------------------------------------------------------------------------------------------------------

[2020-02-28 18:01:55 #1 store] 
Database 'C:\Users\Iker\Desktop\Iker\Uni\2.maila\SI\bets2020\src\main\resources\bets.temp' is opened by 14928@MSI

[2020-02-28 18:01:55 #2 type] 
Type domain.Erabiltzaile is not enhanced.

[2020-02-28 18:01:55 #3 type] 
Type domain.Admin is not enhanced.

[2020-02-28 18:01:55 #4 type] 
Type domain.Bezero is not enhanced.

[2020-02-28 18:01:55 #5 type] 
Type domain.Question is not enhanced.

[2020-02-28 18:01:55 #6 type] 
Type domain.Event is not enhanced.

------------------------------------------------------------------------------------------------------------------------

[2020-02-28 18:08:00 #1 store] 
Database 'C:\Users\Iker\Desktop\Iker\Uni\2.maila\SI\bets2020\src\main\resources\bets.temp' is opened by 13536@MSI

[2020-02-28 18:08:00 #2 type] 
Type domain.Erabiltzaile is not enhanced.

[2020-02-28 18:08:00 #3 type] 
Type domain.Admin is not enhanced.

[2020-02-28 18:08:00 #4 type] 
Type domain.Bezero is not enhanced.

[2020-02-28 18:08:00 #5 type] 
Type domain.Question is not enhanced.

[2020-02-28 18:08:00 #6 type] 
Type domain.Event is not enhanced.

------------------------------------------------------------------------------------------------------------------------

[2020-02-28 18:09:30 #1 store] 
Database 'C:\Users\Iker\Desktop\Iker\Uni\2.maila\SI\bets2020\src\main\resources\bets.temp' is opened by 15020@MSI

[2020-02-28 18:09:30 #2 type] 
Type domain.Erabiltzaile is not enhanced.

[2020-02-28 18:09:30 #3 type] 
Type domain.Admin is not enhanced.

[2020-02-28 18:09:30 #4 type] 
Type domain.Bezero is not enhanced.

[2020-02-28 18:09:30 #5 type] 
Type domain.Question is not enhanced.

[2020-02-28 18:09:30 #6 type] 
Type domain.Event is not enhanced.

------------------------------------------------------------------------------------------------------------------------

[2020-02-28 19:24:37 #1 store] 
Database 'C:\Users\Iker\Desktop\Iker\Uni\2.maila\SI\bets2020\src\main\resources\bets.temp' is opened by 15828@MSI

[2020-02-28 19:24:37 #2 type] 
Type domain.Erabiltzaile is not enhanced.

[2020-02-28 19:24:37 #3 type] 
Type domain.Admin is not enhanced.

[2020-02-28 19:24:37 #4 type] 
Type domain.Bezero is not enhanced.

[2020-02-28 19:24:37 #5 type] 
Type domain.Question is not enhanced.

[2020-02-28 19:24:37 #6 type] 
Type domain.Event is not enhanced.

------------------------------------------------------------------------------------------------------------------------

[2020-02-28 19:27:24 #1 store] 
Database 'C:\Users\Iker\Desktop\Iker\Uni\2.maila\SI\bets2020\src\main\resources\bets.temp' is opened by 2688@MSI

[2020-02-28 19:27:24 #2 type] 
Type domain.Erabiltzaile is not enhanced.

[2020-02-28 19:27:24 #3 type] 
Type domain.Admin is not enhanced.

[2020-02-28 19:27:24 #4 type] 
Type domain.Bezero is not enhanced.

[2020-02-28 19:27:24 #5 type] 
Type domain.Question is not enhanced.

[2020-02-28 19:27:24 #6 type] 
Type domain.Event is not enhanced.

------------------------------------------------------------------------------------------------------------------------

[2020-02-28 23:58:40 #1 store] 
Database 'C:\Users\Iker\Desktop\Iker\Uni\2.maila\SI\bets2020\src\main\resources\bets.temp' is opened by 6784@MSI

[2020-02-28 23:58:40 #2 type] 
Type domain.Erabiltzaile is not enhanced.

[2020-02-28 23:58:40 #3 type] 
Type domain.Admin is not enhanced.

[2020-02-28 23:58:40 #4 type] 
Type domain.Bezero is not enhanced.

[2020-02-28 23:58:40 #5 type] 
Type domain.Question is not enhanced.

[2020-02-28 23:58:40 #6 type] 
Type domain.Event is not enhanced.

